{"timestamp":"2026-03-03T02:39:49.791705Z","level":"info","event":"Filling up the DagBag from /opt/airflow/dags/ETL_Step_1_DynamoDB_S3.py","logger":"airflow.models.dagbag.DagBag","filename":"dagbag.py","lineno":593}
{"timestamp":"2026-03-03T02:39:55.866320Z","level":"info","event":"Found credentials in shared credentials file: ~/.aws/credentials","logger":"botocore.credentials","filename":"credentials.py","lineno":1364}
{"timestamp":"2026-03-03T02:39:56.216768Z","level":"warning","event":"The `airflow.decorators.task` attribute is deprecated. Please use `'airflow.sdk.task'`.","category":"DeprecatedImportWarning","filename":"/opt/airflow/dags/ETL_Step_1_DynamoDB_S3.py","lineno":10,"logger":"py.warnings"}
{"timestamp":"2026-03-03T02:39:56.216893Z","level":"warning","event":"The `airflow.operators.python.get_current_context` attribute is deprecated. Please use `'airflow.sdk.get_current_context'`.","category":"DeprecatedImportWarning","filename":"/opt/airflow/dags/ETL_Step_1_DynamoDB_S3.py","lineno":12,"logger":"py.warnings"}
{"timestamp":"2026-03-03T02:40:26.644906Z","level":"info","event":"Filling up the DagBag from /opt/airflow/dags/ETL_Step_1_DynamoDB_S3.py","logger":"airflow.models.dagbag.DagBag","filename":"dagbag.py","lineno":593}
{"timestamp":"2026-03-03T02:40:27.391912Z","level":"info","event":"Found credentials in shared credentials file: ~/.aws/credentials","logger":"botocore.credentials","filename":"credentials.py","lineno":1364}
{"timestamp":"2026-03-03T02:40:27.673606Z","level":"warning","event":"The `airflow.decorators.task` attribute is deprecated. Please use `'airflow.sdk.task'`.","category":"DeprecatedImportWarning","filename":"/opt/airflow/dags/ETL_Step_1_DynamoDB_S3.py","lineno":10,"logger":"py.warnings"}
{"timestamp":"2026-03-03T02:40:27.673861Z","level":"warning","event":"The `airflow.operators.python.get_current_context` attribute is deprecated. Please use `'airflow.sdk.get_current_context'`.","category":"DeprecatedImportWarning","filename":"/opt/airflow/dags/ETL_Step_1_DynamoDB_S3.py","lineno":12,"logger":"py.warnings"}
{"timestamp":"2026-03-03T02:40:58.301550Z","level":"info","event":"Filling up the DagBag from /opt/airflow/dags/ETL_Step_1_DynamoDB_S3.py","logger":"airflow.models.dagbag.DagBag","filename":"dagbag.py","lineno":593}
{"timestamp":"2026-03-03T02:40:58.900490Z","level":"info","event":"Found credentials in shared credentials file: ~/.aws/credentials","logger":"botocore.credentials","filename":"credentials.py","lineno":1364}
{"timestamp":"2026-03-03T02:40:59.214853Z","level":"warning","event":"The `airflow.decorators.task` attribute is deprecated. Please use `'airflow.sdk.task'`.","category":"DeprecatedImportWarning","filename":"/opt/airflow/dags/ETL_Step_1_DynamoDB_S3.py","lineno":10,"logger":"py.warnings"}
{"timestamp":"2026-03-03T02:40:59.215031Z","level":"warning","event":"The `airflow.operators.python.get_current_context` attribute is deprecated. Please use `'airflow.sdk.get_current_context'`.","category":"DeprecatedImportWarning","filename":"/opt/airflow/dags/ETL_Step_1_DynamoDB_S3.py","lineno":12,"logger":"py.warnings"}
{"timestamp":"2026-03-03T02:41:29.617290Z","level":"info","event":"Filling up the DagBag from /opt/airflow/dags/ETL_Step_1_DynamoDB_S3.py","logger":"airflow.models.dagbag.DagBag","filename":"dagbag.py","lineno":593}
{"timestamp":"2026-03-03T02:41:30.143134Z","level":"info","event":"Found credentials in shared credentials file: ~/.aws/credentials","logger":"botocore.credentials","filename":"credentials.py","lineno":1364}
{"timestamp":"2026-03-03T02:41:30.470803Z","level":"warning","event":"The `airflow.decorators.task` attribute is deprecated. Please use `'airflow.sdk.task'`.","category":"DeprecatedImportWarning","filename":"/opt/airflow/dags/ETL_Step_1_DynamoDB_S3.py","lineno":10,"logger":"py.warnings"}
{"timestamp":"2026-03-03T02:41:30.470951Z","level":"warning","event":"The `airflow.operators.python.get_current_context` attribute is deprecated. Please use `'airflow.sdk.get_current_context'`.","category":"DeprecatedImportWarning","filename":"/opt/airflow/dags/ETL_Step_1_DynamoDB_S3.py","lineno":12,"logger":"py.warnings"}
{"timestamp":"2026-03-03T02:42:00.920978Z","level":"info","event":"Filling up the DagBag from /opt/airflow/dags/ETL_Step_1_DynamoDB_S3.py","logger":"airflow.models.dagbag.DagBag","filename":"dagbag.py","lineno":593}
{"timestamp":"2026-03-03T02:42:01.465638Z","level":"info","event":"Found credentials in shared credentials file: ~/.aws/credentials","logger":"botocore.credentials","filename":"credentials.py","lineno":1364}
{"timestamp":"2026-03-03T02:42:01.755664Z","level":"warning","event":"The `airflow.decorators.task` attribute is deprecated. Please use `'airflow.sdk.task'`.","category":"DeprecatedImportWarning","filename":"/opt/airflow/dags/ETL_Step_1_DynamoDB_S3.py","lineno":10,"logger":"py.warnings"}
{"timestamp":"2026-03-03T02:42:01.755808Z","level":"warning","event":"The `airflow.operators.python.get_current_context` attribute is deprecated. Please use `'airflow.sdk.get_current_context'`.","category":"DeprecatedImportWarning","filename":"/opt/airflow/dags/ETL_Step_1_DynamoDB_S3.py","lineno":12,"logger":"py.warnings"}
{"timestamp":"2026-03-03T02:42:32.175581Z","level":"info","event":"Filling up the DagBag from /opt/airflow/dags/ETL_Step_1_DynamoDB_S3.py","logger":"airflow.models.dagbag.DagBag","filename":"dagbag.py","lineno":593}
{"timestamp":"2026-03-03T02:42:32.761909Z","level":"info","event":"Found credentials in shared credentials file: ~/.aws/credentials","logger":"botocore.credentials","filename":"credentials.py","lineno":1364}
{"timestamp":"2026-03-03T02:42:33.063172Z","level":"warning","event":"The `airflow.decorators.task` attribute is deprecated. Please use `'airflow.sdk.task'`.","category":"DeprecatedImportWarning","filename":"/opt/airflow/dags/ETL_Step_1_DynamoDB_S3.py","lineno":10,"logger":"py.warnings"}
{"timestamp":"2026-03-03T02:42:33.063275Z","level":"warning","event":"The `airflow.operators.python.get_current_context` attribute is deprecated. Please use `'airflow.sdk.get_current_context'`.","category":"DeprecatedImportWarning","filename":"/opt/airflow/dags/ETL_Step_1_DynamoDB_S3.py","lineno":12,"logger":"py.warnings"}
{"timestamp":"2026-03-03T02:43:03.462588Z","level":"info","event":"Filling up the DagBag from /opt/airflow/dags/ETL_Step_1_DynamoDB_S3.py","logger":"airflow.models.dagbag.DagBag","filename":"dagbag.py","lineno":593}
{"timestamp":"2026-03-03T02:43:03.981600Z","level":"info","event":"Found credentials in shared credentials file: ~/.aws/credentials","logger":"botocore.credentials","filename":"credentials.py","lineno":1364}
{"timestamp":"2026-03-03T02:43:04.272824Z","level":"warning","event":"The `airflow.decorators.task` attribute is deprecated. Please use `'airflow.sdk.task'`.","category":"DeprecatedImportWarning","filename":"/opt/airflow/dags/ETL_Step_1_DynamoDB_S3.py","lineno":10,"logger":"py.warnings"}
{"timestamp":"2026-03-03T02:43:04.272967Z","level":"warning","event":"The `airflow.operators.python.get_current_context` attribute is deprecated. Please use `'airflow.sdk.get_current_context'`.","category":"DeprecatedImportWarning","filename":"/opt/airflow/dags/ETL_Step_1_DynamoDB_S3.py","lineno":12,"logger":"py.warnings"}
{"timestamp":"2026-03-03T02:43:34.666884Z","level":"info","event":"Filling up the DagBag from /opt/airflow/dags/ETL_Step_1_DynamoDB_S3.py","logger":"airflow.models.dagbag.DagBag","filename":"dagbag.py","lineno":593}
{"timestamp":"2026-03-03T02:43:35.232468Z","level":"info","event":"Found credentials in shared credentials file: ~/.aws/credentials","logger":"botocore.credentials","filename":"credentials.py","lineno":1364}
{"timestamp":"2026-03-03T02:43:35.506974Z","level":"warning","event":"The `airflow.decorators.task` attribute is deprecated. Please use `'airflow.sdk.task'`.","category":"DeprecatedImportWarning","filename":"/opt/airflow/dags/ETL_Step_1_DynamoDB_S3.py","lineno":10,"logger":"py.warnings"}
{"timestamp":"2026-03-03T02:43:35.507061Z","level":"warning","event":"The `airflow.operators.python.get_current_context` attribute is deprecated. Please use `'airflow.sdk.get_current_context'`.","category":"DeprecatedImportWarning","filename":"/opt/airflow/dags/ETL_Step_1_DynamoDB_S3.py","lineno":12,"logger":"py.warnings"}
{"timestamp":"2026-03-03T02:44:05.837984Z","level":"info","event":"Filling up the DagBag from /opt/airflow/dags/ETL_Step_1_DynamoDB_S3.py","logger":"airflow.models.dagbag.DagBag","filename":"dagbag.py","lineno":593}
{"timestamp":"2026-03-03T02:44:06.360852Z","level":"info","event":"Found credentials in shared credentials file: ~/.aws/credentials","logger":"botocore.credentials","filename":"credentials.py","lineno":1364}
{"timestamp":"2026-03-03T02:44:06.627083Z","level":"warning","event":"The `airflow.decorators.task` attribute is deprecated. Please use `'airflow.sdk.task'`.","category":"DeprecatedImportWarning","filename":"/opt/airflow/dags/ETL_Step_1_DynamoDB_S3.py","lineno":10,"logger":"py.warnings"}
{"timestamp":"2026-03-03T02:44:06.627208Z","level":"warning","event":"The `airflow.operators.python.get_current_context` attribute is deprecated. Please use `'airflow.sdk.get_current_context'`.","category":"DeprecatedImportWarning","filename":"/opt/airflow/dags/ETL_Step_1_DynamoDB_S3.py","lineno":12,"logger":"py.warnings"}
{"timestamp":"2026-03-03T02:44:37.008051Z","level":"info","event":"Filling up the DagBag from /opt/airflow/dags/ETL_Step_1_DynamoDB_S3.py","logger":"airflow.models.dagbag.DagBag","filename":"dagbag.py","lineno":593}
{"timestamp":"2026-03-03T02:44:37.685198Z","level":"info","event":"Found credentials in shared credentials file: ~/.aws/credentials","logger":"botocore.credentials","filename":"credentials.py","lineno":1364}
{"timestamp":"2026-03-03T02:44:37.803443Z","level":"warning","event":"The `airflow.decorators.task` attribute is deprecated. Please use `'airflow.sdk.task'`.","category":"DeprecatedImportWarning","filename":"/opt/airflow/dags/ETL_Step_1_DynamoDB_S3.py","lineno":10,"logger":"py.warnings"}
{"timestamp":"2026-03-03T02:44:37.803575Z","level":"warning","event":"The `airflow.operators.python.get_current_context` attribute is deprecated. Please use `'airflow.sdk.get_current_context'`.","category":"DeprecatedImportWarning","filename":"/opt/airflow/dags/ETL_Step_1_DynamoDB_S3.py","lineno":12,"logger":"py.warnings"}
{"timestamp":"2026-03-03T02:45:08.219374Z","level":"info","event":"Filling up the DagBag from /opt/airflow/dags/ETL_Step_1_DynamoDB_S3.py","logger":"airflow.models.dagbag.DagBag","filename":"dagbag.py","lineno":593}
{"timestamp":"2026-03-03T02:45:08.737721Z","level":"info","event":"Found credentials in shared credentials file: ~/.aws/credentials","logger":"botocore.credentials","filename":"credentials.py","lineno":1364}
{"timestamp":"2026-03-03T02:45:09.005910Z","level":"warning","event":"The `airflow.decorators.task` attribute is deprecated. Please use `'airflow.sdk.task'`.","category":"DeprecatedImportWarning","filename":"/opt/airflow/dags/ETL_Step_1_DynamoDB_S3.py","lineno":10,"logger":"py.warnings"}
{"timestamp":"2026-03-03T02:45:09.005999Z","level":"warning","event":"The `airflow.operators.python.get_current_context` attribute is deprecated. Please use `'airflow.sdk.get_current_context'`.","category":"DeprecatedImportWarning","filename":"/opt/airflow/dags/ETL_Step_1_DynamoDB_S3.py","lineno":12,"logger":"py.warnings"}
{"timestamp":"2026-03-03T02:45:39.376716Z","level":"info","event":"Filling up the DagBag from /opt/airflow/dags/ETL_Step_1_DynamoDB_S3.py","logger":"airflow.models.dagbag.DagBag","filename":"dagbag.py","lineno":593}
{"timestamp":"2026-03-03T02:45:40.061597Z","level":"info","event":"Found credentials in shared credentials file: ~/.aws/credentials","logger":"botocore.credentials","filename":"credentials.py","lineno":1364}
{"timestamp":"2026-03-03T02:45:40.179860Z","level":"warning","event":"The `airflow.decorators.task` attribute is deprecated. Please use `'airflow.sdk.task'`.","category":"DeprecatedImportWarning","filename":"/opt/airflow/dags/ETL_Step_1_DynamoDB_S3.py","lineno":10,"logger":"py.warnings"}
{"timestamp":"2026-03-03T02:45:40.179965Z","level":"warning","event":"The `airflow.operators.python.get_current_context` attribute is deprecated. Please use `'airflow.sdk.get_current_context'`.","category":"DeprecatedImportWarning","filename":"/opt/airflow/dags/ETL_Step_1_DynamoDB_S3.py","lineno":12,"logger":"py.warnings"}
{"timestamp":"2026-03-03T02:46:10.589502Z","level":"info","event":"Filling up the DagBag from /opt/airflow/dags/ETL_Step_1_DynamoDB_S3.py","logger":"airflow.models.dagbag.DagBag","filename":"dagbag.py","lineno":593}
{"timestamp":"2026-03-03T02:46:11.101578Z","level":"info","event":"Found credentials in shared credentials file: ~/.aws/credentials","logger":"botocore.credentials","filename":"credentials.py","lineno":1364}
{"timestamp":"2026-03-03T02:46:11.371394Z","level":"warning","event":"The `airflow.decorators.task` attribute is deprecated. Please use `'airflow.sdk.task'`.","category":"DeprecatedImportWarning","filename":"/opt/airflow/dags/ETL_Step_1_DynamoDB_S3.py","lineno":10,"logger":"py.warnings"}
{"timestamp":"2026-03-03T02:46:11.371535Z","level":"warning","event":"The `airflow.operators.python.get_current_context` attribute is deprecated. Please use `'airflow.sdk.get_current_context'`.","category":"DeprecatedImportWarning","filename":"/opt/airflow/dags/ETL_Step_1_DynamoDB_S3.py","lineno":12,"logger":"py.warnings"}
{"timestamp":"2026-03-03T02:46:41.749370Z","level":"info","event":"Filling up the DagBag from /opt/airflow/dags/ETL_Step_1_DynamoDB_S3.py","logger":"airflow.models.dagbag.DagBag","filename":"dagbag.py","lineno":593}
{"timestamp":"2026-03-03T02:46:42.445894Z","level":"info","event":"Found credentials in shared credentials file: ~/.aws/credentials","logger":"botocore.credentials","filename":"credentials.py","lineno":1364}
{"timestamp":"2026-03-03T02:46:42.565980Z","level":"warning","event":"The `airflow.decorators.task` attribute is deprecated. Please use `'airflow.sdk.task'`.","category":"DeprecatedImportWarning","filename":"/opt/airflow/dags/ETL_Step_1_DynamoDB_S3.py","lineno":10,"logger":"py.warnings"}
{"timestamp":"2026-03-03T02:46:42.566082Z","level":"warning","event":"The `airflow.operators.python.get_current_context` attribute is deprecated. Please use `'airflow.sdk.get_current_context'`.","category":"DeprecatedImportWarning","filename":"/opt/airflow/dags/ETL_Step_1_DynamoDB_S3.py","lineno":12,"logger":"py.warnings"}
{"timestamp":"2026-03-03T02:47:12.922938Z","level":"info","event":"Filling up the DagBag from /opt/airflow/dags/ETL_Step_1_DynamoDB_S3.py","logger":"airflow.models.dagbag.DagBag","filename":"dagbag.py","lineno":593}
{"timestamp":"2026-03-03T02:47:13.520117Z","level":"info","event":"Found credentials in shared credentials file: ~/.aws/credentials","logger":"botocore.credentials","filename":"credentials.py","lineno":1364}
{"timestamp":"2026-03-03T02:47:13.796531Z","level":"warning","event":"The `airflow.decorators.task` attribute is deprecated. Please use `'airflow.sdk.task'`.","category":"DeprecatedImportWarning","filename":"/opt/airflow/dags/ETL_Step_1_DynamoDB_S3.py","lineno":10,"logger":"py.warnings"}
{"timestamp":"2026-03-03T02:47:13.796659Z","level":"warning","event":"The `airflow.operators.python.get_current_context` attribute is deprecated. Please use `'airflow.sdk.get_current_context'`.","category":"DeprecatedImportWarning","filename":"/opt/airflow/dags/ETL_Step_1_DynamoDB_S3.py","lineno":12,"logger":"py.warnings"}
{"timestamp":"2026-03-03T02:47:44.106854Z","level":"info","event":"Filling up the DagBag from /opt/airflow/dags/ETL_Step_1_DynamoDB_S3.py","logger":"airflow.models.dagbag.DagBag","filename":"dagbag.py","lineno":593}
{"timestamp":"2026-03-03T02:47:44.785317Z","level":"info","event":"Found credentials in shared credentials file: ~/.aws/credentials","logger":"botocore.credentials","filename":"credentials.py","lineno":1364}
{"timestamp":"2026-03-03T02:47:44.895523Z","level":"warning","event":"The `airflow.decorators.task` attribute is deprecated. Please use `'airflow.sdk.task'`.","category":"DeprecatedImportWarning","filename":"/opt/airflow/dags/ETL_Step_1_DynamoDB_S3.py","lineno":10,"logger":"py.warnings"}
{"timestamp":"2026-03-03T02:47:44.895651Z","level":"warning","event":"The `airflow.operators.python.get_current_context` attribute is deprecated. Please use `'airflow.sdk.get_current_context'`.","category":"DeprecatedImportWarning","filename":"/opt/airflow/dags/ETL_Step_1_DynamoDB_S3.py","lineno":12,"logger":"py.warnings"}
{"timestamp":"2026-03-03T02:48:15.286261Z","level":"info","event":"Filling up the DagBag from /opt/airflow/dags/ETL_Step_1_DynamoDB_S3.py","logger":"airflow.models.dagbag.DagBag","filename":"dagbag.py","lineno":593}
{"timestamp":"2026-03-03T02:48:15.825943Z","level":"info","event":"Found credentials in shared credentials file: ~/.aws/credentials","logger":"botocore.credentials","filename":"credentials.py","lineno":1364}
{"timestamp":"2026-03-03T02:48:16.147797Z","level":"warning","event":"The `airflow.decorators.task` attribute is deprecated. Please use `'airflow.sdk.task'`.","category":"DeprecatedImportWarning","filename":"/opt/airflow/dags/ETL_Step_1_DynamoDB_S3.py","lineno":10,"logger":"py.warnings"}
{"timestamp":"2026-03-03T02:48:16.147910Z","level":"warning","event":"The `airflow.operators.python.get_current_context` attribute is deprecated. Please use `'airflow.sdk.get_current_context'`.","category":"DeprecatedImportWarning","filename":"/opt/airflow/dags/ETL_Step_1_DynamoDB_S3.py","lineno":12,"logger":"py.warnings"}
{"timestamp":"2026-03-03T02:48:46.542976Z","level":"info","event":"Filling up the DagBag from /opt/airflow/dags/ETL_Step_1_DynamoDB_S3.py","logger":"airflow.models.dagbag.DagBag","filename":"dagbag.py","lineno":593}
{"timestamp":"2026-03-03T02:48:47.318433Z","level":"info","event":"Found credentials in shared credentials file: ~/.aws/credentials","logger":"botocore.credentials","filename":"credentials.py","lineno":1364}
{"timestamp":"2026-03-03T02:48:47.442068Z","level":"warning","event":"The `airflow.decorators.task` attribute is deprecated. Please use `'airflow.sdk.task'`.","category":"DeprecatedImportWarning","filename":"/opt/airflow/dags/ETL_Step_1_DynamoDB_S3.py","lineno":10,"logger":"py.warnings"}
{"timestamp":"2026-03-03T02:48:47.442208Z","level":"warning","event":"The `airflow.operators.python.get_current_context` attribute is deprecated. Please use `'airflow.sdk.get_current_context'`.","category":"DeprecatedImportWarning","filename":"/opt/airflow/dags/ETL_Step_1_DynamoDB_S3.py","lineno":12,"logger":"py.warnings"}
{"timestamp":"2026-03-03T02:49:17.853177Z","level":"info","event":"Filling up the DagBag from /opt/airflow/dags/ETL_Step_1_DynamoDB_S3.py","logger":"airflow.models.dagbag.DagBag","filename":"dagbag.py","lineno":593}
{"timestamp":"2026-03-03T02:49:18.413076Z","level":"info","event":"Found credentials in shared credentials file: ~/.aws/credentials","logger":"botocore.credentials","filename":"credentials.py","lineno":1364}
{"timestamp":"2026-03-03T02:49:18.713155Z","level":"warning","event":"The `airflow.decorators.task` attribute is deprecated. Please use `'airflow.sdk.task'`.","category":"DeprecatedImportWarning","filename":"/opt/airflow/dags/ETL_Step_1_DynamoDB_S3.py","lineno":10,"logger":"py.warnings"}
{"timestamp":"2026-03-03T02:49:18.713317Z","level":"warning","event":"The `airflow.operators.python.get_current_context` attribute is deprecated. Please use `'airflow.sdk.get_current_context'`.","category":"DeprecatedImportWarning","filename":"/opt/airflow/dags/ETL_Step_1_DynamoDB_S3.py","lineno":12,"logger":"py.warnings"}
{"timestamp":"2026-03-03T02:49:49.130914Z","level":"info","event":"Filling up the DagBag from /opt/airflow/dags/ETL_Step_1_DynamoDB_S3.py","logger":"airflow.models.dagbag.DagBag","filename":"dagbag.py","lineno":593}
{"timestamp":"2026-03-03T02:49:49.861060Z","level":"info","event":"Found credentials in shared credentials file: ~/.aws/credentials","logger":"botocore.credentials","filename":"credentials.py","lineno":1364}
{"timestamp":"2026-03-03T02:49:49.981713Z","level":"warning","event":"The `airflow.decorators.task` attribute is deprecated. Please use `'airflow.sdk.task'`.","category":"DeprecatedImportWarning","filename":"/opt/airflow/dags/ETL_Step_1_DynamoDB_S3.py","lineno":10,"logger":"py.warnings"}
{"timestamp":"2026-03-03T02:49:49.981807Z","level":"warning","event":"The `airflow.operators.python.get_current_context` attribute is deprecated. Please use `'airflow.sdk.get_current_context'`.","category":"DeprecatedImportWarning","filename":"/opt/airflow/dags/ETL_Step_1_DynamoDB_S3.py","lineno":12,"logger":"py.warnings"}
{"timestamp":"2026-03-03T02:50:20.330517Z","level":"info","event":"Filling up the DagBag from /opt/airflow/dags/ETL_Step_1_DynamoDB_S3.py","logger":"airflow.models.dagbag.DagBag","filename":"dagbag.py","lineno":593}
{"timestamp":"2026-03-03T02:50:20.910615Z","level":"info","event":"Found credentials in shared credentials file: ~/.aws/credentials","logger":"botocore.credentials","filename":"credentials.py","lineno":1364}
{"timestamp":"2026-03-03T02:50:21.179844Z","level":"warning","event":"The `airflow.decorators.task` attribute is deprecated. Please use `'airflow.sdk.task'`.","category":"DeprecatedImportWarning","filename":"/opt/airflow/dags/ETL_Step_1_DynamoDB_S3.py","lineno":10,"logger":"py.warnings"}
{"timestamp":"2026-03-03T02:50:21.179977Z","level":"warning","event":"The `airflow.operators.python.get_current_context` attribute is deprecated. Please use `'airflow.sdk.get_current_context'`.","category":"DeprecatedImportWarning","filename":"/opt/airflow/dags/ETL_Step_1_DynamoDB_S3.py","lineno":12,"logger":"py.warnings"}
{"timestamp":"2026-03-03T02:50:51.565152Z","level":"info","event":"Filling up the DagBag from /opt/airflow/dags/ETL_Step_1_DynamoDB_S3.py","logger":"airflow.models.dagbag.DagBag","filename":"dagbag.py","lineno":593}
{"timestamp":"2026-03-03T02:50:52.295515Z","level":"info","event":"Found credentials in shared credentials file: ~/.aws/credentials","logger":"botocore.credentials","filename":"credentials.py","lineno":1364}
{"timestamp":"2026-03-03T02:50:52.410633Z","level":"warning","event":"The `airflow.decorators.task` attribute is deprecated. Please use `'airflow.sdk.task'`.","category":"DeprecatedImportWarning","filename":"/opt/airflow/dags/ETL_Step_1_DynamoDB_S3.py","lineno":10,"logger":"py.warnings"}
{"timestamp":"2026-03-03T02:50:52.410728Z","level":"warning","event":"The `airflow.operators.python.get_current_context` attribute is deprecated. Please use `'airflow.sdk.get_current_context'`.","category":"DeprecatedImportWarning","filename":"/opt/airflow/dags/ETL_Step_1_DynamoDB_S3.py","lineno":12,"logger":"py.warnings"}
{"timestamp":"2026-03-03T02:51:22.798778Z","level":"info","event":"Filling up the DagBag from /opt/airflow/dags/ETL_Step_1_DynamoDB_S3.py","logger":"airflow.models.dagbag.DagBag","filename":"dagbag.py","lineno":593}
{"timestamp":"2026-03-03T02:51:23.338450Z","level":"info","event":"Found credentials in shared credentials file: ~/.aws/credentials","logger":"botocore.credentials","filename":"credentials.py","lineno":1364}
{"timestamp":"2026-03-03T02:51:23.595985Z","level":"warning","event":"The `airflow.decorators.task` attribute is deprecated. Please use `'airflow.sdk.task'`.","category":"DeprecatedImportWarning","filename":"/opt/airflow/dags/ETL_Step_1_DynamoDB_S3.py","lineno":10,"logger":"py.warnings"}
{"timestamp":"2026-03-03T02:51:23.596113Z","level":"warning","event":"The `airflow.operators.python.get_current_context` attribute is deprecated. Please use `'airflow.sdk.get_current_context'`.","category":"DeprecatedImportWarning","filename":"/opt/airflow/dags/ETL_Step_1_DynamoDB_S3.py","lineno":12,"logger":"py.warnings"}
{"timestamp":"2026-03-03T02:51:53.956106Z","level":"info","event":"Filling up the DagBag from /opt/airflow/dags/ETL_Step_1_DynamoDB_S3.py","logger":"airflow.models.dagbag.DagBag","filename":"dagbag.py","lineno":593}
{"timestamp":"2026-03-03T02:51:54.693416Z","level":"info","event":"Found credentials in shared credentials file: ~/.aws/credentials","logger":"botocore.credentials","filename":"credentials.py","lineno":1364}
{"timestamp":"2026-03-03T02:51:54.811153Z","level":"warning","event":"The `airflow.decorators.task` attribute is deprecated. Please use `'airflow.sdk.task'`.","category":"DeprecatedImportWarning","filename":"/opt/airflow/dags/ETL_Step_1_DynamoDB_S3.py","lineno":10,"logger":"py.warnings"}
{"timestamp":"2026-03-03T02:51:54.811416Z","level":"warning","event":"The `airflow.operators.python.get_current_context` attribute is deprecated. Please use `'airflow.sdk.get_current_context'`.","category":"DeprecatedImportWarning","filename":"/opt/airflow/dags/ETL_Step_1_DynamoDB_S3.py","lineno":12,"logger":"py.warnings"}
{"timestamp":"2026-03-03T02:52:25.232698Z","level":"info","event":"Filling up the DagBag from /opt/airflow/dags/ETL_Step_1_DynamoDB_S3.py","logger":"airflow.models.dagbag.DagBag","filename":"dagbag.py","lineno":593}
{"timestamp":"2026-03-03T02:52:25.875185Z","level":"info","event":"Found credentials in shared credentials file: ~/.aws/credentials","logger":"botocore.credentials","filename":"credentials.py","lineno":1364}
{"timestamp":"2026-03-03T02:52:25.979734Z","level":"warning","event":"The `airflow.decorators.task` attribute is deprecated. Please use `'airflow.sdk.task'`.","category":"DeprecatedImportWarning","filename":"/opt/airflow/dags/ETL_Step_1_DynamoDB_S3.py","lineno":10,"logger":"py.warnings"}
{"timestamp":"2026-03-03T02:52:25.979875Z","level":"warning","event":"The `airflow.operators.python.get_current_context` attribute is deprecated. Please use `'airflow.sdk.get_current_context'`.","category":"DeprecatedImportWarning","filename":"/opt/airflow/dags/ETL_Step_1_DynamoDB_S3.py","lineno":12,"logger":"py.warnings"}
{"timestamp":"2026-03-03T02:52:56.371016Z","level":"info","event":"Filling up the DagBag from /opt/airflow/dags/ETL_Step_1_DynamoDB_S3.py","logger":"airflow.models.dagbag.DagBag","filename":"dagbag.py","lineno":593}
{"timestamp":"2026-03-03T02:52:57.059893Z","level":"info","event":"Found credentials in shared credentials file: ~/.aws/credentials","logger":"botocore.credentials","filename":"credentials.py","lineno":1364}
{"timestamp":"2026-03-03T02:52:57.176041Z","level":"warning","event":"The `airflow.decorators.task` attribute is deprecated. Please use `'airflow.sdk.task'`.","category":"DeprecatedImportWarning","filename":"/opt/airflow/dags/ETL_Step_1_DynamoDB_S3.py","lineno":10,"logger":"py.warnings"}
{"timestamp":"2026-03-03T02:52:57.176166Z","level":"warning","event":"The `airflow.operators.python.get_current_context` attribute is deprecated. Please use `'airflow.sdk.get_current_context'`.","category":"DeprecatedImportWarning","filename":"/opt/airflow/dags/ETL_Step_1_DynamoDB_S3.py","lineno":12,"logger":"py.warnings"}
{"timestamp":"2026-03-03T02:53:27.552083Z","level":"info","event":"Filling up the DagBag from /opt/airflow/dags/ETL_Step_1_DynamoDB_S3.py","logger":"airflow.models.dagbag.DagBag","filename":"dagbag.py","lineno":593}
{"timestamp":"2026-03-03T02:53:28.233498Z","level":"info","event":"Found credentials in shared credentials file: ~/.aws/credentials","logger":"botocore.credentials","filename":"credentials.py","lineno":1364}
{"timestamp":"2026-03-03T02:53:28.346018Z","level":"warning","event":"The `airflow.decorators.task` attribute is deprecated. Please use `'airflow.sdk.task'`.","category":"DeprecatedImportWarning","filename":"/opt/airflow/dags/ETL_Step_1_DynamoDB_S3.py","lineno":10,"logger":"py.warnings"}
{"timestamp":"2026-03-03T02:53:28.346147Z","level":"warning","event":"The `airflow.operators.python.get_current_context` attribute is deprecated. Please use `'airflow.sdk.get_current_context'`.","category":"DeprecatedImportWarning","filename":"/opt/airflow/dags/ETL_Step_1_DynamoDB_S3.py","lineno":12,"logger":"py.warnings"}
{"timestamp":"2026-03-03T02:53:58.731484Z","level":"info","event":"Filling up the DagBag from /opt/airflow/dags/ETL_Step_1_DynamoDB_S3.py","logger":"airflow.models.dagbag.DagBag","filename":"dagbag.py","lineno":593}
{"timestamp":"2026-03-03T02:53:59.416821Z","level":"info","event":"Found credentials in shared credentials file: ~/.aws/credentials","logger":"botocore.credentials","filename":"credentials.py","lineno":1364}
{"timestamp":"2026-03-03T02:53:59.545078Z","level":"warning","event":"The `airflow.decorators.task` attribute is deprecated. Please use `'airflow.sdk.task'`.","category":"DeprecatedImportWarning","filename":"/opt/airflow/dags/ETL_Step_1_DynamoDB_S3.py","lineno":10,"logger":"py.warnings"}
{"timestamp":"2026-03-03T02:53:59.545241Z","level":"warning","event":"The `airflow.operators.python.get_current_context` attribute is deprecated. Please use `'airflow.sdk.get_current_context'`.","category":"DeprecatedImportWarning","filename":"/opt/airflow/dags/ETL_Step_1_DynamoDB_S3.py","lineno":12,"logger":"py.warnings"}
{"timestamp":"2026-03-03T02:54:29.927648Z","level":"info","event":"Filling up the DagBag from /opt/airflow/dags/ETL_Step_1_DynamoDB_S3.py","logger":"airflow.models.dagbag.DagBag","filename":"dagbag.py","lineno":593}
{"timestamp":"2026-03-03T02:54:30.577859Z","level":"info","event":"Found credentials in shared credentials file: ~/.aws/credentials","logger":"botocore.credentials","filename":"credentials.py","lineno":1364}
{"timestamp":"2026-03-03T02:54:30.708152Z","level":"warning","event":"The `airflow.decorators.task` attribute is deprecated. Please use `'airflow.sdk.task'`.","category":"DeprecatedImportWarning","filename":"/opt/airflow/dags/ETL_Step_1_DynamoDB_S3.py","lineno":10,"logger":"py.warnings"}
{"timestamp":"2026-03-03T02:54:30.708365Z","level":"warning","event":"The `airflow.operators.python.get_current_context` attribute is deprecated. Please use `'airflow.sdk.get_current_context'`.","category":"DeprecatedImportWarning","filename":"/opt/airflow/dags/ETL_Step_1_DynamoDB_S3.py","lineno":12,"logger":"py.warnings"}
{"timestamp":"2026-03-03T02:55:01.120836Z","level":"info","event":"Filling up the DagBag from /opt/airflow/dags/ETL_Step_1_DynamoDB_S3.py","logger":"airflow.models.dagbag.DagBag","filename":"dagbag.py","lineno":593}
{"timestamp":"2026-03-03T02:55:01.800276Z","level":"info","event":"Found credentials in shared credentials file: ~/.aws/credentials","logger":"botocore.credentials","filename":"credentials.py","lineno":1364}
{"timestamp":"2026-03-03T02:55:01.930920Z","level":"warning","event":"The `airflow.decorators.task` attribute is deprecated. Please use `'airflow.sdk.task'`.","category":"DeprecatedImportWarning","filename":"/opt/airflow/dags/ETL_Step_1_DynamoDB_S3.py","lineno":10,"logger":"py.warnings"}
{"timestamp":"2026-03-03T02:55:01.931118Z","level":"warning","event":"The `airflow.operators.python.get_current_context` attribute is deprecated. Please use `'airflow.sdk.get_current_context'`.","category":"DeprecatedImportWarning","filename":"/opt/airflow/dags/ETL_Step_1_DynamoDB_S3.py","lineno":12,"logger":"py.warnings"}
{"timestamp":"2026-03-03T02:55:32.316498Z","level":"info","event":"Filling up the DagBag from /opt/airflow/dags/ETL_Step_1_DynamoDB_S3.py","logger":"airflow.models.dagbag.DagBag","filename":"dagbag.py","lineno":593}
{"timestamp":"2026-03-03T02:55:33.055392Z","level":"info","event":"Found credentials in shared credentials file: ~/.aws/credentials","logger":"botocore.credentials","filename":"credentials.py","lineno":1364}
{"timestamp":"2026-03-03T02:55:33.178314Z","level":"warning","event":"The `airflow.decorators.task` attribute is deprecated. Please use `'airflow.sdk.task'`.","category":"DeprecatedImportWarning","filename":"/opt/airflow/dags/ETL_Step_1_DynamoDB_S3.py","lineno":10,"logger":"py.warnings"}
{"timestamp":"2026-03-03T02:55:33.178434Z","level":"warning","event":"The `airflow.operators.python.get_current_context` attribute is deprecated. Please use `'airflow.sdk.get_current_context'`.","category":"DeprecatedImportWarning","filename":"/opt/airflow/dags/ETL_Step_1_DynamoDB_S3.py","lineno":12,"logger":"py.warnings"}
{"timestamp":"2026-03-03T02:56:03.572725Z","level":"info","event":"Filling up the DagBag from /opt/airflow/dags/ETL_Step_1_DynamoDB_S3.py","logger":"airflow.models.dagbag.DagBag","filename":"dagbag.py","lineno":593}
{"timestamp":"2026-03-03T02:56:04.261068Z","level":"info","event":"Found credentials in shared credentials file: ~/.aws/credentials","logger":"botocore.credentials","filename":"credentials.py","lineno":1364}
{"timestamp":"2026-03-03T02:56:04.374175Z","level":"warning","event":"The `airflow.decorators.task` attribute is deprecated. Please use `'airflow.sdk.task'`.","category":"DeprecatedImportWarning","filename":"/opt/airflow/dags/ETL_Step_1_DynamoDB_S3.py","lineno":10,"logger":"py.warnings"}
{"timestamp":"2026-03-03T02:56:04.374303Z","level":"warning","event":"The `airflow.operators.python.get_current_context` attribute is deprecated. Please use `'airflow.sdk.get_current_context'`.","category":"DeprecatedImportWarning","filename":"/opt/airflow/dags/ETL_Step_1_DynamoDB_S3.py","lineno":12,"logger":"py.warnings"}
{"timestamp":"2026-03-03T02:56:34.748138Z","level":"info","event":"Filling up the DagBag from /opt/airflow/dags/ETL_Step_1_DynamoDB_S3.py","logger":"airflow.models.dagbag.DagBag","filename":"dagbag.py","lineno":593}
{"timestamp":"2026-03-03T02:56:35.438818Z","level":"info","event":"Found credentials in shared credentials file: ~/.aws/credentials","logger":"botocore.credentials","filename":"credentials.py","lineno":1364}
{"timestamp":"2026-03-03T02:56:35.557025Z","level":"warning","event":"The `airflow.decorators.task` attribute is deprecated. Please use `'airflow.sdk.task'`.","category":"DeprecatedImportWarning","filename":"/opt/airflow/dags/ETL_Step_1_DynamoDB_S3.py","lineno":10,"logger":"py.warnings"}
{"timestamp":"2026-03-03T02:56:35.557166Z","level":"warning","event":"The `airflow.operators.python.get_current_context` attribute is deprecated. Please use `'airflow.sdk.get_current_context'`.","category":"DeprecatedImportWarning","filename":"/opt/airflow/dags/ETL_Step_1_DynamoDB_S3.py","lineno":12,"logger":"py.warnings"}
{"timestamp":"2026-03-03T02:57:05.913865Z","level":"info","event":"Filling up the DagBag from /opt/airflow/dags/ETL_Step_1_DynamoDB_S3.py","logger":"airflow.models.dagbag.DagBag","filename":"dagbag.py","lineno":593}
{"timestamp":"2026-03-03T02:57:06.580404Z","level":"info","event":"Found credentials in shared credentials file: ~/.aws/credentials","logger":"botocore.credentials","filename":"credentials.py","lineno":1364}
{"timestamp":"2026-03-03T02:57:06.701826Z","level":"warning","event":"The `airflow.decorators.task` attribute is deprecated. Please use `'airflow.sdk.task'`.","category":"DeprecatedImportWarning","filename":"/opt/airflow/dags/ETL_Step_1_DynamoDB_S3.py","lineno":10,"logger":"py.warnings"}
{"timestamp":"2026-03-03T02:57:06.701965Z","level":"warning","event":"The `airflow.operators.python.get_current_context` attribute is deprecated. Please use `'airflow.sdk.get_current_context'`.","category":"DeprecatedImportWarning","filename":"/opt/airflow/dags/ETL_Step_1_DynamoDB_S3.py","lineno":12,"logger":"py.warnings"}
{"timestamp":"2026-03-03T02:57:37.122757Z","level":"info","event":"Filling up the DagBag from /opt/airflow/dags/ETL_Step_1_DynamoDB_S3.py","logger":"airflow.models.dagbag.DagBag","filename":"dagbag.py","lineno":593}
{"timestamp":"2026-03-03T02:57:37.829904Z","level":"info","event":"Found credentials in shared credentials file: ~/.aws/credentials","logger":"botocore.credentials","filename":"credentials.py","lineno":1364}
{"timestamp":"2026-03-03T02:57:37.946566Z","level":"warning","event":"The `airflow.decorators.task` attribute is deprecated. Please use `'airflow.sdk.task'`.","category":"DeprecatedImportWarning","filename":"/opt/airflow/dags/ETL_Step_1_DynamoDB_S3.py","lineno":10,"logger":"py.warnings"}
{"timestamp":"2026-03-03T02:57:37.946715Z","level":"warning","event":"The `airflow.operators.python.get_current_context` attribute is deprecated. Please use `'airflow.sdk.get_current_context'`.","category":"DeprecatedImportWarning","filename":"/opt/airflow/dags/ETL_Step_1_DynamoDB_S3.py","lineno":12,"logger":"py.warnings"}
{"timestamp":"2026-03-03T02:58:08.356306Z","level":"info","event":"Filling up the DagBag from /opt/airflow/dags/ETL_Step_1_DynamoDB_S3.py","logger":"airflow.models.dagbag.DagBag","filename":"dagbag.py","lineno":593}
{"timestamp":"2026-03-03T02:58:09.056293Z","level":"info","event":"Found credentials in shared credentials file: ~/.aws/credentials","logger":"botocore.credentials","filename":"credentials.py","lineno":1364}
{"timestamp":"2026-03-03T02:58:09.175341Z","level":"warning","event":"The `airflow.decorators.task` attribute is deprecated. Please use `'airflow.sdk.task'`.","category":"DeprecatedImportWarning","filename":"/opt/airflow/dags/ETL_Step_1_DynamoDB_S3.py","lineno":10,"logger":"py.warnings"}
{"timestamp":"2026-03-03T02:58:09.175440Z","level":"warning","event":"The `airflow.operators.python.get_current_context` attribute is deprecated. Please use `'airflow.sdk.get_current_context'`.","category":"DeprecatedImportWarning","filename":"/opt/airflow/dags/ETL_Step_1_DynamoDB_S3.py","lineno":12,"logger":"py.warnings"}
{"timestamp":"2026-03-03T02:58:39.536953Z","level":"info","event":"Filling up the DagBag from /opt/airflow/dags/ETL_Step_1_DynamoDB_S3.py","logger":"airflow.models.dagbag.DagBag","filename":"dagbag.py","lineno":593}
{"timestamp":"2026-03-03T02:58:40.262338Z","level":"info","event":"Found credentials in shared credentials file: ~/.aws/credentials","logger":"botocore.credentials","filename":"credentials.py","lineno":1364}
{"timestamp":"2026-03-03T02:58:40.382133Z","level":"warning","event":"The `airflow.decorators.task` attribute is deprecated. Please use `'airflow.sdk.task'`.","category":"DeprecatedImportWarning","filename":"/opt/airflow/dags/ETL_Step_1_DynamoDB_S3.py","lineno":10,"logger":"py.warnings"}
{"timestamp":"2026-03-03T02:58:40.382238Z","level":"warning","event":"The `airflow.operators.python.get_current_context` attribute is deprecated. Please use `'airflow.sdk.get_current_context'`.","category":"DeprecatedImportWarning","filename":"/opt/airflow/dags/ETL_Step_1_DynamoDB_S3.py","lineno":12,"logger":"py.warnings"}
{"timestamp":"2026-03-03T02:59:10.727867Z","level":"info","event":"Filling up the DagBag from /opt/airflow/dags/ETL_Step_1_DynamoDB_S3.py","logger":"airflow.models.dagbag.DagBag","filename":"dagbag.py","lineno":593}
{"timestamp":"2026-03-03T02:59:11.610346Z","level":"info","event":"Found credentials in shared credentials file: ~/.aws/credentials","logger":"botocore.credentials","filename":"credentials.py","lineno":1364}
{"timestamp":"2026-03-03T02:59:11.751819Z","level":"warning","event":"The `airflow.decorators.task` attribute is deprecated. Please use `'airflow.sdk.task'`.","category":"DeprecatedImportWarning","filename":"/opt/airflow/dags/ETL_Step_1_DynamoDB_S3.py","lineno":10,"logger":"py.warnings"}
{"timestamp":"2026-03-03T02:59:11.751967Z","level":"warning","event":"The `airflow.operators.python.get_current_context` attribute is deprecated. Please use `'airflow.sdk.get_current_context'`.","category":"DeprecatedImportWarning","filename":"/opt/airflow/dags/ETL_Step_1_DynamoDB_S3.py","lineno":12,"logger":"py.warnings"}
{"timestamp":"2026-03-03T02:59:42.140946Z","level":"info","event":"Filling up the DagBag from /opt/airflow/dags/ETL_Step_1_DynamoDB_S3.py","logger":"airflow.models.dagbag.DagBag","filename":"dagbag.py","lineno":593}
{"timestamp":"2026-03-03T02:59:42.807498Z","level":"info","event":"Found credentials in shared credentials file: ~/.aws/credentials","logger":"botocore.credentials","filename":"credentials.py","lineno":1364}
{"timestamp":"2026-03-03T02:59:42.915756Z","level":"warning","event":"The `airflow.decorators.task` attribute is deprecated. Please use `'airflow.sdk.task'`.","category":"DeprecatedImportWarning","filename":"/opt/airflow/dags/ETL_Step_1_DynamoDB_S3.py","lineno":10,"logger":"py.warnings"}
{"timestamp":"2026-03-03T02:59:42.915856Z","level":"warning","event":"The `airflow.operators.python.get_current_context` attribute is deprecated. Please use `'airflow.sdk.get_current_context'`.","category":"DeprecatedImportWarning","filename":"/opt/airflow/dags/ETL_Step_1_DynamoDB_S3.py","lineno":12,"logger":"py.warnings"}
{"timestamp":"2026-03-03T03:00:13.251630Z","level":"info","event":"Filling up the DagBag from /opt/airflow/dags/ETL_Step_1_DynamoDB_S3.py","logger":"airflow.models.dagbag.DagBag","filename":"dagbag.py","lineno":593}
{"timestamp":"2026-03-03T03:00:13.903875Z","level":"info","event":"Found credentials in shared credentials file: ~/.aws/credentials","logger":"botocore.credentials","filename":"credentials.py","lineno":1364}
{"timestamp":"2026-03-03T03:00:14.018215Z","level":"warning","event":"The `airflow.decorators.task` attribute is deprecated. Please use `'airflow.sdk.task'`.","category":"DeprecatedImportWarning","filename":"/opt/airflow/dags/ETL_Step_1_DynamoDB_S3.py","lineno":10,"logger":"py.warnings"}
{"timestamp":"2026-03-03T03:00:14.018340Z","level":"warning","event":"The `airflow.operators.python.get_current_context` attribute is deprecated. Please use `'airflow.sdk.get_current_context'`.","category":"DeprecatedImportWarning","filename":"/opt/airflow/dags/ETL_Step_1_DynamoDB_S3.py","lineno":12,"logger":"py.warnings"}
{"timestamp":"2026-03-03T03:00:44.395121Z","level":"info","event":"Filling up the DagBag from /opt/airflow/dags/ETL_Step_1_DynamoDB_S3.py","logger":"airflow.models.dagbag.DagBag","filename":"dagbag.py","lineno":593}
{"timestamp":"2026-03-03T03:00:45.122644Z","level":"info","event":"Found credentials in shared credentials file: ~/.aws/credentials","logger":"botocore.credentials","filename":"credentials.py","lineno":1364}
{"timestamp":"2026-03-03T03:00:45.255203Z","level":"warning","event":"The `airflow.decorators.task` attribute is deprecated. Please use `'airflow.sdk.task'`.","category":"DeprecatedImportWarning","filename":"/opt/airflow/dags/ETL_Step_1_DynamoDB_S3.py","lineno":10,"logger":"py.warnings"}
{"timestamp":"2026-03-03T03:00:45.255333Z","level":"warning","event":"The `airflow.operators.python.get_current_context` attribute is deprecated. Please use `'airflow.sdk.get_current_context'`.","category":"DeprecatedImportWarning","filename":"/opt/airflow/dags/ETL_Step_1_DynamoDB_S3.py","lineno":12,"logger":"py.warnings"}
{"timestamp":"2026-03-03T03:01:15.668546Z","level":"info","event":"Filling up the DagBag from /opt/airflow/dags/ETL_Step_1_DynamoDB_S3.py","logger":"airflow.models.dagbag.DagBag","filename":"dagbag.py","lineno":593}
{"timestamp":"2026-03-03T03:01:16.330275Z","level":"info","event":"Found credentials in shared credentials file: ~/.aws/credentials","logger":"botocore.credentials","filename":"credentials.py","lineno":1364}
{"timestamp":"2026-03-03T03:01:16.438733Z","level":"warning","event":"The `airflow.decorators.task` attribute is deprecated. Please use `'airflow.sdk.task'`.","category":"DeprecatedImportWarning","filename":"/opt/airflow/dags/ETL_Step_1_DynamoDB_S3.py","lineno":10,"logger":"py.warnings"}
{"timestamp":"2026-03-03T03:01:16.438855Z","level":"warning","event":"The `airflow.operators.python.get_current_context` attribute is deprecated. Please use `'airflow.sdk.get_current_context'`.","category":"DeprecatedImportWarning","filename":"/opt/airflow/dags/ETL_Step_1_DynamoDB_S3.py","lineno":12,"logger":"py.warnings"}
{"timestamp":"2026-03-03T03:01:46.841032Z","level":"info","event":"Filling up the DagBag from /opt/airflow/dags/ETL_Step_1_DynamoDB_S3.py","logger":"airflow.models.dagbag.DagBag","filename":"dagbag.py","lineno":593}
{"timestamp":"2026-03-03T03:01:47.445454Z","level":"info","event":"Found credentials in shared credentials file: ~/.aws/credentials","logger":"botocore.credentials","filename":"credentials.py","lineno":1364}
{"timestamp":"2026-03-03T03:01:47.563218Z","level":"warning","event":"The `airflow.decorators.task` attribute is deprecated. Please use `'airflow.sdk.task'`.","category":"DeprecatedImportWarning","filename":"/opt/airflow/dags/ETL_Step_1_DynamoDB_S3.py","lineno":10,"logger":"py.warnings"}
{"timestamp":"2026-03-03T03:01:47.563347Z","level":"warning","event":"The `airflow.operators.python.get_current_context` attribute is deprecated. Please use `'airflow.sdk.get_current_context'`.","category":"DeprecatedImportWarning","filename":"/opt/airflow/dags/ETL_Step_1_DynamoDB_S3.py","lineno":12,"logger":"py.warnings"}
{"timestamp":"2026-03-03T03:02:17.964585Z","level":"info","event":"Filling up the DagBag from /opt/airflow/dags/ETL_Step_1_DynamoDB_S3.py","logger":"airflow.models.dagbag.DagBag","filename":"dagbag.py","lineno":593}
{"timestamp":"2026-03-03T03:02:18.737951Z","level":"info","event":"Found credentials in shared credentials file: ~/.aws/credentials","logger":"botocore.credentials","filename":"credentials.py","lineno":1364}
{"timestamp":"2026-03-03T03:02:18.861778Z","level":"warning","event":"The `airflow.decorators.task` attribute is deprecated. Please use `'airflow.sdk.task'`.","category":"DeprecatedImportWarning","filename":"/opt/airflow/dags/ETL_Step_1_DynamoDB_S3.py","lineno":10,"logger":"py.warnings"}
{"timestamp":"2026-03-03T03:02:18.861873Z","level":"warning","event":"The `airflow.operators.python.get_current_context` attribute is deprecated. Please use `'airflow.sdk.get_current_context'`.","category":"DeprecatedImportWarning","filename":"/opt/airflow/dags/ETL_Step_1_DynamoDB_S3.py","lineno":12,"logger":"py.warnings"}
{"timestamp":"2026-03-03T03:02:49.222246Z","level":"info","event":"Filling up the DagBag from /opt/airflow/dags/ETL_Step_1_DynamoDB_S3.py","logger":"airflow.models.dagbag.DagBag","filename":"dagbag.py","lineno":593}
{"timestamp":"2026-03-03T03:02:49.957754Z","level":"info","event":"Found credentials in shared credentials file: ~/.aws/credentials","logger":"botocore.credentials","filename":"credentials.py","lineno":1364}
{"timestamp":"2026-03-03T03:02:50.078305Z","level":"warning","event":"The `airflow.decorators.task` attribute is deprecated. Please use `'airflow.sdk.task'`.","category":"DeprecatedImportWarning","filename":"/opt/airflow/dags/ETL_Step_1_DynamoDB_S3.py","lineno":10,"logger":"py.warnings"}
{"timestamp":"2026-03-03T03:02:50.078408Z","level":"warning","event":"The `airflow.operators.python.get_current_context` attribute is deprecated. Please use `'airflow.sdk.get_current_context'`.","category":"DeprecatedImportWarning","filename":"/opt/airflow/dags/ETL_Step_1_DynamoDB_S3.py","lineno":12,"logger":"py.warnings"}
{"timestamp":"2026-03-03T03:03:20.441438Z","level":"info","event":"Filling up the DagBag from /opt/airflow/dags/ETL_Step_1_DynamoDB_S3.py","logger":"airflow.models.dagbag.DagBag","filename":"dagbag.py","lineno":593}
{"timestamp":"2026-03-03T03:03:21.163112Z","level":"info","event":"Found credentials in shared credentials file: ~/.aws/credentials","logger":"botocore.credentials","filename":"credentials.py","lineno":1364}
{"timestamp":"2026-03-03T03:03:21.288931Z","level":"warning","event":"The `airflow.decorators.task` attribute is deprecated. Please use `'airflow.sdk.task'`.","category":"DeprecatedImportWarning","filename":"/opt/airflow/dags/ETL_Step_1_DynamoDB_S3.py","lineno":10,"logger":"py.warnings"}
{"timestamp":"2026-03-03T03:03:21.289073Z","level":"warning","event":"The `airflow.operators.python.get_current_context` attribute is deprecated. Please use `'airflow.sdk.get_current_context'`.","category":"DeprecatedImportWarning","filename":"/opt/airflow/dags/ETL_Step_1_DynamoDB_S3.py","lineno":12,"logger":"py.warnings"}
{"timestamp":"2026-03-03T03:03:51.660189Z","level":"info","event":"Filling up the DagBag from /opt/airflow/dags/ETL_Step_1_DynamoDB_S3.py","logger":"airflow.models.dagbag.DagBag","filename":"dagbag.py","lineno":593}
{"timestamp":"2026-03-03T03:03:52.324147Z","level":"info","event":"Found credentials in shared credentials file: ~/.aws/credentials","logger":"botocore.credentials","filename":"credentials.py","lineno":1364}
{"timestamp":"2026-03-03T03:03:52.430473Z","level":"warning","event":"The `airflow.decorators.task` attribute is deprecated. Please use `'airflow.sdk.task'`.","category":"DeprecatedImportWarning","filename":"/opt/airflow/dags/ETL_Step_1_DynamoDB_S3.py","lineno":10,"logger":"py.warnings"}
{"timestamp":"2026-03-03T03:03:52.430602Z","level":"warning","event":"The `airflow.operators.python.get_current_context` attribute is deprecated. Please use `'airflow.sdk.get_current_context'`.","category":"DeprecatedImportWarning","filename":"/opt/airflow/dags/ETL_Step_1_DynamoDB_S3.py","lineno":12,"logger":"py.warnings"}
{"timestamp":"2026-03-03T03:04:22.812774Z","level":"info","event":"Filling up the DagBag from /opt/airflow/dags/ETL_Step_1_DynamoDB_S3.py","logger":"airflow.models.dagbag.DagBag","filename":"dagbag.py","lineno":593}
{"timestamp":"2026-03-03T03:04:23.504355Z","level":"info","event":"Found credentials in shared credentials file: ~/.aws/credentials","logger":"botocore.credentials","filename":"credentials.py","lineno":1364}
{"timestamp":"2026-03-03T03:04:23.614467Z","level":"warning","event":"The `airflow.decorators.task` attribute is deprecated. Please use `'airflow.sdk.task'`.","category":"DeprecatedImportWarning","filename":"/opt/airflow/dags/ETL_Step_1_DynamoDB_S3.py","lineno":10,"logger":"py.warnings"}
{"timestamp":"2026-03-03T03:04:23.614616Z","level":"warning","event":"The `airflow.operators.python.get_current_context` attribute is deprecated. Please use `'airflow.sdk.get_current_context'`.","category":"DeprecatedImportWarning","filename":"/opt/airflow/dags/ETL_Step_1_DynamoDB_S3.py","lineno":12,"logger":"py.warnings"}
{"timestamp":"2026-03-03T03:04:54.003287Z","level":"info","event":"Filling up the DagBag from /opt/airflow/dags/ETL_Step_1_DynamoDB_S3.py","logger":"airflow.models.dagbag.DagBag","filename":"dagbag.py","lineno":593}
{"timestamp":"2026-03-03T03:04:54.640332Z","level":"info","event":"Found credentials in shared credentials file: ~/.aws/credentials","logger":"botocore.credentials","filename":"credentials.py","lineno":1364}
{"timestamp":"2026-03-03T03:04:54.752194Z","level":"warning","event":"The `airflow.decorators.task` attribute is deprecated. Please use `'airflow.sdk.task'`.","category":"DeprecatedImportWarning","filename":"/opt/airflow/dags/ETL_Step_1_DynamoDB_S3.py","lineno":10,"logger":"py.warnings"}
{"timestamp":"2026-03-03T03:04:54.752318Z","level":"warning","event":"The `airflow.operators.python.get_current_context` attribute is deprecated. Please use `'airflow.sdk.get_current_context'`.","category":"DeprecatedImportWarning","filename":"/opt/airflow/dags/ETL_Step_1_DynamoDB_S3.py","lineno":12,"logger":"py.warnings"}
{"timestamp":"2026-03-03T03:05:25.127470Z","level":"info","event":"Filling up the DagBag from /opt/airflow/dags/ETL_Step_1_DynamoDB_S3.py","logger":"airflow.models.dagbag.DagBag","filename":"dagbag.py","lineno":593}
{"timestamp":"2026-03-03T03:05:25.875524Z","level":"info","event":"Found credentials in shared credentials file: ~/.aws/credentials","logger":"botocore.credentials","filename":"credentials.py","lineno":1364}
{"timestamp":"2026-03-03T03:05:25.995917Z","level":"warning","event":"The `airflow.decorators.task` attribute is deprecated. Please use `'airflow.sdk.task'`.","category":"DeprecatedImportWarning","filename":"/opt/airflow/dags/ETL_Step_1_DynamoDB_S3.py","lineno":10,"logger":"py.warnings"}
{"timestamp":"2026-03-03T03:05:25.996113Z","level":"warning","event":"The `airflow.operators.python.get_current_context` attribute is deprecated. Please use `'airflow.sdk.get_current_context'`.","category":"DeprecatedImportWarning","filename":"/opt/airflow/dags/ETL_Step_1_DynamoDB_S3.py","lineno":12,"logger":"py.warnings"}
{"timestamp":"2026-03-03T03:05:56.410064Z","level":"info","event":"Filling up the DagBag from /opt/airflow/dags/ETL_Step_1_DynamoDB_S3.py","logger":"airflow.models.dagbag.DagBag","filename":"dagbag.py","lineno":593}
{"timestamp":"2026-03-03T03:05:57.077007Z","level":"info","event":"Found credentials in shared credentials file: ~/.aws/credentials","logger":"botocore.credentials","filename":"credentials.py","lineno":1364}
{"timestamp":"2026-03-03T03:05:57.203567Z","level":"warning","event":"The `airflow.decorators.task` attribute is deprecated. Please use `'airflow.sdk.task'`.","category":"DeprecatedImportWarning","filename":"/opt/airflow/dags/ETL_Step_1_DynamoDB_S3.py","lineno":10,"logger":"py.warnings"}
{"timestamp":"2026-03-03T03:05:57.203766Z","level":"warning","event":"The `airflow.operators.python.get_current_context` attribute is deprecated. Please use `'airflow.sdk.get_current_context'`.","category":"DeprecatedImportWarning","filename":"/opt/airflow/dags/ETL_Step_1_DynamoDB_S3.py","lineno":12,"logger":"py.warnings"}
{"timestamp":"2026-03-03T03:06:27.624157Z","level":"info","event":"Filling up the DagBag from /opt/airflow/dags/ETL_Step_1_DynamoDB_S3.py","logger":"airflow.models.dagbag.DagBag","filename":"dagbag.py","lineno":593}
{"timestamp":"2026-03-03T03:06:28.266934Z","level":"info","event":"Found credentials in shared credentials file: ~/.aws/credentials","logger":"botocore.credentials","filename":"credentials.py","lineno":1364}
{"timestamp":"2026-03-03T03:06:28.379221Z","level":"warning","event":"The `airflow.decorators.task` attribute is deprecated. Please use `'airflow.sdk.task'`.","category":"DeprecatedImportWarning","filename":"/opt/airflow/dags/ETL_Step_1_DynamoDB_S3.py","lineno":10,"logger":"py.warnings"}
{"timestamp":"2026-03-03T03:06:28.379341Z","level":"warning","event":"The `airflow.operators.python.get_current_context` attribute is deprecated. Please use `'airflow.sdk.get_current_context'`.","category":"DeprecatedImportWarning","filename":"/opt/airflow/dags/ETL_Step_1_DynamoDB_S3.py","lineno":12,"logger":"py.warnings"}
{"timestamp":"2026-03-03T03:06:58.738856Z","level":"info","event":"Filling up the DagBag from /opt/airflow/dags/ETL_Step_1_DynamoDB_S3.py","logger":"airflow.models.dagbag.DagBag","filename":"dagbag.py","lineno":593}
{"timestamp":"2026-03-03T03:06:59.434255Z","level":"info","event":"Found credentials in shared credentials file: ~/.aws/credentials","logger":"botocore.credentials","filename":"credentials.py","lineno":1364}
{"timestamp":"2026-03-03T03:06:59.544595Z","level":"warning","event":"The `airflow.decorators.task` attribute is deprecated. Please use `'airflow.sdk.task'`.","category":"DeprecatedImportWarning","filename":"/opt/airflow/dags/ETL_Step_1_DynamoDB_S3.py","lineno":10,"logger":"py.warnings"}
{"timestamp":"2026-03-03T03:06:59.544687Z","level":"warning","event":"The `airflow.operators.python.get_current_context` attribute is deprecated. Please use `'airflow.sdk.get_current_context'`.","category":"DeprecatedImportWarning","filename":"/opt/airflow/dags/ETL_Step_1_DynamoDB_S3.py","lineno":12,"logger":"py.warnings"}
{"timestamp":"2026-03-03T03:07:29.886717Z","level":"info","event":"Filling up the DagBag from /opt/airflow/dags/ETL_Step_1_DynamoDB_S3.py","logger":"airflow.models.dagbag.DagBag","filename":"dagbag.py","lineno":593}
{"timestamp":"2026-03-03T03:07:30.669607Z","level":"info","event":"Found credentials in shared credentials file: ~/.aws/credentials","logger":"botocore.credentials","filename":"credentials.py","lineno":1364}
{"timestamp":"2026-03-03T03:07:30.788736Z","level":"warning","event":"The `airflow.decorators.task` attribute is deprecated. Please use `'airflow.sdk.task'`.","category":"DeprecatedImportWarning","filename":"/opt/airflow/dags/ETL_Step_1_DynamoDB_S3.py","lineno":10,"logger":"py.warnings"}
{"timestamp":"2026-03-03T03:07:30.788838Z","level":"warning","event":"The `airflow.operators.python.get_current_context` attribute is deprecated. Please use `'airflow.sdk.get_current_context'`.","category":"DeprecatedImportWarning","filename":"/opt/airflow/dags/ETL_Step_1_DynamoDB_S3.py","lineno":12,"logger":"py.warnings"}
{"timestamp":"2026-03-03T03:08:07.269127Z","level":"info","event":"Filling up the DagBag from /opt/airflow/dags/ETL_Step_1_DynamoDB_S3.py","logger":"airflow.models.dagbag.DagBag","filename":"dagbag.py","lineno":593}
{"timestamp":"2026-03-03T03:08:08.464643Z","level":"info","event":"Found credentials in shared credentials file: ~/.aws/credentials","logger":"botocore.credentials","filename":"credentials.py","lineno":1364}
{"timestamp":"2026-03-03T03:08:08.783829Z","level":"warning","event":"The `airflow.decorators.task` attribute is deprecated. Please use `'airflow.sdk.task'`.","category":"DeprecatedImportWarning","filename":"/opt/airflow/dags/ETL_Step_1_DynamoDB_S3.py","lineno":10,"logger":"py.warnings"}
{"timestamp":"2026-03-03T03:08:08.783969Z","level":"warning","event":"The `airflow.operators.python.get_current_context` attribute is deprecated. Please use `'airflow.sdk.get_current_context'`.","category":"DeprecatedImportWarning","filename":"/opt/airflow/dags/ETL_Step_1_DynamoDB_S3.py","lineno":12,"logger":"py.warnings"}
{"timestamp":"2026-03-03T03:08:39.215200Z","level":"info","event":"Filling up the DagBag from /opt/airflow/dags/ETL_Step_1_DynamoDB_S3.py","logger":"airflow.models.dagbag.DagBag","filename":"dagbag.py","lineno":593}
{"timestamp":"2026-03-03T03:08:39.750486Z","level":"info","event":"Found credentials in shared credentials file: ~/.aws/credentials","logger":"botocore.credentials","filename":"credentials.py","lineno":1364}
{"timestamp":"2026-03-03T03:08:40.005309Z","level":"warning","event":"The `airflow.decorators.task` attribute is deprecated. Please use `'airflow.sdk.task'`.","category":"DeprecatedImportWarning","filename":"/opt/airflow/dags/ETL_Step_1_DynamoDB_S3.py","lineno":10,"logger":"py.warnings"}
{"timestamp":"2026-03-03T03:08:40.005423Z","level":"warning","event":"The `airflow.operators.python.get_current_context` attribute is deprecated. Please use `'airflow.sdk.get_current_context'`.","category":"DeprecatedImportWarning","filename":"/opt/airflow/dags/ETL_Step_1_DynamoDB_S3.py","lineno":12,"logger":"py.warnings"}
{"timestamp":"2026-03-03T03:09:10.352922Z","level":"info","event":"Filling up the DagBag from /opt/airflow/dags/ETL_Step_1_DynamoDB_S3.py","logger":"airflow.models.dagbag.DagBag","filename":"dagbag.py","lineno":593}
{"timestamp":"2026-03-03T03:09:10.886729Z","level":"info","event":"Found credentials in shared credentials file: ~/.aws/credentials","logger":"botocore.credentials","filename":"credentials.py","lineno":1364}
{"timestamp":"2026-03-03T03:09:11.156153Z","level":"warning","event":"The `airflow.decorators.task` attribute is deprecated. Please use `'airflow.sdk.task'`.","category":"DeprecatedImportWarning","filename":"/opt/airflow/dags/ETL_Step_1_DynamoDB_S3.py","lineno":10,"logger":"py.warnings"}
{"timestamp":"2026-03-03T03:09:11.156318Z","level":"warning","event":"The `airflow.operators.python.get_current_context` attribute is deprecated. Please use `'airflow.sdk.get_current_context'`.","category":"DeprecatedImportWarning","filename":"/opt/airflow/dags/ETL_Step_1_DynamoDB_S3.py","lineno":12,"logger":"py.warnings"}
{"timestamp":"2026-03-03T03:09:41.537744Z","level":"info","event":"Filling up the DagBag from /opt/airflow/dags/ETL_Step_1_DynamoDB_S3.py","logger":"airflow.models.dagbag.DagBag","filename":"dagbag.py","lineno":593}
{"timestamp":"2026-03-03T03:09:42.084986Z","level":"info","event":"Found credentials in shared credentials file: ~/.aws/credentials","logger":"botocore.credentials","filename":"credentials.py","lineno":1364}
{"timestamp":"2026-03-03T03:09:42.351805Z","level":"warning","event":"The `airflow.decorators.task` attribute is deprecated. Please use `'airflow.sdk.task'`.","category":"DeprecatedImportWarning","filename":"/opt/airflow/dags/ETL_Step_1_DynamoDB_S3.py","lineno":10,"logger":"py.warnings"}
{"timestamp":"2026-03-03T03:09:42.351949Z","level":"warning","event":"The `airflow.operators.python.get_current_context` attribute is deprecated. Please use `'airflow.sdk.get_current_context'`.","category":"DeprecatedImportWarning","filename":"/opt/airflow/dags/ETL_Step_1_DynamoDB_S3.py","lineno":12,"logger":"py.warnings"}
{"timestamp":"2026-03-03T03:10:12.768123Z","level":"info","event":"Filling up the DagBag from /opt/airflow/dags/ETL_Step_1_DynamoDB_S3.py","logger":"airflow.models.dagbag.DagBag","filename":"dagbag.py","lineno":593}
{"timestamp":"2026-03-03T03:10:13.330263Z","level":"info","event":"Found credentials in shared credentials file: ~/.aws/credentials","logger":"botocore.credentials","filename":"credentials.py","lineno":1364}
{"timestamp":"2026-03-03T03:10:13.614661Z","level":"warning","event":"The `airflow.decorators.task` attribute is deprecated. Please use `'airflow.sdk.task'`.","category":"DeprecatedImportWarning","filename":"/opt/airflow/dags/ETL_Step_1_DynamoDB_S3.py","lineno":10,"logger":"py.warnings"}
{"timestamp":"2026-03-03T03:10:13.614794Z","level":"warning","event":"The `airflow.operators.python.get_current_context` attribute is deprecated. Please use `'airflow.sdk.get_current_context'`.","category":"DeprecatedImportWarning","filename":"/opt/airflow/dags/ETL_Step_1_DynamoDB_S3.py","lineno":12,"logger":"py.warnings"}
{"timestamp":"2026-03-03T03:10:44.015031Z","level":"info","event":"Filling up the DagBag from /opt/airflow/dags/ETL_Step_1_DynamoDB_S3.py","logger":"airflow.models.dagbag.DagBag","filename":"dagbag.py","lineno":593}
{"timestamp":"2026-03-03T03:10:44.545287Z","level":"info","event":"Found credentials in shared credentials file: ~/.aws/credentials","logger":"botocore.credentials","filename":"credentials.py","lineno":1364}
{"timestamp":"2026-03-03T03:10:44.813181Z","level":"warning","event":"The `airflow.decorators.task` attribute is deprecated. Please use `'airflow.sdk.task'`.","category":"DeprecatedImportWarning","filename":"/opt/airflow/dags/ETL_Step_1_DynamoDB_S3.py","lineno":10,"logger":"py.warnings"}
{"timestamp":"2026-03-03T03:10:44.813387Z","level":"warning","event":"The `airflow.operators.python.get_current_context` attribute is deprecated. Please use `'airflow.sdk.get_current_context'`.","category":"DeprecatedImportWarning","filename":"/opt/airflow/dags/ETL_Step_1_DynamoDB_S3.py","lineno":12,"logger":"py.warnings"}
{"timestamp":"2026-03-03T03:11:15.233958Z","level":"info","event":"Filling up the DagBag from /opt/airflow/dags/ETL_Step_1_DynamoDB_S3.py","logger":"airflow.models.dagbag.DagBag","filename":"dagbag.py","lineno":593}
{"timestamp":"2026-03-03T03:11:15.799690Z","level":"info","event":"Found credentials in shared credentials file: ~/.aws/credentials","logger":"botocore.credentials","filename":"credentials.py","lineno":1364}
{"timestamp":"2026-03-03T03:11:16.081062Z","level":"warning","event":"The `airflow.decorators.task` attribute is deprecated. Please use `'airflow.sdk.task'`.","category":"DeprecatedImportWarning","filename":"/opt/airflow/dags/ETL_Step_1_DynamoDB_S3.py","lineno":10,"logger":"py.warnings"}
{"timestamp":"2026-03-03T03:11:16.081195Z","level":"warning","event":"The `airflow.operators.python.get_current_context` attribute is deprecated. Please use `'airflow.sdk.get_current_context'`.","category":"DeprecatedImportWarning","filename":"/opt/airflow/dags/ETL_Step_1_DynamoDB_S3.py","lineno":12,"logger":"py.warnings"}
{"timestamp":"2026-03-03T03:11:46.471269Z","level":"info","event":"Filling up the DagBag from /opt/airflow/dags/ETL_Step_1_DynamoDB_S3.py","logger":"airflow.models.dagbag.DagBag","filename":"dagbag.py","lineno":593}
{"timestamp":"2026-03-03T03:11:47.182126Z","level":"info","event":"Found credentials in shared credentials file: ~/.aws/credentials","logger":"botocore.credentials","filename":"credentials.py","lineno":1364}
{"timestamp":"2026-03-03T03:11:47.288236Z","level":"warning","event":"The `airflow.decorators.task` attribute is deprecated. Please use `'airflow.sdk.task'`.","category":"DeprecatedImportWarning","filename":"/opt/airflow/dags/ETL_Step_1_DynamoDB_S3.py","lineno":10,"logger":"py.warnings"}
{"timestamp":"2026-03-03T03:11:47.288396Z","level":"warning","event":"The `airflow.operators.python.get_current_context` attribute is deprecated. Please use `'airflow.sdk.get_current_context'`.","category":"DeprecatedImportWarning","filename":"/opt/airflow/dags/ETL_Step_1_DynamoDB_S3.py","lineno":12,"logger":"py.warnings"}
{"timestamp":"2026-03-03T03:12:17.669006Z","level":"info","event":"Filling up the DagBag from /opt/airflow/dags/ETL_Step_1_DynamoDB_S3.py","logger":"airflow.models.dagbag.DagBag","filename":"dagbag.py","lineno":593}
{"timestamp":"2026-03-03T03:12:18.184316Z","level":"info","event":"Found credentials in shared credentials file: ~/.aws/credentials","logger":"botocore.credentials","filename":"credentials.py","lineno":1364}
{"timestamp":"2026-03-03T03:12:18.481056Z","level":"warning","event":"The `airflow.decorators.task` attribute is deprecated. Please use `'airflow.sdk.task'`.","category":"DeprecatedImportWarning","filename":"/opt/airflow/dags/ETL_Step_1_DynamoDB_S3.py","lineno":10,"logger":"py.warnings"}
{"timestamp":"2026-03-03T03:12:18.481266Z","level":"warning","event":"The `airflow.operators.python.get_current_context` attribute is deprecated. Please use `'airflow.sdk.get_current_context'`.","category":"DeprecatedImportWarning","filename":"/opt/airflow/dags/ETL_Step_1_DynamoDB_S3.py","lineno":12,"logger":"py.warnings"}
{"timestamp":"2026-03-03T03:12:48.876183Z","level":"info","event":"Filling up the DagBag from /opt/airflow/dags/ETL_Step_1_DynamoDB_S3.py","logger":"airflow.models.dagbag.DagBag","filename":"dagbag.py","lineno":593}
{"timestamp":"2026-03-03T03:12:49.693774Z","level":"info","event":"Found credentials in shared credentials file: ~/.aws/credentials","logger":"botocore.credentials","filename":"credentials.py","lineno":1364}
{"timestamp":"2026-03-03T03:12:49.819408Z","level":"warning","event":"The `airflow.decorators.task` attribute is deprecated. Please use `'airflow.sdk.task'`.","category":"DeprecatedImportWarning","filename":"/opt/airflow/dags/ETL_Step_1_DynamoDB_S3.py","lineno":10,"logger":"py.warnings"}
{"timestamp":"2026-03-03T03:12:49.819546Z","level":"warning","event":"The `airflow.operators.python.get_current_context` attribute is deprecated. Please use `'airflow.sdk.get_current_context'`.","category":"DeprecatedImportWarning","filename":"/opt/airflow/dags/ETL_Step_1_DynamoDB_S3.py","lineno":12,"logger":"py.warnings"}
{"timestamp":"2026-03-03T03:13:20.246542Z","level":"info","event":"Filling up the DagBag from /opt/airflow/dags/ETL_Step_1_DynamoDB_S3.py","logger":"airflow.models.dagbag.DagBag","filename":"dagbag.py","lineno":593}
{"timestamp":"2026-03-03T03:13:20.782134Z","level":"info","event":"Found credentials in shared credentials file: ~/.aws/credentials","logger":"botocore.credentials","filename":"credentials.py","lineno":1364}
{"timestamp":"2026-03-03T03:13:21.053651Z","level":"warning","event":"The `airflow.decorators.task` attribute is deprecated. Please use `'airflow.sdk.task'`.","category":"DeprecatedImportWarning","filename":"/opt/airflow/dags/ETL_Step_1_DynamoDB_S3.py","lineno":10,"logger":"py.warnings"}
{"timestamp":"2026-03-03T03:13:21.053785Z","level":"warning","event":"The `airflow.operators.python.get_current_context` attribute is deprecated. Please use `'airflow.sdk.get_current_context'`.","category":"DeprecatedImportWarning","filename":"/opt/airflow/dags/ETL_Step_1_DynamoDB_S3.py","lineno":12,"logger":"py.warnings"}
{"timestamp":"2026-03-03T03:13:51.431533Z","level":"info","event":"Filling up the DagBag from /opt/airflow/dags/ETL_Step_1_DynamoDB_S3.py","logger":"airflow.models.dagbag.DagBag","filename":"dagbag.py","lineno":593}
{"timestamp":"2026-03-03T03:13:52.174135Z","level":"info","event":"Found credentials in shared credentials file: ~/.aws/credentials","logger":"botocore.credentials","filename":"credentials.py","lineno":1364}
{"timestamp":"2026-03-03T03:13:52.297562Z","level":"warning","event":"The `airflow.decorators.task` attribute is deprecated. Please use `'airflow.sdk.task'`.","category":"DeprecatedImportWarning","filename":"/opt/airflow/dags/ETL_Step_1_DynamoDB_S3.py","lineno":10,"logger":"py.warnings"}
{"timestamp":"2026-03-03T03:13:52.297684Z","level":"warning","event":"The `airflow.operators.python.get_current_context` attribute is deprecated. Please use `'airflow.sdk.get_current_context'`.","category":"DeprecatedImportWarning","filename":"/opt/airflow/dags/ETL_Step_1_DynamoDB_S3.py","lineno":12,"logger":"py.warnings"}
{"timestamp":"2026-03-03T03:14:22.673270Z","level":"info","event":"Filling up the DagBag from /opt/airflow/dags/ETL_Step_1_DynamoDB_S3.py","logger":"airflow.models.dagbag.DagBag","filename":"dagbag.py","lineno":593}
{"timestamp":"2026-03-03T03:14:23.208682Z","level":"info","event":"Found credentials in shared credentials file: ~/.aws/credentials","logger":"botocore.credentials","filename":"credentials.py","lineno":1364}
{"timestamp":"2026-03-03T03:14:23.471126Z","level":"warning","event":"The `airflow.decorators.task` attribute is deprecated. Please use `'airflow.sdk.task'`.","category":"DeprecatedImportWarning","filename":"/opt/airflow/dags/ETL_Step_1_DynamoDB_S3.py","lineno":10,"logger":"py.warnings"}
{"timestamp":"2026-03-03T03:14:23.471251Z","level":"warning","event":"The `airflow.operators.python.get_current_context` attribute is deprecated. Please use `'airflow.sdk.get_current_context'`.","category":"DeprecatedImportWarning","filename":"/opt/airflow/dags/ETL_Step_1_DynamoDB_S3.py","lineno":12,"logger":"py.warnings"}
{"timestamp":"2026-03-03T03:14:53.855432Z","level":"info","event":"Filling up the DagBag from /opt/airflow/dags/ETL_Step_1_DynamoDB_S3.py","logger":"airflow.models.dagbag.DagBag","filename":"dagbag.py","lineno":593}
{"timestamp":"2026-03-03T03:14:54.532388Z","level":"info","event":"Found credentials in shared credentials file: ~/.aws/credentials","logger":"botocore.credentials","filename":"credentials.py","lineno":1364}
{"timestamp":"2026-03-03T03:14:54.652745Z","level":"warning","event":"The `airflow.decorators.task` attribute is deprecated. Please use `'airflow.sdk.task'`.","category":"DeprecatedImportWarning","filename":"/opt/airflow/dags/ETL_Step_1_DynamoDB_S3.py","lineno":10,"logger":"py.warnings"}
{"timestamp":"2026-03-03T03:14:54.652931Z","level":"warning","event":"The `airflow.operators.python.get_current_context` attribute is deprecated. Please use `'airflow.sdk.get_current_context'`.","category":"DeprecatedImportWarning","filename":"/opt/airflow/dags/ETL_Step_1_DynamoDB_S3.py","lineno":12,"logger":"py.warnings"}
{"timestamp":"2026-03-03T03:15:25.032533Z","level":"info","event":"Filling up the DagBag from /opt/airflow/dags/ETL_Step_1_DynamoDB_S3.py","logger":"airflow.models.dagbag.DagBag","filename":"dagbag.py","lineno":593}
{"timestamp":"2026-03-03T03:15:25.594397Z","level":"info","event":"Found credentials in shared credentials file: ~/.aws/credentials","logger":"botocore.credentials","filename":"credentials.py","lineno":1364}
{"timestamp":"2026-03-03T03:15:25.845545Z","level":"warning","event":"The `airflow.decorators.task` attribute is deprecated. Please use `'airflow.sdk.task'`.","category":"DeprecatedImportWarning","filename":"/opt/airflow/dags/ETL_Step_1_DynamoDB_S3.py","lineno":10,"logger":"py.warnings"}
{"timestamp":"2026-03-03T03:15:25.845637Z","level":"warning","event":"The `airflow.operators.python.get_current_context` attribute is deprecated. Please use `'airflow.sdk.get_current_context'`.","category":"DeprecatedImportWarning","filename":"/opt/airflow/dags/ETL_Step_1_DynamoDB_S3.py","lineno":12,"logger":"py.warnings"}
{"timestamp":"2026-03-03T03:15:56.183397Z","level":"info","event":"Filling up the DagBag from /opt/airflow/dags/ETL_Step_1_DynamoDB_S3.py","logger":"airflow.models.dagbag.DagBag","filename":"dagbag.py","lineno":593}
{"timestamp":"2026-03-03T03:15:56.840256Z","level":"info","event":"Found credentials in shared credentials file: ~/.aws/credentials","logger":"botocore.credentials","filename":"credentials.py","lineno":1364}
{"timestamp":"2026-03-03T03:15:56.958899Z","level":"warning","event":"The `airflow.decorators.task` attribute is deprecated. Please use `'airflow.sdk.task'`.","category":"DeprecatedImportWarning","filename":"/opt/airflow/dags/ETL_Step_1_DynamoDB_S3.py","lineno":10,"logger":"py.warnings"}
{"timestamp":"2026-03-03T03:15:56.959024Z","level":"warning","event":"The `airflow.operators.python.get_current_context` attribute is deprecated. Please use `'airflow.sdk.get_current_context'`.","category":"DeprecatedImportWarning","filename":"/opt/airflow/dags/ETL_Step_1_DynamoDB_S3.py","lineno":12,"logger":"py.warnings"}
{"timestamp":"2026-03-03T03:16:27.311716Z","level":"info","event":"Filling up the DagBag from /opt/airflow/dags/ETL_Step_1_DynamoDB_S3.py","logger":"airflow.models.dagbag.DagBag","filename":"dagbag.py","lineno":593}
{"timestamp":"2026-03-03T03:16:27.849042Z","level":"info","event":"Found credentials in shared credentials file: ~/.aws/credentials","logger":"botocore.credentials","filename":"credentials.py","lineno":1364}
{"timestamp":"2026-03-03T03:16:28.144045Z","level":"warning","event":"The `airflow.decorators.task` attribute is deprecated. Please use `'airflow.sdk.task'`.","category":"DeprecatedImportWarning","filename":"/opt/airflow/dags/ETL_Step_1_DynamoDB_S3.py","lineno":10,"logger":"py.warnings"}
{"timestamp":"2026-03-03T03:16:28.144190Z","level":"warning","event":"The `airflow.operators.python.get_current_context` attribute is deprecated. Please use `'airflow.sdk.get_current_context'`.","category":"DeprecatedImportWarning","filename":"/opt/airflow/dags/ETL_Step_1_DynamoDB_S3.py","lineno":12,"logger":"py.warnings"}
{"timestamp":"2026-03-03T03:16:58.529825Z","level":"info","event":"Filling up the DagBag from /opt/airflow/dags/ETL_Step_1_DynamoDB_S3.py","logger":"airflow.models.dagbag.DagBag","filename":"dagbag.py","lineno":593}
{"timestamp":"2026-03-03T03:16:59.204799Z","level":"info","event":"Found credentials in shared credentials file: ~/.aws/credentials","logger":"botocore.credentials","filename":"credentials.py","lineno":1364}
{"timestamp":"2026-03-03T03:16:59.318476Z","level":"warning","event":"The `airflow.decorators.task` attribute is deprecated. Please use `'airflow.sdk.task'`.","category":"DeprecatedImportWarning","filename":"/opt/airflow/dags/ETL_Step_1_DynamoDB_S3.py","lineno":10,"logger":"py.warnings"}
{"timestamp":"2026-03-03T03:16:59.318619Z","level":"warning","event":"The `airflow.operators.python.get_current_context` attribute is deprecated. Please use `'airflow.sdk.get_current_context'`.","category":"DeprecatedImportWarning","filename":"/opt/airflow/dags/ETL_Step_1_DynamoDB_S3.py","lineno":12,"logger":"py.warnings"}
{"timestamp":"2026-03-03T03:17:29.743027Z","level":"info","event":"Filling up the DagBag from /opt/airflow/dags/ETL_Step_1_DynamoDB_S3.py","logger":"airflow.models.dagbag.DagBag","filename":"dagbag.py","lineno":593}
{"timestamp":"2026-03-03T03:17:30.286170Z","level":"info","event":"Found credentials in shared credentials file: ~/.aws/credentials","logger":"botocore.credentials","filename":"credentials.py","lineno":1364}
{"timestamp":"2026-03-03T03:17:30.596422Z","level":"warning","event":"The `airflow.decorators.task` attribute is deprecated. Please use `'airflow.sdk.task'`.","category":"DeprecatedImportWarning","filename":"/opt/airflow/dags/ETL_Step_1_DynamoDB_S3.py","lineno":10,"logger":"py.warnings"}
{"timestamp":"2026-03-03T03:17:30.596656Z","level":"warning","event":"The `airflow.operators.python.get_current_context` attribute is deprecated. Please use `'airflow.sdk.get_current_context'`.","category":"DeprecatedImportWarning","filename":"/opt/airflow/dags/ETL_Step_1_DynamoDB_S3.py","lineno":12,"logger":"py.warnings"}
{"timestamp":"2026-03-03T03:18:01.009037Z","level":"info","event":"Filling up the DagBag from /opt/airflow/dags/ETL_Step_1_DynamoDB_S3.py","logger":"airflow.models.dagbag.DagBag","filename":"dagbag.py","lineno":593}
{"timestamp":"2026-03-03T03:18:01.725687Z","level":"info","event":"Found credentials in shared credentials file: ~/.aws/credentials","logger":"botocore.credentials","filename":"credentials.py","lineno":1364}
{"timestamp":"2026-03-03T03:18:01.855961Z","level":"warning","event":"The `airflow.decorators.task` attribute is deprecated. Please use `'airflow.sdk.task'`.","category":"DeprecatedImportWarning","filename":"/opt/airflow/dags/ETL_Step_1_DynamoDB_S3.py","lineno":10,"logger":"py.warnings"}
{"timestamp":"2026-03-03T03:18:01.856099Z","level":"warning","event":"The `airflow.operators.python.get_current_context` attribute is deprecated. Please use `'airflow.sdk.get_current_context'`.","category":"DeprecatedImportWarning","filename":"/opt/airflow/dags/ETL_Step_1_DynamoDB_S3.py","lineno":12,"logger":"py.warnings"}
{"timestamp":"2026-03-03T03:18:32.289829Z","level":"info","event":"Filling up the DagBag from /opt/airflow/dags/ETL_Step_1_DynamoDB_S3.py","logger":"airflow.models.dagbag.DagBag","filename":"dagbag.py","lineno":593}
{"timestamp":"2026-03-03T03:18:32.843313Z","level":"info","event":"Found credentials in shared credentials file: ~/.aws/credentials","logger":"botocore.credentials","filename":"credentials.py","lineno":1364}
{"timestamp":"2026-03-03T03:18:33.111720Z","level":"warning","event":"The `airflow.decorators.task` attribute is deprecated. Please use `'airflow.sdk.task'`.","category":"DeprecatedImportWarning","filename":"/opt/airflow/dags/ETL_Step_1_DynamoDB_S3.py","lineno":10,"logger":"py.warnings"}
{"timestamp":"2026-03-03T03:18:33.111873Z","level":"warning","event":"The `airflow.operators.python.get_current_context` attribute is deprecated. Please use `'airflow.sdk.get_current_context'`.","category":"DeprecatedImportWarning","filename":"/opt/airflow/dags/ETL_Step_1_DynamoDB_S3.py","lineno":12,"logger":"py.warnings"}
{"timestamp":"2026-03-03T03:19:03.488034Z","level":"info","event":"Filling up the DagBag from /opt/airflow/dags/ETL_Step_1_DynamoDB_S3.py","logger":"airflow.models.dagbag.DagBag","filename":"dagbag.py","lineno":593}
{"timestamp":"2026-03-03T03:19:04.157209Z","level":"info","event":"Found credentials in shared credentials file: ~/.aws/credentials","logger":"botocore.credentials","filename":"credentials.py","lineno":1364}
{"timestamp":"2026-03-03T03:19:04.281704Z","level":"warning","event":"The `airflow.decorators.task` attribute is deprecated. Please use `'airflow.sdk.task'`.","category":"DeprecatedImportWarning","filename":"/opt/airflow/dags/ETL_Step_1_DynamoDB_S3.py","lineno":10,"logger":"py.warnings"}
{"timestamp":"2026-03-03T03:19:04.281852Z","level":"warning","event":"The `airflow.operators.python.get_current_context` attribute is deprecated. Please use `'airflow.sdk.get_current_context'`.","category":"DeprecatedImportWarning","filename":"/opt/airflow/dags/ETL_Step_1_DynamoDB_S3.py","lineno":12,"logger":"py.warnings"}
{"timestamp":"2026-03-03T03:19:34.653351Z","level":"info","event":"Filling up the DagBag from /opt/airflow/dags/ETL_Step_1_DynamoDB_S3.py","logger":"airflow.models.dagbag.DagBag","filename":"dagbag.py","lineno":593}
{"timestamp":"2026-03-03T03:19:35.376664Z","level":"info","event":"Found credentials in shared credentials file: ~/.aws/credentials","logger":"botocore.credentials","filename":"credentials.py","lineno":1364}
{"timestamp":"2026-03-03T03:19:35.506927Z","level":"warning","event":"The `airflow.decorators.task` attribute is deprecated. Please use `'airflow.sdk.task'`.","category":"DeprecatedImportWarning","filename":"/opt/airflow/dags/ETL_Step_1_DynamoDB_S3.py","lineno":10,"logger":"py.warnings"}
{"timestamp":"2026-03-03T03:19:35.507069Z","level":"warning","event":"The `airflow.operators.python.get_current_context` attribute is deprecated. Please use `'airflow.sdk.get_current_context'`.","category":"DeprecatedImportWarning","filename":"/opt/airflow/dags/ETL_Step_1_DynamoDB_S3.py","lineno":12,"logger":"py.warnings"}
{"timestamp":"2026-03-03T03:20:05.947424Z","level":"info","event":"Filling up the DagBag from /opt/airflow/dags/ETL_Step_1_DynamoDB_S3.py","logger":"airflow.models.dagbag.DagBag","filename":"dagbag.py","lineno":593}
{"timestamp":"2026-03-03T03:20:06.659675Z","level":"info","event":"Found credentials in shared credentials file: ~/.aws/credentials","logger":"botocore.credentials","filename":"credentials.py","lineno":1364}
{"timestamp":"2026-03-03T03:20:06.780913Z","level":"warning","event":"The `airflow.decorators.task` attribute is deprecated. Please use `'airflow.sdk.task'`.","category":"DeprecatedImportWarning","filename":"/opt/airflow/dags/ETL_Step_1_DynamoDB_S3.py","lineno":10,"logger":"py.warnings"}
{"timestamp":"2026-03-03T03:20:06.781046Z","level":"warning","event":"The `airflow.operators.python.get_current_context` attribute is deprecated. Please use `'airflow.sdk.get_current_context'`.","category":"DeprecatedImportWarning","filename":"/opt/airflow/dags/ETL_Step_1_DynamoDB_S3.py","lineno":12,"logger":"py.warnings"}
{"timestamp":"2026-03-03T03:20:37.168653Z","level":"info","event":"Filling up the DagBag from /opt/airflow/dags/ETL_Step_1_DynamoDB_S3.py","logger":"airflow.models.dagbag.DagBag","filename":"dagbag.py","lineno":593}
{"timestamp":"2026-03-03T03:20:37.890509Z","level":"info","event":"Found credentials in shared credentials file: ~/.aws/credentials","logger":"botocore.credentials","filename":"credentials.py","lineno":1364}
{"timestamp":"2026-03-03T03:20:38.038136Z","level":"warning","event":"The `airflow.decorators.task` attribute is deprecated. Please use `'airflow.sdk.task'`.","category":"DeprecatedImportWarning","filename":"/opt/airflow/dags/ETL_Step_1_DynamoDB_S3.py","lineno":10,"logger":"py.warnings"}
{"timestamp":"2026-03-03T03:20:38.038281Z","level":"warning","event":"The `airflow.operators.python.get_current_context` attribute is deprecated. Please use `'airflow.sdk.get_current_context'`.","category":"DeprecatedImportWarning","filename":"/opt/airflow/dags/ETL_Step_1_DynamoDB_S3.py","lineno":12,"logger":"py.warnings"}
{"timestamp":"2026-03-03T03:21:08.419304Z","level":"info","event":"Filling up the DagBag from /opt/airflow/dags/ETL_Step_1_DynamoDB_S3.py","logger":"airflow.models.dagbag.DagBag","filename":"dagbag.py","lineno":593}
{"timestamp":"2026-03-03T03:21:09.169656Z","level":"info","event":"Found credentials in shared credentials file: ~/.aws/credentials","logger":"botocore.credentials","filename":"credentials.py","lineno":1364}
{"timestamp":"2026-03-03T03:21:09.289067Z","level":"warning","event":"The `airflow.decorators.task` attribute is deprecated. Please use `'airflow.sdk.task'`.","category":"DeprecatedImportWarning","filename":"/opt/airflow/dags/ETL_Step_1_DynamoDB_S3.py","lineno":10,"logger":"py.warnings"}
{"timestamp":"2026-03-03T03:21:09.289218Z","level":"warning","event":"The `airflow.operators.python.get_current_context` attribute is deprecated. Please use `'airflow.sdk.get_current_context'`.","category":"DeprecatedImportWarning","filename":"/opt/airflow/dags/ETL_Step_1_DynamoDB_S3.py","lineno":12,"logger":"py.warnings"}
{"timestamp":"2026-03-03T03:21:39.666767Z","level":"info","event":"Filling up the DagBag from /opt/airflow/dags/ETL_Step_1_DynamoDB_S3.py","logger":"airflow.models.dagbag.DagBag","filename":"dagbag.py","lineno":593}
{"timestamp":"2026-03-03T03:21:40.406981Z","level":"info","event":"Found credentials in shared credentials file: ~/.aws/credentials","logger":"botocore.credentials","filename":"credentials.py","lineno":1364}
{"timestamp":"2026-03-03T03:21:40.522186Z","level":"warning","event":"The `airflow.decorators.task` attribute is deprecated. Please use `'airflow.sdk.task'`.","category":"DeprecatedImportWarning","filename":"/opt/airflow/dags/ETL_Step_1_DynamoDB_S3.py","lineno":10,"logger":"py.warnings"}
{"timestamp":"2026-03-03T03:21:40.522315Z","level":"warning","event":"The `airflow.operators.python.get_current_context` attribute is deprecated. Please use `'airflow.sdk.get_current_context'`.","category":"DeprecatedImportWarning","filename":"/opt/airflow/dags/ETL_Step_1_DynamoDB_S3.py","lineno":12,"logger":"py.warnings"}
{"timestamp":"2026-03-03T03:22:10.910735Z","level":"info","event":"Filling up the DagBag from /opt/airflow/dags/ETL_Step_1_DynamoDB_S3.py","logger":"airflow.models.dagbag.DagBag","filename":"dagbag.py","lineno":593}
{"timestamp":"2026-03-03T03:22:11.655527Z","level":"info","event":"Found credentials in shared credentials file: ~/.aws/credentials","logger":"botocore.credentials","filename":"credentials.py","lineno":1364}
{"timestamp":"2026-03-03T03:22:11.787336Z","level":"warning","event":"The `airflow.decorators.task` attribute is deprecated. Please use `'airflow.sdk.task'`.","category":"DeprecatedImportWarning","filename":"/opt/airflow/dags/ETL_Step_1_DynamoDB_S3.py","lineno":10,"logger":"py.warnings"}
{"timestamp":"2026-03-03T03:22:11.787475Z","level":"warning","event":"The `airflow.operators.python.get_current_context` attribute is deprecated. Please use `'airflow.sdk.get_current_context'`.","category":"DeprecatedImportWarning","filename":"/opt/airflow/dags/ETL_Step_1_DynamoDB_S3.py","lineno":12,"logger":"py.warnings"}
{"timestamp":"2026-03-03T03:22:42.215336Z","level":"info","event":"Filling up the DagBag from /opt/airflow/dags/ETL_Step_1_DynamoDB_S3.py","logger":"airflow.models.dagbag.DagBag","filename":"dagbag.py","lineno":593}
{"timestamp":"2026-03-03T03:22:43.027404Z","level":"info","event":"Found credentials in shared credentials file: ~/.aws/credentials","logger":"botocore.credentials","filename":"credentials.py","lineno":1364}
{"timestamp":"2026-03-03T03:22:43.158090Z","level":"warning","event":"The `airflow.decorators.task` attribute is deprecated. Please use `'airflow.sdk.task'`.","category":"DeprecatedImportWarning","filename":"/opt/airflow/dags/ETL_Step_1_DynamoDB_S3.py","lineno":10,"logger":"py.warnings"}
{"timestamp":"2026-03-03T03:22:43.158256Z","level":"warning","event":"The `airflow.operators.python.get_current_context` attribute is deprecated. Please use `'airflow.sdk.get_current_context'`.","category":"DeprecatedImportWarning","filename":"/opt/airflow/dags/ETL_Step_1_DynamoDB_S3.py","lineno":12,"logger":"py.warnings"}
{"timestamp":"2026-03-03T03:23:13.600195Z","level":"info","event":"Filling up the DagBag from /opt/airflow/dags/ETL_Step_1_DynamoDB_S3.py","logger":"airflow.models.dagbag.DagBag","filename":"dagbag.py","lineno":593}
{"timestamp":"2026-03-03T03:23:14.391659Z","level":"info","event":"Found credentials in shared credentials file: ~/.aws/credentials","logger":"botocore.credentials","filename":"credentials.py","lineno":1364}
{"timestamp":"2026-03-03T03:23:14.520591Z","level":"warning","event":"The `airflow.decorators.task` attribute is deprecated. Please use `'airflow.sdk.task'`.","category":"DeprecatedImportWarning","filename":"/opt/airflow/dags/ETL_Step_1_DynamoDB_S3.py","lineno":10,"logger":"py.warnings"}
{"timestamp":"2026-03-03T03:23:14.520783Z","level":"warning","event":"The `airflow.operators.python.get_current_context` attribute is deprecated. Please use `'airflow.sdk.get_current_context'`.","category":"DeprecatedImportWarning","filename":"/opt/airflow/dags/ETL_Step_1_DynamoDB_S3.py","lineno":12,"logger":"py.warnings"}
{"timestamp":"2026-03-03T03:23:44.921138Z","level":"info","event":"Filling up the DagBag from /opt/airflow/dags/ETL_Step_1_DynamoDB_S3.py","logger":"airflow.models.dagbag.DagBag","filename":"dagbag.py","lineno":593}
{"timestamp":"2026-03-03T03:23:45.618053Z","level":"info","event":"Found credentials in shared credentials file: ~/.aws/credentials","logger":"botocore.credentials","filename":"credentials.py","lineno":1364}
{"timestamp":"2026-03-03T03:23:45.742097Z","level":"warning","event":"The `airflow.decorators.task` attribute is deprecated. Please use `'airflow.sdk.task'`.","category":"DeprecatedImportWarning","filename":"/opt/airflow/dags/ETL_Step_1_DynamoDB_S3.py","lineno":10,"logger":"py.warnings"}
{"timestamp":"2026-03-03T03:23:45.742259Z","level":"warning","event":"The `airflow.operators.python.get_current_context` attribute is deprecated. Please use `'airflow.sdk.get_current_context'`.","category":"DeprecatedImportWarning","filename":"/opt/airflow/dags/ETL_Step_1_DynamoDB_S3.py","lineno":12,"logger":"py.warnings"}
{"timestamp":"2026-03-03T03:24:16.119742Z","level":"info","event":"Filling up the DagBag from /opt/airflow/dags/ETL_Step_1_DynamoDB_S3.py","logger":"airflow.models.dagbag.DagBag","filename":"dagbag.py","lineno":593}
{"timestamp":"2026-03-03T03:24:16.823222Z","level":"info","event":"Found credentials in shared credentials file: ~/.aws/credentials","logger":"botocore.credentials","filename":"credentials.py","lineno":1364}
{"timestamp":"2026-03-03T03:24:16.928030Z","level":"warning","event":"The `airflow.decorators.task` attribute is deprecated. Please use `'airflow.sdk.task'`.","category":"DeprecatedImportWarning","filename":"/opt/airflow/dags/ETL_Step_1_DynamoDB_S3.py","lineno":10,"logger":"py.warnings"}
{"timestamp":"2026-03-03T03:24:16.928160Z","level":"warning","event":"The `airflow.operators.python.get_current_context` attribute is deprecated. Please use `'airflow.sdk.get_current_context'`.","category":"DeprecatedImportWarning","filename":"/opt/airflow/dags/ETL_Step_1_DynamoDB_S3.py","lineno":12,"logger":"py.warnings"}
{"timestamp":"2026-03-03T03:24:47.256147Z","level":"info","event":"Filling up the DagBag from /opt/airflow/dags/ETL_Step_1_DynamoDB_S3.py","logger":"airflow.models.dagbag.DagBag","filename":"dagbag.py","lineno":593}
{"timestamp":"2026-03-03T03:24:47.963085Z","level":"info","event":"Found credentials in shared credentials file: ~/.aws/credentials","logger":"botocore.credentials","filename":"credentials.py","lineno":1364}
{"timestamp":"2026-03-03T03:24:48.080998Z","level":"warning","event":"The `airflow.decorators.task` attribute is deprecated. Please use `'airflow.sdk.task'`.","category":"DeprecatedImportWarning","filename":"/opt/airflow/dags/ETL_Step_1_DynamoDB_S3.py","lineno":10,"logger":"py.warnings"}
{"timestamp":"2026-03-03T03:24:48.081133Z","level":"warning","event":"The `airflow.operators.python.get_current_context` attribute is deprecated. Please use `'airflow.sdk.get_current_context'`.","category":"DeprecatedImportWarning","filename":"/opt/airflow/dags/ETL_Step_1_DynamoDB_S3.py","lineno":12,"logger":"py.warnings"}
