{"timestamp":"2026-03-02T02:14:43.598759Z","level":"info","event":"DAG bundles loaded: dags-folder","logger":"airflow.dag_processing.bundles.manager.DagBundlesManager","filename":"manager.py","lineno":179}
{"timestamp":"2026-03-02T02:14:43.599933Z","level":"info","event":"Filling up the DagBag from /opt/airflow/dags/ETL_Step_2_S3_PostgreSQL.py","logger":"airflow.models.dagbag.DagBag","filename":"dagbag.py","lineno":593}
{"timestamp":"2026-03-02T02:14:44.354420Z","level":"info","event":"Found credentials in shared credentials file: ~/.aws/credentials","logger":"botocore.credentials","filename":"credentials.py","lineno":1364}
{"timestamp":"2026-03-02T02:14:44.509816Z","level":"warning","event":"The `airflow.decorators.task` attribute is deprecated. Please use `'airflow.sdk.task'`.","category":"DeprecatedImportWarning","filename":"/opt/airflow/dags/ETL_Step_2_S3_PostgreSQL.py","lineno":13,"logger":"py.warnings"}
{"timestamp":"2026-03-02T02:14:44.509938Z","level":"warning","event":"The `airflow.operators.python.get_current_context` attribute is deprecated. Please use `'airflow.sdk.get_current_context'`.","category":"DeprecatedImportWarning","filename":"/opt/airflow/dags/ETL_Step_2_S3_PostgreSQL.py","lineno":15,"logger":"py.warnings"}
{"timestamp":"2026-03-02T02:14:44.534622Z","level":"info","event":"Start load data into PostgreSQL ...","logger":"task.stdout"}
{"timestamp":"2026-03-02T02:14:44.537028Z","level":"info","event":"Order_ID                 order_01","logger":"task.stdout"}
{"timestamp":"2026-03-02T02:14:44.537390Z","level":"info","event":"Quantity                        3","logger":"task.stdout"}
{"timestamp":"2026-03-02T02:14:44.537724Z","level":"info","event":"Order_date             2024-12-18","logger":"task.stdout"}
{"timestamp":"2026-03-02T02:14:44.537951Z","level":"info","event":"Product_ID             product_23","logger":"task.stdout"}
{"timestamp":"2026-03-02T02:14:44.538158Z","level":"info","event":"Unit_price                  51.72","logger":"task.stdout"}
{"timestamp":"2026-03-02T02:14:44.538340Z","level":"info","event":"Customer_ID           customer_15","logger":"task.stdout"}
{"timestamp":"2026-03-02T02:14:44.538511Z","level":"info","event":"Total_price                155.16","logger":"task.stdout"}
{"timestamp":"2026-03-02T02:14:44.538707Z","level":"info","event":"Order_status              Pending","logger":"task.stdout"}
{"timestamp":"2026-03-02T02:14:44.538907Z","level":"info","event":"Shipping_city             Toronto","logger":"task.stdout"}
{"timestamp":"2026-03-02T02:14:44.539197Z","level":"info","event":"Is_large_order              False","logger":"task.stdout"}
{"timestamp":"2026-03-02T02:14:44.539403Z","level":"info","event":"Payment_method      Bank Transfer","logger":"task.stdout"}
{"timestamp":"2026-03-02T02:14:44.539613Z","level":"info","event":"Shipping_method          Standard","logger":"task.stdout"}
{"timestamp":"2026-03-02T02:14:44.539815Z","level":"info","event":"Shipping_street      824 Broadway","logger":"task.stdout"}
{"timestamp":"2026-03-02T02:14:44.539997Z","level":"info","event":"Shipping_country           Canada","logger":"task.stdout"}
{"timestamp":"2026-03-02T02:14:44.540155Z","level":"info","event":"Name: 1, dtype: object","logger":"task.stdout"}
{"timestamp":"2026-03-02T02:14:44.540373Z","level":"info","event":"Lỗi khi lưu dữ liệu: column \"is_large_order\" is of type boolean but expression is of type double precision","logger":"task.stdout"}
{"timestamp":"2026-03-02T02:14:44.540531Z","level":"info","event":"LINE 3: ...,446.59,'customer_15',1786.36,'Pending','Toronto','NaN'::flo...","logger":"task.stdout"}
{"timestamp":"2026-03-02T02:14:44.540723Z","level":"info","event":"                                                             ^","logger":"task.stdout"}
{"timestamp":"2026-03-02T02:14:44.540932Z","level":"info","event":"HINT:  You will need to rewrite or cast the expression.","logger":"task.stdout"}
{"timestamp":"2026-03-02T02:14:44.541103Z","level":"info","event":"","logger":"task.stdout"}
{"timestamp":"2026-03-02T02:14:44.539278Z","level":"info","event":"Done. Returned value was: None","logger":"airflow.task.operators.airflow.providers.standard.decorators.python._PythonDecoratedOperator","filename":"python.py","lineno":215}
