{"timestamp":"2026-03-02T02:16:34.850632Z","level":"info","event":"DAG bundles loaded: dags-folder","logger":"airflow.dag_processing.bundles.manager.DagBundlesManager","filename":"manager.py","lineno":179}
{"timestamp":"2026-03-02T02:16:34.851684Z","level":"info","event":"Filling up the DagBag from /opt/airflow/dags/ETL_Step_2_S3_PostgreSQL.py","logger":"airflow.models.dagbag.DagBag","filename":"dagbag.py","lineno":593}
{"timestamp":"2026-03-02T02:16:35.502331Z","level":"info","event":"Found credentials in shared credentials file: ~/.aws/credentials","logger":"botocore.credentials","filename":"credentials.py","lineno":1364}
{"timestamp":"2026-03-02T02:16:35.632881Z","level":"warning","event":"The `airflow.decorators.task` attribute is deprecated. Please use `'airflow.sdk.task'`.","category":"DeprecatedImportWarning","filename":"/opt/airflow/dags/ETL_Step_2_S3_PostgreSQL.py","lineno":13,"logger":"py.warnings"}
{"timestamp":"2026-03-02T02:16:35.632998Z","level":"warning","event":"The `airflow.operators.python.get_current_context` attribute is deprecated. Please use `'airflow.sdk.get_current_context'`.","category":"DeprecatedImportWarning","filename":"/opt/airflow/dags/ETL_Step_2_S3_PostgreSQL.py","lineno":15,"logger":"py.warnings"}
{"timestamp":"2026-03-02T02:16:35.654963Z","level":"info","event":"Start load data into PostgreSQL ...","logger":"task.stdout"}
{"timestamp":"2026-03-02T02:16:35.657688Z","level":"info","event":"Order_ID                 order_01","logger":"task.stdout"}
{"timestamp":"2026-03-02T02:16:35.658247Z","level":"info","event":"Quantity                        4","logger":"task.stdout"}
{"timestamp":"2026-03-02T02:16:35.658604Z","level":"info","event":"Order_date             2024-12-18","logger":"task.stdout"}
{"timestamp":"2026-03-02T02:16:35.658954Z","level":"info","event":"Product_ID             product_07","logger":"task.stdout"}
{"timestamp":"2026-03-02T02:16:35.659341Z","level":"info","event":"Unit_price                 446.59","logger":"task.stdout"}
{"timestamp":"2026-03-02T02:16:35.660229Z","level":"info","event":"Customer_ID           customer_15","logger":"task.stdout"}
{"timestamp":"2026-03-02T02:16:35.660637Z","level":"info","event":"Total_price               1786.36","logger":"task.stdout"}
{"timestamp":"2026-03-02T02:16:35.661010Z","level":"info","event":"Order_status              Pending","logger":"task.stdout"}
{"timestamp":"2026-03-02T02:16:35.661515Z","level":"info","event":"Shipping_city             Toronto","logger":"task.stdout"}
{"timestamp":"2026-03-02T02:16:35.661778Z","level":"info","event":"Is_large_order                NaN","logger":"task.stdout"}
{"timestamp":"2026-03-02T02:16:35.662225Z","level":"info","event":"Payment_method      Bank Transfer","logger":"task.stdout"}
{"timestamp":"2026-03-02T02:16:35.662435Z","level":"info","event":"Shipping_method          Standard","logger":"task.stdout"}
{"timestamp":"2026-03-02T02:16:35.662845Z","level":"info","event":"Shipping_street      824 Broadway","logger":"task.stdout"}
{"timestamp":"2026-03-02T02:16:35.662990Z","level":"info","event":"Shipping_country           Canada","logger":"task.stdout"}
{"timestamp":"2026-03-02T02:16:35.663250Z","level":"info","event":"Name: 0, dtype: object","logger":"task.stdout"}
{"timestamp":"2026-03-02T02:16:35.663424Z","level":"info","event":"Lỗi khi lưu dữ liệu: column \"is_large_order\" is of type boolean but expression is of type double precision","logger":"task.stdout"}
{"timestamp":"2026-03-02T02:16:35.663588Z","level":"info","event":"LINE 3: ...,446.59,'customer_15',1786.36,'Pending','Toronto','NaN'::flo...","logger":"task.stdout"}
{"timestamp":"2026-03-02T02:16:35.663722Z","level":"info","event":"                                                             ^","logger":"task.stdout"}
{"timestamp":"2026-03-02T02:16:35.663979Z","level":"info","event":"HINT:  You will need to rewrite or cast the expression.","logger":"task.stdout"}
{"timestamp":"2026-03-02T02:16:35.664102Z","level":"info","event":"","logger":"task.stdout"}
{"timestamp":"2026-03-02T02:16:35.659815Z","level":"info","event":"Done. Returned value was: None","logger":"airflow.task.operators.airflow.providers.standard.decorators.python._PythonDecoratedOperator","filename":"python.py","lineno":215}
