{"timestamp":"2026-03-02T02:11:14.193186Z","level":"info","event":"DAG bundles loaded: dags-folder","logger":"airflow.dag_processing.bundles.manager.DagBundlesManager","filename":"manager.py","lineno":179}
{"timestamp":"2026-03-02T02:11:14.194365Z","level":"info","event":"Filling up the DagBag from /opt/airflow/dags/ETL_Step_2_S3_PostgreSQL.py","logger":"airflow.models.dagbag.DagBag","filename":"dagbag.py","lineno":593}
{"timestamp":"2026-03-02T02:11:14.808071Z","level":"info","event":"Found credentials in shared credentials file: ~/.aws/credentials","logger":"botocore.credentials","filename":"credentials.py","lineno":1364}
{"timestamp":"2026-03-02T02:11:14.936025Z","level":"warning","event":"The `airflow.decorators.task` attribute is deprecated. Please use `'airflow.sdk.task'`.","category":"DeprecatedImportWarning","filename":"/opt/airflow/dags/ETL_Step_2_S3_PostgreSQL.py","lineno":13,"logger":"py.warnings"}
{"timestamp":"2026-03-02T02:11:14.936153Z","level":"warning","event":"The `airflow.operators.python.get_current_context` attribute is deprecated. Please use `'airflow.sdk.get_current_context'`.","category":"DeprecatedImportWarning","filename":"/opt/airflow/dags/ETL_Step_2_S3_PostgreSQL.py","lineno":15,"logger":"py.warnings"}
{"timestamp":"2026-03-02T02:11:14.959879Z","level":"info","event":"Start load data into PostgreSQL ...","logger":"task.stdout"}
{"timestamp":"2026-03-02T02:11:14.960976Z","level":"info","event":"Order_ID                 order_01","logger":"task.stdout"}
{"timestamp":"2026-03-02T02:11:14.961521Z","level":"info","event":"Quantity                        4","logger":"task.stdout"}
{"timestamp":"2026-03-02T02:11:14.962098Z","level":"info","event":"Order_date             2024-12-18","logger":"task.stdout"}
{"timestamp":"2026-03-02T02:11:14.962663Z","level":"info","event":"Product_ID             product_07","logger":"task.stdout"}
{"timestamp":"2026-03-02T02:11:14.963182Z","level":"info","event":"Unit_price                 446.59","logger":"task.stdout"}
{"timestamp":"2026-03-02T02:11:14.963562Z","level":"info","event":"Customer_ID           customer_15","logger":"task.stdout"}
{"timestamp":"2026-03-02T02:11:14.963860Z","level":"info","event":"Total_price               1786.36","logger":"task.stdout"}
{"timestamp":"2026-03-02T02:11:14.964166Z","level":"info","event":"Order_status              Pending","logger":"task.stdout"}
{"timestamp":"2026-03-02T02:11:14.964536Z","level":"info","event":"Shipping_city             Toronto","logger":"task.stdout"}
{"timestamp":"2026-03-02T02:11:14.964948Z","level":"info","event":"Is_large_order               True","logger":"task.stdout"}
{"timestamp":"2026-03-02T02:11:14.965381Z","level":"info","event":"Payment_method      Bank Transfer","logger":"task.stdout"}
{"timestamp":"2026-03-02T02:11:14.965787Z","level":"info","event":"Shipping_method          Standard","logger":"task.stdout"}
{"timestamp":"2026-03-02T02:11:14.966196Z","level":"info","event":"Shipping_street      824 Broadway","logger":"task.stdout"}
{"timestamp":"2026-03-02T02:11:14.966610Z","level":"info","event":"Shipping_country           Canada","logger":"task.stdout"}
{"timestamp":"2026-03-02T02:11:14.966980Z","level":"info","event":"Name: 0, dtype: object","logger":"task.stdout"}
{"timestamp":"2026-03-02T02:11:14.963463Z","level":"error","event":"Task failed with exception","logger":"task","filename":"task_runner.py","lineno":999,"error_detail":[{"exc_type":"InvalidSchemaName","exc_value":"schema \"orders\" does not exist\nLINE 2:         CREATE TABLE IF NOT EXISTS orders.order_details (\n                                           ^\n","exc_notes":[],"syntax_error":null,"is_cause":false,"frames":[{"filename":"/home/airflow/.local/lib/python3.12/site-packages/airflow/sdk/execution_time/task_runner.py","lineno":925,"name":"run"},{"filename":"/home/airflow/.local/lib/python3.12/site-packages/airflow/sdk/execution_time/task_runner.py","lineno":1312,"name":"_execute_task"},{"filename":"/home/airflow/.local/lib/python3.12/site-packages/airflow/sdk/bases/operator.py","lineno":416,"name":"wrapper"},{"filename":"/home/airflow/.local/lib/python3.12/site-packages/airflow/sdk/bases/decorator.py","lineno":252,"name":"execute"},{"filename":"/home/airflow/.local/lib/python3.12/site-packages/airflow/sdk/bases/operator.py","lineno":416,"name":"wrapper"},{"filename":"/home/airflow/.local/lib/python3.12/site-packages/airflow/providers/standard/operators/python.py","lineno":213,"name":"execute"},{"filename":"/home/airflow/.local/lib/python3.12/site-packages/airflow/providers/standard/operators/python.py","lineno":236,"name":"execute_callable"},{"filename":"/home/airflow/.local/lib/python3.12/site-packages/airflow/sdk/execution_time/callback_runner.py","lineno":82,"name":"run"},{"filename":"/opt/airflow/dags/ETL_Step_2_S3_PostgreSQL.py","lineno":123,"name":"load_to_postgre"},{"filename":"/opt/airflow/dags/common/postgreSQL.py","lineno":45,"name":"save_to_postgre"},{"filename":"/opt/airflow/dags/common/postgreSQL.py","lineno":39,"name":"check_table_exists"}],"is_group":false,"exceptions":[]}]}
