{"timestamp":"2026-03-02T02:02:05.407535Z","level":"info","event":"Filling up the DagBag from /opt/airflow/dags/ETL_Step_2_S3_PostgreSQL.py","logger":"airflow.models.dagbag.DagBag","filename":"dagbag.py","lineno":593}
{"timestamp":"2026-03-02T02:02:05.427851Z","level":"error","event":"Failed to import: /opt/airflow/dags/ETL_Step_2_S3_PostgreSQL.py","logger":"airflow.models.dagbag.DagBag","filename":"dagbag.py","lineno":415,"error_detail":[{"exc_type":"IndentationError","exc_value":"unexpected indent (ETL_Step_2_S3_PostgreSQL.py, line 140)","exc_notes":[],"syntax_error":{"offset":20,"filename":"/opt/airflow/dags/ETL_Step_2_S3_PostgreSQL.py","line":"                    >> load_data_to_postgre","lineno":140,"msg":"unexpected indent"},"is_cause":false,"frames":[{"filename":"/home/airflow/.local/lib/python3.12/site-packages/airflow/models/dagbag.py","lineno":405,"name":"parse"},{"filename":"<frozen importlib._bootstrap_external>","lineno":995,"name":"exec_module"},{"filename":"<frozen importlib._bootstrap_external>","lineno":1133,"name":"get_code"},{"filename":"<frozen importlib._bootstrap_external>","lineno":1063,"name":"source_to_code"},{"filename":"<frozen importlib._bootstrap>","lineno":488,"name":"_call_with_frames_removed"}],"is_group":false,"exceptions":[]}]}
{"timestamp":"2026-03-02T02:02:14.316375Z","level":"info","event":"Filling up the DagBag from /opt/airflow/dags/ETL_Step_2_S3_PostgreSQL.py","logger":"airflow.models.dagbag.DagBag","filename":"dagbag.py","lineno":593}
{"timestamp":"2026-03-02T02:02:14.948363Z","level":"info","event":"Found credentials in shared credentials file: ~/.aws/credentials","logger":"botocore.credentials","filename":"credentials.py","lineno":1364}
{"timestamp":"2026-03-02T02:02:15.083027Z","level":"warning","event":"The `airflow.decorators.task` attribute is deprecated. Please use `'airflow.sdk.task'`.","category":"DeprecatedImportWarning","filename":"/opt/airflow/dags/ETL_Step_2_S3_PostgreSQL.py","lineno":13,"logger":"py.warnings"}
{"timestamp":"2026-03-02T02:02:15.083217Z","level":"warning","event":"The `airflow.operators.python.get_current_context` attribute is deprecated. Please use `'airflow.sdk.get_current_context'`.","category":"DeprecatedImportWarning","filename":"/opt/airflow/dags/ETL_Step_2_S3_PostgreSQL.py","lineno":15,"logger":"py.warnings"}
{"timestamp":"2026-03-02T02:02:17.164885Z","level":"info","event":"Filling up the DagBag from /opt/airflow/dags/ETL_Step_2_S3_PostgreSQL.py","logger":"airflow.models.dagbag.DagBag","filename":"dagbag.py","lineno":593}
{"timestamp":"2026-03-02T02:02:17.182875Z","level":"error","event":"Failed to import: /opt/airflow/dags/ETL_Step_2_S3_PostgreSQL.py","logger":"airflow.models.dagbag.DagBag","filename":"dagbag.py","lineno":415,"error_detail":[{"exc_type":"IndentationError","exc_value":"unexpected indent (ETL_Step_2_S3_PostgreSQL.py, line 140)","exc_notes":[],"syntax_error":{"offset":20,"filename":"/opt/airflow/dags/ETL_Step_2_S3_PostgreSQL.py","line":"                    >> load_data_to_postgre","lineno":140,"msg":"unexpected indent"},"is_cause":false,"frames":[{"filename":"/home/airflow/.local/lib/python3.12/site-packages/airflow/models/dagbag.py","lineno":405,"name":"parse"},{"filename":"<frozen importlib._bootstrap_external>","lineno":995,"name":"exec_module"},{"filename":"<frozen importlib._bootstrap_external>","lineno":1133,"name":"get_code"},{"filename":"<frozen importlib._bootstrap_external>","lineno":1063,"name":"source_to_code"},{"filename":"<frozen importlib._bootstrap>","lineno":488,"name":"_call_with_frames_removed"}],"is_group":false,"exceptions":[]}]}
{"timestamp":"2026-03-02T02:02:22.282335Z","level":"info","event":"Filling up the DagBag from /opt/airflow/dags/ETL_Step_2_S3_PostgreSQL.py","logger":"airflow.models.dagbag.DagBag","filename":"dagbag.py","lineno":593}
{"timestamp":"2026-03-02T02:02:22.299235Z","level":"error","event":"Failed to import: /opt/airflow/dags/ETL_Step_2_S3_PostgreSQL.py","logger":"airflow.models.dagbag.DagBag","filename":"dagbag.py","lineno":415,"error_detail":[{"exc_type":"IndentationError","exc_value":"unexpected indent (ETL_Step_2_S3_PostgreSQL.py, line 141)","exc_notes":[],"syntax_error":{"offset":20,"filename":"/opt/airflow/dags/ETL_Step_2_S3_PostgreSQL.py","line":"                    >> load_data_to_postgre","lineno":141,"msg":"unexpected indent"},"is_cause":false,"frames":[{"filename":"/home/airflow/.local/lib/python3.12/site-packages/airflow/models/dagbag.py","lineno":405,"name":"parse"},{"filename":"<frozen importlib._bootstrap_external>","lineno":995,"name":"exec_module"},{"filename":"<frozen importlib._bootstrap_external>","lineno":1133,"name":"get_code"},{"filename":"<frozen importlib._bootstrap_external>","lineno":1063,"name":"source_to_code"},{"filename":"<frozen importlib._bootstrap>","lineno":488,"name":"_call_with_frames_removed"}],"is_group":false,"exceptions":[]}]}
{"timestamp":"2026-03-02T02:02:23.374915Z","level":"info","event":"Filling up the DagBag from /opt/airflow/dags/ETL_Step_2_S3_PostgreSQL.py","logger":"airflow.models.dagbag.DagBag","filename":"dagbag.py","lineno":593}
{"timestamp":"2026-03-02T02:02:23.396697Z","level":"error","event":"Failed to import: /opt/airflow/dags/ETL_Step_2_S3_PostgreSQL.py","logger":"airflow.models.dagbag.DagBag","filename":"dagbag.py","lineno":415,"error_detail":[{"exc_type":"IndentationError","exc_value":"unexpected indent (ETL_Step_2_S3_PostgreSQL.py, line 141)","exc_notes":[],"syntax_error":{"offset":20,"filename":"/opt/airflow/dags/ETL_Step_2_S3_PostgreSQL.py","line":"                    >> load_data_to_postgre","lineno":141,"msg":"unexpected indent"},"is_cause":false,"frames":[{"filename":"/home/airflow/.local/lib/python3.12/site-packages/airflow/models/dagbag.py","lineno":405,"name":"parse"},{"filename":"<frozen importlib._bootstrap_external>","lineno":995,"name":"exec_module"},{"filename":"<frozen importlib._bootstrap_external>","lineno":1133,"name":"get_code"},{"filename":"<frozen importlib._bootstrap_external>","lineno":1063,"name":"source_to_code"},{"filename":"<frozen importlib._bootstrap>","lineno":488,"name":"_call_with_frames_removed"}],"is_group":false,"exceptions":[]}]}
{"timestamp":"2026-03-02T02:02:26.478926Z","level":"info","event":"Filling up the DagBag from /opt/airflow/dags/ETL_Step_2_S3_PostgreSQL.py","logger":"airflow.models.dagbag.DagBag","filename":"dagbag.py","lineno":593}
{"timestamp":"2026-03-02T02:02:27.177695Z","level":"info","event":"Found credentials in shared credentials file: ~/.aws/credentials","logger":"botocore.credentials","filename":"credentials.py","lineno":1364}
{"timestamp":"2026-03-02T02:02:27.296906Z","level":"warning","event":"The `airflow.decorators.task` attribute is deprecated. Please use `'airflow.sdk.task'`.","category":"DeprecatedImportWarning","filename":"/opt/airflow/dags/ETL_Step_2_S3_PostgreSQL.py","lineno":13,"logger":"py.warnings"}
{"timestamp":"2026-03-02T02:02:27.297105Z","level":"warning","event":"The `airflow.operators.python.get_current_context` attribute is deprecated. Please use `'airflow.sdk.get_current_context'`.","category":"DeprecatedImportWarning","filename":"/opt/airflow/dags/ETL_Step_2_S3_PostgreSQL.py","lineno":15,"logger":"py.warnings"}
{"timestamp":"2026-03-02T02:02:57.353221Z","level":"info","event":"Filling up the DagBag from /opt/airflow/dags/ETL_Step_2_S3_PostgreSQL.py","logger":"airflow.models.dagbag.DagBag","filename":"dagbag.py","lineno":593}
{"timestamp":"2026-03-02T02:02:58.013656Z","level":"info","event":"Found credentials in shared credentials file: ~/.aws/credentials","logger":"botocore.credentials","filename":"credentials.py","lineno":1364}
{"timestamp":"2026-03-02T02:02:58.140162Z","level":"warning","event":"The `airflow.decorators.task` attribute is deprecated. Please use `'airflow.sdk.task'`.","category":"DeprecatedImportWarning","filename":"/opt/airflow/dags/ETL_Step_2_S3_PostgreSQL.py","lineno":13,"logger":"py.warnings"}
{"timestamp":"2026-03-02T02:02:58.140285Z","level":"warning","event":"The `airflow.operators.python.get_current_context` attribute is deprecated. Please use `'airflow.sdk.get_current_context'`.","category":"DeprecatedImportWarning","filename":"/opt/airflow/dags/ETL_Step_2_S3_PostgreSQL.py","lineno":15,"logger":"py.warnings"}
{"timestamp":"2026-03-02T02:03:28.516482Z","level":"info","event":"Filling up the DagBag from /opt/airflow/dags/ETL_Step_2_S3_PostgreSQL.py","logger":"airflow.models.dagbag.DagBag","filename":"dagbag.py","lineno":593}
{"timestamp":"2026-03-02T02:03:29.282263Z","level":"info","event":"Found credentials in shared credentials file: ~/.aws/credentials","logger":"botocore.credentials","filename":"credentials.py","lineno":1364}
{"timestamp":"2026-03-02T02:03:29.572785Z","level":"warning","event":"The `airflow.decorators.task` attribute is deprecated. Please use `'airflow.sdk.task'`.","category":"DeprecatedImportWarning","filename":"/opt/airflow/dags/ETL_Step_2_S3_PostgreSQL.py","lineno":13,"logger":"py.warnings"}
{"timestamp":"2026-03-02T02:03:29.572926Z","level":"warning","event":"The `airflow.operators.python.get_current_context` attribute is deprecated. Please use `'airflow.sdk.get_current_context'`.","category":"DeprecatedImportWarning","filename":"/opt/airflow/dags/ETL_Step_2_S3_PostgreSQL.py","lineno":15,"logger":"py.warnings"}
{"timestamp":"2026-03-02T02:03:59.738517Z","level":"info","event":"Filling up the DagBag from /opt/airflow/dags/ETL_Step_2_S3_PostgreSQL.py","logger":"airflow.models.dagbag.DagBag","filename":"dagbag.py","lineno":593}
{"timestamp":"2026-03-02T02:04:00.451233Z","level":"info","event":"Found credentials in shared credentials file: ~/.aws/credentials","logger":"botocore.credentials","filename":"credentials.py","lineno":1364}
{"timestamp":"2026-03-02T02:04:00.594036Z","level":"warning","event":"The `airflow.decorators.task` attribute is deprecated. Please use `'airflow.sdk.task'`.","category":"DeprecatedImportWarning","filename":"/opt/airflow/dags/ETL_Step_2_S3_PostgreSQL.py","lineno":13,"logger":"py.warnings"}
{"timestamp":"2026-03-02T02:04:00.594169Z","level":"warning","event":"The `airflow.operators.python.get_current_context` attribute is deprecated. Please use `'airflow.sdk.get_current_context'`.","category":"DeprecatedImportWarning","filename":"/opt/airflow/dags/ETL_Step_2_S3_PostgreSQL.py","lineno":15,"logger":"py.warnings"}
{"timestamp":"2026-03-02T02:04:30.742502Z","level":"info","event":"Filling up the DagBag from /opt/airflow/dags/ETL_Step_2_S3_PostgreSQL.py","logger":"airflow.models.dagbag.DagBag","filename":"dagbag.py","lineno":593}
{"timestamp":"2026-03-02T02:04:31.388208Z","level":"info","event":"Found credentials in shared credentials file: ~/.aws/credentials","logger":"botocore.credentials","filename":"credentials.py","lineno":1364}
{"timestamp":"2026-03-02T02:04:31.527616Z","level":"warning","event":"The `airflow.decorators.task` attribute is deprecated. Please use `'airflow.sdk.task'`.","category":"DeprecatedImportWarning","filename":"/opt/airflow/dags/ETL_Step_2_S3_PostgreSQL.py","lineno":13,"logger":"py.warnings"}
{"timestamp":"2026-03-02T02:04:31.527751Z","level":"warning","event":"The `airflow.operators.python.get_current_context` attribute is deprecated. Please use `'airflow.sdk.get_current_context'`.","category":"DeprecatedImportWarning","filename":"/opt/airflow/dags/ETL_Step_2_S3_PostgreSQL.py","lineno":15,"logger":"py.warnings"}
{"timestamp":"2026-03-02T02:05:01.759898Z","level":"info","event":"Filling up the DagBag from /opt/airflow/dags/ETL_Step_2_S3_PostgreSQL.py","logger":"airflow.models.dagbag.DagBag","filename":"dagbag.py","lineno":593}
{"timestamp":"2026-03-02T02:05:02.449399Z","level":"info","event":"Found credentials in shared credentials file: ~/.aws/credentials","logger":"botocore.credentials","filename":"credentials.py","lineno":1364}
{"timestamp":"2026-03-02T02:05:02.590407Z","level":"warning","event":"The `airflow.decorators.task` attribute is deprecated. Please use `'airflow.sdk.task'`.","category":"DeprecatedImportWarning","filename":"/opt/airflow/dags/ETL_Step_2_S3_PostgreSQL.py","lineno":13,"logger":"py.warnings"}
{"timestamp":"2026-03-02T02:05:02.590550Z","level":"warning","event":"The `airflow.operators.python.get_current_context` attribute is deprecated. Please use `'airflow.sdk.get_current_context'`.","category":"DeprecatedImportWarning","filename":"/opt/airflow/dags/ETL_Step_2_S3_PostgreSQL.py","lineno":15,"logger":"py.warnings"}
{"timestamp":"2026-03-02T02:05:32.876292Z","level":"info","event":"Filling up the DagBag from /opt/airflow/dags/ETL_Step_2_S3_PostgreSQL.py","logger":"airflow.models.dagbag.DagBag","filename":"dagbag.py","lineno":593}
{"timestamp":"2026-03-02T02:05:33.613698Z","level":"info","event":"Found credentials in shared credentials file: ~/.aws/credentials","logger":"botocore.credentials","filename":"credentials.py","lineno":1364}
{"timestamp":"2026-03-02T02:05:33.761125Z","level":"warning","event":"The `airflow.decorators.task` attribute is deprecated. Please use `'airflow.sdk.task'`.","category":"DeprecatedImportWarning","filename":"/opt/airflow/dags/ETL_Step_2_S3_PostgreSQL.py","lineno":13,"logger":"py.warnings"}
{"timestamp":"2026-03-02T02:05:33.761261Z","level":"warning","event":"The `airflow.operators.python.get_current_context` attribute is deprecated. Please use `'airflow.sdk.get_current_context'`.","category":"DeprecatedImportWarning","filename":"/opt/airflow/dags/ETL_Step_2_S3_PostgreSQL.py","lineno":15,"logger":"py.warnings"}
{"timestamp":"2026-03-02T02:06:03.937772Z","level":"info","event":"Filling up the DagBag from /opt/airflow/dags/ETL_Step_2_S3_PostgreSQL.py","logger":"airflow.models.dagbag.DagBag","filename":"dagbag.py","lineno":593}
{"timestamp":"2026-03-02T02:06:04.558195Z","level":"info","event":"Found credentials in shared credentials file: ~/.aws/credentials","logger":"botocore.credentials","filename":"credentials.py","lineno":1364}
{"timestamp":"2026-03-02T02:06:04.690949Z","level":"warning","event":"The `airflow.decorators.task` attribute is deprecated. Please use `'airflow.sdk.task'`.","category":"DeprecatedImportWarning","filename":"/opt/airflow/dags/ETL_Step_2_S3_PostgreSQL.py","lineno":13,"logger":"py.warnings"}
{"timestamp":"2026-03-02T02:06:04.691077Z","level":"warning","event":"The `airflow.operators.python.get_current_context` attribute is deprecated. Please use `'airflow.sdk.get_current_context'`.","category":"DeprecatedImportWarning","filename":"/opt/airflow/dags/ETL_Step_2_S3_PostgreSQL.py","lineno":15,"logger":"py.warnings"}
{"timestamp":"2026-03-02T02:06:34.971613Z","level":"info","event":"Filling up the DagBag from /opt/airflow/dags/ETL_Step_2_S3_PostgreSQL.py","logger":"airflow.models.dagbag.DagBag","filename":"dagbag.py","lineno":593}
{"timestamp":"2026-03-02T02:06:35.625336Z","level":"info","event":"Found credentials in shared credentials file: ~/.aws/credentials","logger":"botocore.credentials","filename":"credentials.py","lineno":1364}
{"timestamp":"2026-03-02T02:06:35.775304Z","level":"warning","event":"The `airflow.decorators.task` attribute is deprecated. Please use `'airflow.sdk.task'`.","category":"DeprecatedImportWarning","filename":"/opt/airflow/dags/ETL_Step_2_S3_PostgreSQL.py","lineno":13,"logger":"py.warnings"}
{"timestamp":"2026-03-02T02:06:35.775435Z","level":"warning","event":"The `airflow.operators.python.get_current_context` attribute is deprecated. Please use `'airflow.sdk.get_current_context'`.","category":"DeprecatedImportWarning","filename":"/opt/airflow/dags/ETL_Step_2_S3_PostgreSQL.py","lineno":15,"logger":"py.warnings"}
{"timestamp":"2026-03-02T02:06:49.003278Z","level":"info","event":"Filling up the DagBag from /opt/airflow/dags/ETL_Step_2_S3_PostgreSQL.py","logger":"airflow.models.dagbag.DagBag","filename":"dagbag.py","lineno":593}
{"timestamp":"2026-03-02T02:06:49.622773Z","level":"info","event":"Found credentials in shared credentials file: ~/.aws/credentials","logger":"botocore.credentials","filename":"credentials.py","lineno":1364}
{"timestamp":"2026-03-02T02:06:49.765713Z","level":"warning","event":"The `airflow.decorators.task` attribute is deprecated. Please use `'airflow.sdk.task'`.","category":"DeprecatedImportWarning","filename":"/opt/airflow/dags/ETL_Step_2_S3_PostgreSQL.py","lineno":13,"logger":"py.warnings"}
{"timestamp":"2026-03-02T02:06:49.765860Z","level":"warning","event":"The `airflow.operators.python.get_current_context` attribute is deprecated. Please use `'airflow.sdk.get_current_context'`.","category":"DeprecatedImportWarning","filename":"/opt/airflow/dags/ETL_Step_2_S3_PostgreSQL.py","lineno":15,"logger":"py.warnings"}
{"timestamp":"2026-03-02T02:06:50.860099Z","level":"info","event":"Filling up the DagBag from /opt/airflow/dags/ETL_Step_2_S3_PostgreSQL.py","logger":"airflow.models.dagbag.DagBag","filename":"dagbag.py","lineno":593}
{"timestamp":"2026-03-02T02:06:51.517608Z","level":"info","event":"Found credentials in shared credentials file: ~/.aws/credentials","logger":"botocore.credentials","filename":"credentials.py","lineno":1364}
{"timestamp":"2026-03-02T02:06:51.656586Z","level":"warning","event":"The `airflow.decorators.task` attribute is deprecated. Please use `'airflow.sdk.task'`.","category":"DeprecatedImportWarning","filename":"/opt/airflow/dags/ETL_Step_2_S3_PostgreSQL.py","lineno":13,"logger":"py.warnings"}
{"timestamp":"2026-03-02T02:06:51.656719Z","level":"warning","event":"The `airflow.operators.python.get_current_context` attribute is deprecated. Please use `'airflow.sdk.get_current_context'`.","category":"DeprecatedImportWarning","filename":"/opt/airflow/dags/ETL_Step_2_S3_PostgreSQL.py","lineno":15,"logger":"py.warnings"}
{"timestamp":"2026-03-02T02:07:21.939077Z","level":"info","event":"Filling up the DagBag from /opt/airflow/dags/ETL_Step_2_S3_PostgreSQL.py","logger":"airflow.models.dagbag.DagBag","filename":"dagbag.py","lineno":593}
{"timestamp":"2026-03-02T02:07:22.631066Z","level":"info","event":"Found credentials in shared credentials file: ~/.aws/credentials","logger":"botocore.credentials","filename":"credentials.py","lineno":1364}
{"timestamp":"2026-03-02T02:07:22.770975Z","level":"warning","event":"The `airflow.decorators.task` attribute is deprecated. Please use `'airflow.sdk.task'`.","category":"DeprecatedImportWarning","filename":"/opt/airflow/dags/ETL_Step_2_S3_PostgreSQL.py","lineno":13,"logger":"py.warnings"}
{"timestamp":"2026-03-02T02:07:22.771109Z","level":"warning","event":"The `airflow.operators.python.get_current_context` attribute is deprecated. Please use `'airflow.sdk.get_current_context'`.","category":"DeprecatedImportWarning","filename":"/opt/airflow/dags/ETL_Step_2_S3_PostgreSQL.py","lineno":15,"logger":"py.warnings"}
{"timestamp":"2026-03-02T02:07:52.940191Z","level":"info","event":"Filling up the DagBag from /opt/airflow/dags/ETL_Step_2_S3_PostgreSQL.py","logger":"airflow.models.dagbag.DagBag","filename":"dagbag.py","lineno":593}
{"timestamp":"2026-03-02T02:07:53.597156Z","level":"info","event":"Found credentials in shared credentials file: ~/.aws/credentials","logger":"botocore.credentials","filename":"credentials.py","lineno":1364}
{"timestamp":"2026-03-02T02:07:53.749022Z","level":"warning","event":"The `airflow.decorators.task` attribute is deprecated. Please use `'airflow.sdk.task'`.","category":"DeprecatedImportWarning","filename":"/opt/airflow/dags/ETL_Step_2_S3_PostgreSQL.py","lineno":13,"logger":"py.warnings"}
{"timestamp":"2026-03-02T02:07:53.749177Z","level":"warning","event":"The `airflow.operators.python.get_current_context` attribute is deprecated. Please use `'airflow.sdk.get_current_context'`.","category":"DeprecatedImportWarning","filename":"/opt/airflow/dags/ETL_Step_2_S3_PostgreSQL.py","lineno":15,"logger":"py.warnings"}
{"timestamp":"2026-03-02T02:08:22.004637Z","level":"info","event":"Filling up the DagBag from /opt/airflow/dags/ETL_Step_2_S3_PostgreSQL.py","logger":"airflow.models.dagbag.DagBag","filename":"dagbag.py","lineno":593}
{"timestamp":"2026-03-02T02:08:22.685407Z","level":"info","event":"Found credentials in shared credentials file: ~/.aws/credentials","logger":"botocore.credentials","filename":"credentials.py","lineno":1364}
{"timestamp":"2026-03-02T02:08:22.832205Z","level":"warning","event":"The `airflow.decorators.task` attribute is deprecated. Please use `'airflow.sdk.task'`.","category":"DeprecatedImportWarning","filename":"/opt/airflow/dags/ETL_Step_2_S3_PostgreSQL.py","lineno":13,"logger":"py.warnings"}
{"timestamp":"2026-03-02T02:08:22.832394Z","level":"warning","event":"The `airflow.operators.python.get_current_context` attribute is deprecated. Please use `'airflow.sdk.get_current_context'`.","category":"DeprecatedImportWarning","filename":"/opt/airflow/dags/ETL_Step_2_S3_PostgreSQL.py","lineno":15,"logger":"py.warnings"}
{"timestamp":"2026-03-02T02:08:24.923660Z","level":"info","event":"Filling up the DagBag from /opt/airflow/dags/ETL_Step_2_S3_PostgreSQL.py","logger":"airflow.models.dagbag.DagBag","filename":"dagbag.py","lineno":593}
{"timestamp":"2026-03-02T02:08:25.610898Z","level":"info","event":"Found credentials in shared credentials file: ~/.aws/credentials","logger":"botocore.credentials","filename":"credentials.py","lineno":1364}
{"timestamp":"2026-03-02T02:08:25.765013Z","level":"warning","event":"The `airflow.decorators.task` attribute is deprecated. Please use `'airflow.sdk.task'`.","category":"DeprecatedImportWarning","filename":"/opt/airflow/dags/ETL_Step_2_S3_PostgreSQL.py","lineno":13,"logger":"py.warnings"}
{"timestamp":"2026-03-02T02:08:25.765162Z","level":"warning","event":"The `airflow.operators.python.get_current_context` attribute is deprecated. Please use `'airflow.sdk.get_current_context'`.","category":"DeprecatedImportWarning","filename":"/opt/airflow/dags/ETL_Step_2_S3_PostgreSQL.py","lineno":15,"logger":"py.warnings"}
{"timestamp":"2026-03-02T02:08:32.902060Z","level":"info","event":"Filling up the DagBag from /opt/airflow/dags/ETL_Step_2_S3_PostgreSQL.py","logger":"airflow.models.dagbag.DagBag","filename":"dagbag.py","lineno":593}
{"timestamp":"2026-03-02T02:08:33.571147Z","level":"info","event":"Found credentials in shared credentials file: ~/.aws/credentials","logger":"botocore.credentials","filename":"credentials.py","lineno":1364}
{"timestamp":"2026-03-02T02:08:33.718010Z","level":"warning","event":"The `airflow.decorators.task` attribute is deprecated. Please use `'airflow.sdk.task'`.","category":"DeprecatedImportWarning","filename":"/opt/airflow/dags/ETL_Step_2_S3_PostgreSQL.py","lineno":13,"logger":"py.warnings"}
{"timestamp":"2026-03-02T02:08:33.718155Z","level":"warning","event":"The `airflow.operators.python.get_current_context` attribute is deprecated. Please use `'airflow.sdk.get_current_context'`.","category":"DeprecatedImportWarning","filename":"/opt/airflow/dags/ETL_Step_2_S3_PostgreSQL.py","lineno":15,"logger":"py.warnings"}
{"timestamp":"2026-03-02T02:08:35.808503Z","level":"info","event":"Filling up the DagBag from /opt/airflow/dags/ETL_Step_2_S3_PostgreSQL.py","logger":"airflow.models.dagbag.DagBag","filename":"dagbag.py","lineno":593}
{"timestamp":"2026-03-02T02:08:36.499571Z","level":"info","event":"Found credentials in shared credentials file: ~/.aws/credentials","logger":"botocore.credentials","filename":"credentials.py","lineno":1364}
{"timestamp":"2026-03-02T02:08:36.673355Z","level":"warning","event":"The `airflow.decorators.task` attribute is deprecated. Please use `'airflow.sdk.task'`.","category":"DeprecatedImportWarning","filename":"/opt/airflow/dags/ETL_Step_2_S3_PostgreSQL.py","lineno":13,"logger":"py.warnings"}
{"timestamp":"2026-03-02T02:08:36.673499Z","level":"warning","event":"The `airflow.operators.python.get_current_context` attribute is deprecated. Please use `'airflow.sdk.get_current_context'`.","category":"DeprecatedImportWarning","filename":"/opt/airflow/dags/ETL_Step_2_S3_PostgreSQL.py","lineno":15,"logger":"py.warnings"}
{"timestamp":"2026-03-02T02:08:37.761052Z","level":"info","event":"Filling up the DagBag from /opt/airflow/dags/ETL_Step_2_S3_PostgreSQL.py","logger":"airflow.models.dagbag.DagBag","filename":"dagbag.py","lineno":593}
{"timestamp":"2026-03-02T02:08:38.431549Z","level":"info","event":"Found credentials in shared credentials file: ~/.aws/credentials","logger":"botocore.credentials","filename":"credentials.py","lineno":1364}
{"timestamp":"2026-03-02T02:08:38.569003Z","level":"warning","event":"The `airflow.decorators.task` attribute is deprecated. Please use `'airflow.sdk.task'`.","category":"DeprecatedImportWarning","filename":"/opt/airflow/dags/ETL_Step_2_S3_PostgreSQL.py","lineno":13,"logger":"py.warnings"}
{"timestamp":"2026-03-02T02:08:38.569145Z","level":"warning","event":"The `airflow.operators.python.get_current_context` attribute is deprecated. Please use `'airflow.sdk.get_current_context'`.","category":"DeprecatedImportWarning","filename":"/opt/airflow/dags/ETL_Step_2_S3_PostgreSQL.py","lineno":15,"logger":"py.warnings"}
{"timestamp":"2026-03-02T02:09:08.734182Z","level":"info","event":"Filling up the DagBag from /opt/airflow/dags/ETL_Step_2_S3_PostgreSQL.py","logger":"airflow.models.dagbag.DagBag","filename":"dagbag.py","lineno":593}
{"timestamp":"2026-03-02T02:09:09.438007Z","level":"info","event":"Found credentials in shared credentials file: ~/.aws/credentials","logger":"botocore.credentials","filename":"credentials.py","lineno":1364}
{"timestamp":"2026-03-02T02:09:09.591604Z","level":"warning","event":"The `airflow.decorators.task` attribute is deprecated. Please use `'airflow.sdk.task'`.","category":"DeprecatedImportWarning","filename":"/opt/airflow/dags/ETL_Step_2_S3_PostgreSQL.py","lineno":13,"logger":"py.warnings"}
{"timestamp":"2026-03-02T02:09:09.591761Z","level":"warning","event":"The `airflow.operators.python.get_current_context` attribute is deprecated. Please use `'airflow.sdk.get_current_context'`.","category":"DeprecatedImportWarning","filename":"/opt/airflow/dags/ETL_Step_2_S3_PostgreSQL.py","lineno":15,"logger":"py.warnings"}
{"timestamp":"2026-03-02T02:09:39.817635Z","level":"info","event":"Filling up the DagBag from /opt/airflow/dags/ETL_Step_2_S3_PostgreSQL.py","logger":"airflow.models.dagbag.DagBag","filename":"dagbag.py","lineno":593}
{"timestamp":"2026-03-02T02:09:40.462435Z","level":"info","event":"Found credentials in shared credentials file: ~/.aws/credentials","logger":"botocore.credentials","filename":"credentials.py","lineno":1364}
{"timestamp":"2026-03-02T02:09:40.593324Z","level":"warning","event":"The `airflow.decorators.task` attribute is deprecated. Please use `'airflow.sdk.task'`.","category":"DeprecatedImportWarning","filename":"/opt/airflow/dags/ETL_Step_2_S3_PostgreSQL.py","lineno":13,"logger":"py.warnings"}
{"timestamp":"2026-03-02T02:09:40.593460Z","level":"warning","event":"The `airflow.operators.python.get_current_context` attribute is deprecated. Please use `'airflow.sdk.get_current_context'`.","category":"DeprecatedImportWarning","filename":"/opt/airflow/dags/ETL_Step_2_S3_PostgreSQL.py","lineno":15,"logger":"py.warnings"}
{"timestamp":"2026-03-02T02:10:10.866594Z","level":"info","event":"Filling up the DagBag from /opt/airflow/dags/ETL_Step_2_S3_PostgreSQL.py","logger":"airflow.models.dagbag.DagBag","filename":"dagbag.py","lineno":593}
{"timestamp":"2026-03-02T02:10:11.527374Z","level":"info","event":"Found credentials in shared credentials file: ~/.aws/credentials","logger":"botocore.credentials","filename":"credentials.py","lineno":1364}
{"timestamp":"2026-03-02T02:10:11.761434Z","level":"warning","event":"The `airflow.decorators.task` attribute is deprecated. Please use `'airflow.sdk.task'`.","category":"DeprecatedImportWarning","filename":"/opt/airflow/dags/ETL_Step_2_S3_PostgreSQL.py","lineno":13,"logger":"py.warnings"}
{"timestamp":"2026-03-02T02:10:11.761560Z","level":"warning","event":"The `airflow.operators.python.get_current_context` attribute is deprecated. Please use `'airflow.sdk.get_current_context'`.","category":"DeprecatedImportWarning","filename":"/opt/airflow/dags/ETL_Step_2_S3_PostgreSQL.py","lineno":15,"logger":"py.warnings"}
{"timestamp":"2026-03-02T02:10:23.963231Z","level":"info","event":"Filling up the DagBag from /opt/airflow/dags/ETL_Step_2_S3_PostgreSQL.py","logger":"airflow.models.dagbag.DagBag","filename":"dagbag.py","lineno":593}
{"timestamp":"2026-03-02T02:10:24.636028Z","level":"info","event":"Found credentials in shared credentials file: ~/.aws/credentials","logger":"botocore.credentials","filename":"credentials.py","lineno":1364}
{"timestamp":"2026-03-02T02:10:24.776427Z","level":"warning","event":"The `airflow.decorators.task` attribute is deprecated. Please use `'airflow.sdk.task'`.","category":"DeprecatedImportWarning","filename":"/opt/airflow/dags/ETL_Step_2_S3_PostgreSQL.py","lineno":13,"logger":"py.warnings"}
{"timestamp":"2026-03-02T02:10:24.776580Z","level":"warning","event":"The `airflow.operators.python.get_current_context` attribute is deprecated. Please use `'airflow.sdk.get_current_context'`.","category":"DeprecatedImportWarning","filename":"/opt/airflow/dags/ETL_Step_2_S3_PostgreSQL.py","lineno":15,"logger":"py.warnings"}
{"timestamp":"2026-03-02T02:10:26.679575Z","level":"info","event":"Filling up the DagBag from /opt/airflow/dags/ETL_Step_2_S3_PostgreSQL.py","logger":"airflow.models.dagbag.DagBag","filename":"dagbag.py","lineno":593}
{"timestamp":"2026-03-02T02:10:27.335649Z","level":"info","event":"Found credentials in shared credentials file: ~/.aws/credentials","logger":"botocore.credentials","filename":"credentials.py","lineno":1364}
{"timestamp":"2026-03-02T02:10:27.481682Z","level":"warning","event":"The `airflow.decorators.task` attribute is deprecated. Please use `'airflow.sdk.task'`.","category":"DeprecatedImportWarning","filename":"/opt/airflow/dags/ETL_Step_2_S3_PostgreSQL.py","lineno":13,"logger":"py.warnings"}
{"timestamp":"2026-03-02T02:10:27.481814Z","level":"warning","event":"The `airflow.operators.python.get_current_context` attribute is deprecated. Please use `'airflow.sdk.get_current_context'`.","category":"DeprecatedImportWarning","filename":"/opt/airflow/dags/ETL_Step_2_S3_PostgreSQL.py","lineno":15,"logger":"py.warnings"}
{"timestamp":"2026-03-02T02:10:57.733492Z","level":"info","event":"Filling up the DagBag from /opt/airflow/dags/ETL_Step_2_S3_PostgreSQL.py","logger":"airflow.models.dagbag.DagBag","filename":"dagbag.py","lineno":593}
{"timestamp":"2026-03-02T02:10:58.408019Z","level":"info","event":"Found credentials in shared credentials file: ~/.aws/credentials","logger":"botocore.credentials","filename":"credentials.py","lineno":1364}
{"timestamp":"2026-03-02T02:10:58.561428Z","level":"warning","event":"The `airflow.decorators.task` attribute is deprecated. Please use `'airflow.sdk.task'`.","category":"DeprecatedImportWarning","filename":"/opt/airflow/dags/ETL_Step_2_S3_PostgreSQL.py","lineno":13,"logger":"py.warnings"}
{"timestamp":"2026-03-02T02:10:58.561583Z","level":"warning","event":"The `airflow.operators.python.get_current_context` attribute is deprecated. Please use `'airflow.sdk.get_current_context'`.","category":"DeprecatedImportWarning","filename":"/opt/airflow/dags/ETL_Step_2_S3_PostgreSQL.py","lineno":15,"logger":"py.warnings"}
{"timestamp":"2026-03-02T02:11:28.827140Z","level":"info","event":"Filling up the DagBag from /opt/airflow/dags/ETL_Step_2_S3_PostgreSQL.py","logger":"airflow.models.dagbag.DagBag","filename":"dagbag.py","lineno":593}
{"timestamp":"2026-03-02T02:11:29.497785Z","level":"info","event":"Found credentials in shared credentials file: ~/.aws/credentials","logger":"botocore.credentials","filename":"credentials.py","lineno":1364}
{"timestamp":"2026-03-02T02:11:29.676016Z","level":"warning","event":"The `airflow.decorators.task` attribute is deprecated. Please use `'airflow.sdk.task'`.","category":"DeprecatedImportWarning","filename":"/opt/airflow/dags/ETL_Step_2_S3_PostgreSQL.py","lineno":13,"logger":"py.warnings"}
{"timestamp":"2026-03-02T02:11:29.676148Z","level":"warning","event":"The `airflow.operators.python.get_current_context` attribute is deprecated. Please use `'airflow.sdk.get_current_context'`.","category":"DeprecatedImportWarning","filename":"/opt/airflow/dags/ETL_Step_2_S3_PostgreSQL.py","lineno":15,"logger":"py.warnings"}
{"timestamp":"2026-03-02T02:11:59.889375Z","level":"info","event":"Filling up the DagBag from /opt/airflow/dags/ETL_Step_2_S3_PostgreSQL.py","logger":"airflow.models.dagbag.DagBag","filename":"dagbag.py","lineno":593}
{"timestamp":"2026-03-02T02:12:00.750254Z","level":"info","event":"Found credentials in shared credentials file: ~/.aws/credentials","logger":"botocore.credentials","filename":"credentials.py","lineno":1364}
{"timestamp":"2026-03-02T02:12:00.956564Z","level":"warning","event":"The `airflow.decorators.task` attribute is deprecated. Please use `'airflow.sdk.task'`.","category":"DeprecatedImportWarning","filename":"/opt/airflow/dags/ETL_Step_2_S3_PostgreSQL.py","lineno":13,"logger":"py.warnings"}
{"timestamp":"2026-03-02T02:12:00.956744Z","level":"warning","event":"The `airflow.operators.python.get_current_context` attribute is deprecated. Please use `'airflow.sdk.get_current_context'`.","category":"DeprecatedImportWarning","filename":"/opt/airflow/dags/ETL_Step_2_S3_PostgreSQL.py","lineno":15,"logger":"py.warnings"}
{"timestamp":"2026-03-02T02:12:31.084623Z","level":"info","event":"Filling up the DagBag from /opt/airflow/dags/ETL_Step_2_S3_PostgreSQL.py","logger":"airflow.models.dagbag.DagBag","filename":"dagbag.py","lineno":593}
{"timestamp":"2026-03-02T02:12:31.713734Z","level":"info","event":"Found credentials in shared credentials file: ~/.aws/credentials","logger":"botocore.credentials","filename":"credentials.py","lineno":1364}
{"timestamp":"2026-03-02T02:12:31.847518Z","level":"warning","event":"The `airflow.decorators.task` attribute is deprecated. Please use `'airflow.sdk.task'`.","category":"DeprecatedImportWarning","filename":"/opt/airflow/dags/ETL_Step_2_S3_PostgreSQL.py","lineno":13,"logger":"py.warnings"}
{"timestamp":"2026-03-02T02:12:31.847661Z","level":"warning","event":"The `airflow.operators.python.get_current_context` attribute is deprecated. Please use `'airflow.sdk.get_current_context'`.","category":"DeprecatedImportWarning","filename":"/opt/airflow/dags/ETL_Step_2_S3_PostgreSQL.py","lineno":15,"logger":"py.warnings"}
{"timestamp":"2026-03-02T02:12:59.147120Z","level":"info","event":"Filling up the DagBag from /opt/airflow/dags/ETL_Step_2_S3_PostgreSQL.py","logger":"airflow.models.dagbag.DagBag","filename":"dagbag.py","lineno":593}
{"timestamp":"2026-03-02T02:12:59.786121Z","level":"info","event":"Found credentials in shared credentials file: ~/.aws/credentials","logger":"botocore.credentials","filename":"credentials.py","lineno":1364}
{"timestamp":"2026-03-02T02:12:59.913755Z","level":"warning","event":"The `airflow.decorators.task` attribute is deprecated. Please use `'airflow.sdk.task'`.","category":"DeprecatedImportWarning","filename":"/opt/airflow/dags/ETL_Step_2_S3_PostgreSQL.py","lineno":13,"logger":"py.warnings"}
{"timestamp":"2026-03-02T02:12:59.913898Z","level":"warning","event":"The `airflow.operators.python.get_current_context` attribute is deprecated. Please use `'airflow.sdk.get_current_context'`.","category":"DeprecatedImportWarning","filename":"/opt/airflow/dags/ETL_Step_2_S3_PostgreSQL.py","lineno":15,"logger":"py.warnings"}
{"timestamp":"2026-03-02T02:13:00.977418Z","level":"info","event":"Filling up the DagBag from /opt/airflow/dags/ETL_Step_2_S3_PostgreSQL.py","logger":"airflow.models.dagbag.DagBag","filename":"dagbag.py","lineno":593}
{"timestamp":"2026-03-02T02:13:01.665246Z","level":"info","event":"Found credentials in shared credentials file: ~/.aws/credentials","logger":"botocore.credentials","filename":"credentials.py","lineno":1364}
{"timestamp":"2026-03-02T02:13:01.812153Z","level":"warning","event":"The `airflow.decorators.task` attribute is deprecated. Please use `'airflow.sdk.task'`.","category":"DeprecatedImportWarning","filename":"/opt/airflow/dags/ETL_Step_2_S3_PostgreSQL.py","lineno":13,"logger":"py.warnings"}
{"timestamp":"2026-03-02T02:13:01.812270Z","level":"warning","event":"The `airflow.operators.python.get_current_context` attribute is deprecated. Please use `'airflow.sdk.get_current_context'`.","category":"DeprecatedImportWarning","filename":"/opt/airflow/dags/ETL_Step_2_S3_PostgreSQL.py","lineno":15,"logger":"py.warnings"}
{"timestamp":"2026-03-02T02:13:02.921329Z","level":"info","event":"Filling up the DagBag from /opt/airflow/dags/ETL_Step_2_S3_PostgreSQL.py","logger":"airflow.models.dagbag.DagBag","filename":"dagbag.py","lineno":593}
{"timestamp":"2026-03-02T02:13:03.536550Z","level":"info","event":"Found credentials in shared credentials file: ~/.aws/credentials","logger":"botocore.credentials","filename":"credentials.py","lineno":1364}
{"timestamp":"2026-03-02T02:13:03.666773Z","level":"warning","event":"The `airflow.decorators.task` attribute is deprecated. Please use `'airflow.sdk.task'`.","category":"DeprecatedImportWarning","filename":"/opt/airflow/dags/ETL_Step_2_S3_PostgreSQL.py","lineno":13,"logger":"py.warnings"}
{"timestamp":"2026-03-02T02:13:03.666907Z","level":"warning","event":"The `airflow.operators.python.get_current_context` attribute is deprecated. Please use `'airflow.sdk.get_current_context'`.","category":"DeprecatedImportWarning","filename":"/opt/airflow/dags/ETL_Step_2_S3_PostgreSQL.py","lineno":15,"logger":"py.warnings"}
{"timestamp":"2026-03-02T02:13:04.742651Z","level":"info","event":"Filling up the DagBag from /opt/airflow/dags/ETL_Step_2_S3_PostgreSQL.py","logger":"airflow.models.dagbag.DagBag","filename":"dagbag.py","lineno":593}
{"timestamp":"2026-03-02T02:13:05.421284Z","level":"info","event":"Found credentials in shared credentials file: ~/.aws/credentials","logger":"botocore.credentials","filename":"credentials.py","lineno":1364}
{"timestamp":"2026-03-02T02:13:05.555840Z","level":"warning","event":"The `airflow.decorators.task` attribute is deprecated. Please use `'airflow.sdk.task'`.","category":"DeprecatedImportWarning","filename":"/opt/airflow/dags/ETL_Step_2_S3_PostgreSQL.py","lineno":13,"logger":"py.warnings"}
{"timestamp":"2026-03-02T02:13:05.555987Z","level":"warning","event":"The `airflow.operators.python.get_current_context` attribute is deprecated. Please use `'airflow.sdk.get_current_context'`.","category":"DeprecatedImportWarning","filename":"/opt/airflow/dags/ETL_Step_2_S3_PostgreSQL.py","lineno":15,"logger":"py.warnings"}
{"timestamp":"2026-03-02T02:13:35.727292Z","level":"info","event":"Filling up the DagBag from /opt/airflow/dags/ETL_Step_2_S3_PostgreSQL.py","logger":"airflow.models.dagbag.DagBag","filename":"dagbag.py","lineno":593}
{"timestamp":"2026-03-02T02:13:36.402944Z","level":"info","event":"Found credentials in shared credentials file: ~/.aws/credentials","logger":"botocore.credentials","filename":"credentials.py","lineno":1364}
{"timestamp":"2026-03-02T02:13:36.523580Z","level":"warning","event":"The `airflow.decorators.task` attribute is deprecated. Please use `'airflow.sdk.task'`.","category":"DeprecatedImportWarning","filename":"/opt/airflow/dags/ETL_Step_2_S3_PostgreSQL.py","lineno":13,"logger":"py.warnings"}
{"timestamp":"2026-03-02T02:13:36.523704Z","level":"warning","event":"The `airflow.operators.python.get_current_context` attribute is deprecated. Please use `'airflow.sdk.get_current_context'`.","category":"DeprecatedImportWarning","filename":"/opt/airflow/dags/ETL_Step_2_S3_PostgreSQL.py","lineno":15,"logger":"py.warnings"}
{"timestamp":"2026-03-02T02:14:06.687700Z","level":"info","event":"Filling up the DagBag from /opt/airflow/dags/ETL_Step_2_S3_PostgreSQL.py","logger":"airflow.models.dagbag.DagBag","filename":"dagbag.py","lineno":593}
{"timestamp":"2026-03-02T02:14:07.294347Z","level":"info","event":"Found credentials in shared credentials file: ~/.aws/credentials","logger":"botocore.credentials","filename":"credentials.py","lineno":1364}
{"timestamp":"2026-03-02T02:14:07.429943Z","level":"warning","event":"The `airflow.decorators.task` attribute is deprecated. Please use `'airflow.sdk.task'`.","category":"DeprecatedImportWarning","filename":"/opt/airflow/dags/ETL_Step_2_S3_PostgreSQL.py","lineno":13,"logger":"py.warnings"}
{"timestamp":"2026-03-02T02:14:07.430095Z","level":"warning","event":"The `airflow.operators.python.get_current_context` attribute is deprecated. Please use `'airflow.sdk.get_current_context'`.","category":"DeprecatedImportWarning","filename":"/opt/airflow/dags/ETL_Step_2_S3_PostgreSQL.py","lineno":15,"logger":"py.warnings"}
{"timestamp":"2026-03-02T02:14:26.670837Z","level":"info","event":"Filling up the DagBag from /opt/airflow/dags/ETL_Step_2_S3_PostgreSQL.py","logger":"airflow.models.dagbag.DagBag","filename":"dagbag.py","lineno":593}
{"timestamp":"2026-03-02T02:14:27.386325Z","level":"info","event":"Found credentials in shared credentials file: ~/.aws/credentials","logger":"botocore.credentials","filename":"credentials.py","lineno":1364}
{"timestamp":"2026-03-02T02:14:27.533331Z","level":"warning","event":"The `airflow.decorators.task` attribute is deprecated. Please use `'airflow.sdk.task'`.","category":"DeprecatedImportWarning","filename":"/opt/airflow/dags/ETL_Step_2_S3_PostgreSQL.py","lineno":13,"logger":"py.warnings"}
{"timestamp":"2026-03-02T02:14:27.533477Z","level":"warning","event":"The `airflow.operators.python.get_current_context` attribute is deprecated. Please use `'airflow.sdk.get_current_context'`.","category":"DeprecatedImportWarning","filename":"/opt/airflow/dags/ETL_Step_2_S3_PostgreSQL.py","lineno":15,"logger":"py.warnings"}
{"timestamp":"2026-03-02T02:14:57.839990Z","level":"info","event":"Filling up the DagBag from /opt/airflow/dags/ETL_Step_2_S3_PostgreSQL.py","logger":"airflow.models.dagbag.DagBag","filename":"dagbag.py","lineno":593}
{"timestamp":"2026-03-02T02:14:58.514129Z","level":"info","event":"Found credentials in shared credentials file: ~/.aws/credentials","logger":"botocore.credentials","filename":"credentials.py","lineno":1364}
{"timestamp":"2026-03-02T02:14:58.651506Z","level":"warning","event":"The `airflow.decorators.task` attribute is deprecated. Please use `'airflow.sdk.task'`.","category":"DeprecatedImportWarning","filename":"/opt/airflow/dags/ETL_Step_2_S3_PostgreSQL.py","lineno":13,"logger":"py.warnings"}
{"timestamp":"2026-03-02T02:14:58.651631Z","level":"warning","event":"The `airflow.operators.python.get_current_context` attribute is deprecated. Please use `'airflow.sdk.get_current_context'`.","category":"DeprecatedImportWarning","filename":"/opt/airflow/dags/ETL_Step_2_S3_PostgreSQL.py","lineno":15,"logger":"py.warnings"}
{"timestamp":"2026-03-02T02:15:28.788144Z","level":"info","event":"Filling up the DagBag from /opt/airflow/dags/ETL_Step_2_S3_PostgreSQL.py","logger":"airflow.models.dagbag.DagBag","filename":"dagbag.py","lineno":593}
{"timestamp":"2026-03-02T02:15:29.504321Z","level":"info","event":"Found credentials in shared credentials file: ~/.aws/credentials","logger":"botocore.credentials","filename":"credentials.py","lineno":1364}
{"timestamp":"2026-03-02T02:15:29.640656Z","level":"warning","event":"The `airflow.decorators.task` attribute is deprecated. Please use `'airflow.sdk.task'`.","category":"DeprecatedImportWarning","filename":"/opt/airflow/dags/ETL_Step_2_S3_PostgreSQL.py","lineno":13,"logger":"py.warnings"}
{"timestamp":"2026-03-02T02:15:29.640793Z","level":"warning","event":"The `airflow.operators.python.get_current_context` attribute is deprecated. Please use `'airflow.sdk.get_current_context'`.","category":"DeprecatedImportWarning","filename":"/opt/airflow/dags/ETL_Step_2_S3_PostgreSQL.py","lineno":15,"logger":"py.warnings"}
{"timestamp":"2026-03-02T02:15:57.707944Z","level":"info","event":"Filling up the DagBag from /opt/airflow/dags/ETL_Step_2_S3_PostgreSQL.py","logger":"airflow.models.dagbag.DagBag","filename":"dagbag.py","lineno":593}
{"timestamp":"2026-03-02T02:15:58.460665Z","level":"info","event":"Found credentials in shared credentials file: ~/.aws/credentials","logger":"botocore.credentials","filename":"credentials.py","lineno":1364}
{"timestamp":"2026-03-02T02:15:58.610171Z","level":"warning","event":"The `airflow.decorators.task` attribute is deprecated. Please use `'airflow.sdk.task'`.","category":"DeprecatedImportWarning","filename":"/opt/airflow/dags/ETL_Step_2_S3_PostgreSQL.py","lineno":13,"logger":"py.warnings"}
{"timestamp":"2026-03-02T02:15:58.610317Z","level":"warning","event":"The `airflow.operators.python.get_current_context` attribute is deprecated. Please use `'airflow.sdk.get_current_context'`.","category":"DeprecatedImportWarning","filename":"/opt/airflow/dags/ETL_Step_2_S3_PostgreSQL.py","lineno":15,"logger":"py.warnings"}
{"timestamp":"2026-03-02T02:15:59.675364Z","level":"info","event":"Filling up the DagBag from /opt/airflow/dags/ETL_Step_2_S3_PostgreSQL.py","logger":"airflow.models.dagbag.DagBag","filename":"dagbag.py","lineno":593}
{"timestamp":"2026-03-02T02:16:00.299558Z","level":"info","event":"Found credentials in shared credentials file: ~/.aws/credentials","logger":"botocore.credentials","filename":"credentials.py","lineno":1364}
{"timestamp":"2026-03-02T02:16:00.426028Z","level":"warning","event":"The `airflow.decorators.task` attribute is deprecated. Please use `'airflow.sdk.task'`.","category":"DeprecatedImportWarning","filename":"/opt/airflow/dags/ETL_Step_2_S3_PostgreSQL.py","lineno":13,"logger":"py.warnings"}
{"timestamp":"2026-03-02T02:16:00.426168Z","level":"warning","event":"The `airflow.operators.python.get_current_context` attribute is deprecated. Please use `'airflow.sdk.get_current_context'`.","category":"DeprecatedImportWarning","filename":"/opt/airflow/dags/ETL_Step_2_S3_PostgreSQL.py","lineno":15,"logger":"py.warnings"}
{"timestamp":"2026-03-02T02:16:04.535848Z","level":"info","event":"Filling up the DagBag from /opt/airflow/dags/ETL_Step_2_S3_PostgreSQL.py","logger":"airflow.models.dagbag.DagBag","filename":"dagbag.py","lineno":593}
{"timestamp":"2026-03-02T02:16:05.191094Z","level":"info","event":"Found credentials in shared credentials file: ~/.aws/credentials","logger":"botocore.credentials","filename":"credentials.py","lineno":1364}
{"timestamp":"2026-03-02T02:16:05.315159Z","level":"warning","event":"The `airflow.decorators.task` attribute is deprecated. Please use `'airflow.sdk.task'`.","category":"DeprecatedImportWarning","filename":"/opt/airflow/dags/ETL_Step_2_S3_PostgreSQL.py","lineno":13,"logger":"py.warnings"}
{"timestamp":"2026-03-02T02:16:05.315275Z","level":"warning","event":"The `airflow.operators.python.get_current_context` attribute is deprecated. Please use `'airflow.sdk.get_current_context'`.","category":"DeprecatedImportWarning","filename":"/opt/airflow/dags/ETL_Step_2_S3_PostgreSQL.py","lineno":15,"logger":"py.warnings"}
{"timestamp":"2026-03-02T02:16:07.388425Z","level":"info","event":"Filling up the DagBag from /opt/airflow/dags/ETL_Step_2_S3_PostgreSQL.py","logger":"airflow.models.dagbag.DagBag","filename":"dagbag.py","lineno":593}
{"timestamp":"2026-03-02T02:16:08.117742Z","level":"info","event":"Found credentials in shared credentials file: ~/.aws/credentials","logger":"botocore.credentials","filename":"credentials.py","lineno":1364}
{"timestamp":"2026-03-02T02:16:08.269332Z","level":"warning","event":"The `airflow.decorators.task` attribute is deprecated. Please use `'airflow.sdk.task'`.","category":"DeprecatedImportWarning","filename":"/opt/airflow/dags/ETL_Step_2_S3_PostgreSQL.py","lineno":13,"logger":"py.warnings"}
{"timestamp":"2026-03-02T02:16:08.269461Z","level":"warning","event":"The `airflow.operators.python.get_current_context` attribute is deprecated. Please use `'airflow.sdk.get_current_context'`.","category":"DeprecatedImportWarning","filename":"/opt/airflow/dags/ETL_Step_2_S3_PostgreSQL.py","lineno":15,"logger":"py.warnings"}
{"timestamp":"2026-03-02T02:16:38.618925Z","level":"info","event":"Filling up the DagBag from /opt/airflow/dags/ETL_Step_2_S3_PostgreSQL.py","logger":"airflow.models.dagbag.DagBag","filename":"dagbag.py","lineno":593}
{"timestamp":"2026-03-02T02:16:39.332845Z","level":"info","event":"Found credentials in shared credentials file: ~/.aws/credentials","logger":"botocore.credentials","filename":"credentials.py","lineno":1364}
{"timestamp":"2026-03-02T02:16:39.465039Z","level":"warning","event":"The `airflow.decorators.task` attribute is deprecated. Please use `'airflow.sdk.task'`.","category":"DeprecatedImportWarning","filename":"/opt/airflow/dags/ETL_Step_2_S3_PostgreSQL.py","lineno":13,"logger":"py.warnings"}
{"timestamp":"2026-03-02T02:16:39.465170Z","level":"warning","event":"The `airflow.operators.python.get_current_context` attribute is deprecated. Please use `'airflow.sdk.get_current_context'`.","category":"DeprecatedImportWarning","filename":"/opt/airflow/dags/ETL_Step_2_S3_PostgreSQL.py","lineno":15,"logger":"py.warnings"}
{"timestamp":"2026-03-02T02:16:57.721569Z","level":"info","event":"Filling up the DagBag from /opt/airflow/dags/ETL_Step_2_S3_PostgreSQL.py","logger":"airflow.models.dagbag.DagBag","filename":"dagbag.py","lineno":593}
{"timestamp":"2026-03-02T02:16:58.415324Z","level":"info","event":"Found credentials in shared credentials file: ~/.aws/credentials","logger":"botocore.credentials","filename":"credentials.py","lineno":1364}
{"timestamp":"2026-03-02T02:16:58.550407Z","level":"warning","event":"The `airflow.decorators.task` attribute is deprecated. Please use `'airflow.sdk.task'`.","category":"DeprecatedImportWarning","filename":"/opt/airflow/dags/ETL_Step_2_S3_PostgreSQL.py","lineno":13,"logger":"py.warnings"}
{"timestamp":"2026-03-02T02:16:58.550545Z","level":"warning","event":"The `airflow.operators.python.get_current_context` attribute is deprecated. Please use `'airflow.sdk.get_current_context'`.","category":"DeprecatedImportWarning","filename":"/opt/airflow/dags/ETL_Step_2_S3_PostgreSQL.py","lineno":15,"logger":"py.warnings"}
{"timestamp":"2026-03-02T02:17:00.634732Z","level":"info","event":"Filling up the DagBag from /opt/airflow/dags/ETL_Step_2_S3_PostgreSQL.py","logger":"airflow.models.dagbag.DagBag","filename":"dagbag.py","lineno":593}
{"timestamp":"2026-03-02T02:17:01.374227Z","level":"info","event":"Found credentials in shared credentials file: ~/.aws/credentials","logger":"botocore.credentials","filename":"credentials.py","lineno":1364}
{"timestamp":"2026-03-02T02:17:01.504561Z","level":"warning","event":"The `airflow.decorators.task` attribute is deprecated. Please use `'airflow.sdk.task'`.","category":"DeprecatedImportWarning","filename":"/opt/airflow/dags/ETL_Step_2_S3_PostgreSQL.py","lineno":13,"logger":"py.warnings"}
{"timestamp":"2026-03-02T02:17:01.504795Z","level":"warning","event":"The `airflow.operators.python.get_current_context` attribute is deprecated. Please use `'airflow.sdk.get_current_context'`.","category":"DeprecatedImportWarning","filename":"/opt/airflow/dags/ETL_Step_2_S3_PostgreSQL.py","lineno":15,"logger":"py.warnings"}
{"timestamp":"2026-03-02T02:17:03.610852Z","level":"info","event":"Filling up the DagBag from /opt/airflow/dags/ETL_Step_2_S3_PostgreSQL.py","logger":"airflow.models.dagbag.DagBag","filename":"dagbag.py","lineno":593}
{"timestamp":"2026-03-02T02:17:04.338272Z","level":"info","event":"Found credentials in shared credentials file: ~/.aws/credentials","logger":"botocore.credentials","filename":"credentials.py","lineno":1364}
{"timestamp":"2026-03-02T02:17:04.480108Z","level":"warning","event":"The `airflow.decorators.task` attribute is deprecated. Please use `'airflow.sdk.task'`.","category":"DeprecatedImportWarning","filename":"/opt/airflow/dags/ETL_Step_2_S3_PostgreSQL.py","lineno":13,"logger":"py.warnings"}
{"timestamp":"2026-03-02T02:17:04.480231Z","level":"warning","event":"The `airflow.operators.python.get_current_context` attribute is deprecated. Please use `'airflow.sdk.get_current_context'`.","category":"DeprecatedImportWarning","filename":"/opt/airflow/dags/ETL_Step_2_S3_PostgreSQL.py","lineno":15,"logger":"py.warnings"}
{"timestamp":"2026-03-02T02:17:34.686323Z","level":"info","event":"Filling up the DagBag from /opt/airflow/dags/ETL_Step_2_S3_PostgreSQL.py","logger":"airflow.models.dagbag.DagBag","filename":"dagbag.py","lineno":593}
{"timestamp":"2026-03-02T02:17:35.369141Z","level":"info","event":"Found credentials in shared credentials file: ~/.aws/credentials","logger":"botocore.credentials","filename":"credentials.py","lineno":1364}
{"timestamp":"2026-03-02T02:17:35.489090Z","level":"warning","event":"The `airflow.decorators.task` attribute is deprecated. Please use `'airflow.sdk.task'`.","category":"DeprecatedImportWarning","filename":"/opt/airflow/dags/ETL_Step_2_S3_PostgreSQL.py","lineno":13,"logger":"py.warnings"}
{"timestamp":"2026-03-02T02:17:35.489220Z","level":"warning","event":"The `airflow.operators.python.get_current_context` attribute is deprecated. Please use `'airflow.sdk.get_current_context'`.","category":"DeprecatedImportWarning","filename":"/opt/airflow/dags/ETL_Step_2_S3_PostgreSQL.py","lineno":15,"logger":"py.warnings"}
{"timestamp":"2026-03-02T02:18:05.604177Z","level":"info","event":"Filling up the DagBag from /opt/airflow/dags/ETL_Step_2_S3_PostgreSQL.py","logger":"airflow.models.dagbag.DagBag","filename":"dagbag.py","lineno":593}
{"timestamp":"2026-03-02T02:18:06.303822Z","level":"info","event":"Found credentials in shared credentials file: ~/.aws/credentials","logger":"botocore.credentials","filename":"credentials.py","lineno":1364}
{"timestamp":"2026-03-02T02:18:06.443178Z","level":"warning","event":"The `airflow.decorators.task` attribute is deprecated. Please use `'airflow.sdk.task'`.","category":"DeprecatedImportWarning","filename":"/opt/airflow/dags/ETL_Step_2_S3_PostgreSQL.py","lineno":13,"logger":"py.warnings"}
{"timestamp":"2026-03-02T02:18:06.443320Z","level":"warning","event":"The `airflow.operators.python.get_current_context` attribute is deprecated. Please use `'airflow.sdk.get_current_context'`.","category":"DeprecatedImportWarning","filename":"/opt/airflow/dags/ETL_Step_2_S3_PostgreSQL.py","lineno":15,"logger":"py.warnings"}
{"timestamp":"2026-03-02T02:18:23.593476Z","level":"info","event":"Filling up the DagBag from /opt/airflow/dags/ETL_Step_2_S3_PostgreSQL.py","logger":"airflow.models.dagbag.DagBag","filename":"dagbag.py","lineno":593}
{"timestamp":"2026-03-02T02:18:24.327751Z","level":"info","event":"Found credentials in shared credentials file: ~/.aws/credentials","logger":"botocore.credentials","filename":"credentials.py","lineno":1364}
{"timestamp":"2026-03-02T02:18:24.460969Z","level":"warning","event":"The `airflow.decorators.task` attribute is deprecated. Please use `'airflow.sdk.task'`.","category":"DeprecatedImportWarning","filename":"/opt/airflow/dags/ETL_Step_2_S3_PostgreSQL.py","lineno":13,"logger":"py.warnings"}
{"timestamp":"2026-03-02T02:18:24.461105Z","level":"warning","event":"The `airflow.operators.python.get_current_context` attribute is deprecated. Please use `'airflow.sdk.get_current_context'`.","category":"DeprecatedImportWarning","filename":"/opt/airflow/dags/ETL_Step_2_S3_PostgreSQL.py","lineno":15,"logger":"py.warnings"}
{"timestamp":"2026-03-02T02:18:26.544924Z","level":"info","event":"Filling up the DagBag from /opt/airflow/dags/ETL_Step_2_S3_PostgreSQL.py","logger":"airflow.models.dagbag.DagBag","filename":"dagbag.py","lineno":593}
{"timestamp":"2026-03-02T02:18:26.565516Z","level":"error","event":"Failed to import: /opt/airflow/dags/ETL_Step_2_S3_PostgreSQL.py","logger":"airflow.models.dagbag.DagBag","filename":"dagbag.py","lineno":415,"error_detail":[{"exc_type":"IndentationError","exc_value":"unexpected indent (ETL_Step_2_S3_PostgreSQL.py, line 133)","exc_notes":[],"syntax_error":{"offset":16,"filename":"/opt/airflow/dags/ETL_Step_2_S3_PostgreSQL.py","line":"                >> load_data_to_s3 \\","lineno":133,"msg":"unexpected indent"},"is_cause":false,"frames":[{"filename":"/home/airflow/.local/lib/python3.12/site-packages/airflow/models/dagbag.py","lineno":405,"name":"parse"},{"filename":"<frozen importlib._bootstrap_external>","lineno":995,"name":"exec_module"},{"filename":"<frozen importlib._bootstrap_external>","lineno":1133,"name":"get_code"},{"filename":"<frozen importlib._bootstrap_external>","lineno":1063,"name":"source_to_code"},{"filename":"<frozen importlib._bootstrap>","lineno":488,"name":"_call_with_frames_removed"}],"is_group":false,"exceptions":[]}]}
{"timestamp":"2026-03-02T02:18:32.672521Z","level":"info","event":"Filling up the DagBag from /opt/airflow/dags/ETL_Step_2_S3_PostgreSQL.py","logger":"airflow.models.dagbag.DagBag","filename":"dagbag.py","lineno":593}
{"timestamp":"2026-03-02T02:18:33.323341Z","level":"info","event":"Found credentials in shared credentials file: ~/.aws/credentials","logger":"botocore.credentials","filename":"credentials.py","lineno":1364}
{"timestamp":"2026-03-02T02:18:33.482600Z","level":"warning","event":"The `airflow.decorators.task` attribute is deprecated. Please use `'airflow.sdk.task'`.","category":"DeprecatedImportWarning","filename":"/opt/airflow/dags/ETL_Step_2_S3_PostgreSQL.py","lineno":13,"logger":"py.warnings"}
{"timestamp":"2026-03-02T02:18:33.482748Z","level":"warning","event":"The `airflow.operators.python.get_current_context` attribute is deprecated. Please use `'airflow.sdk.get_current_context'`.","category":"DeprecatedImportWarning","filename":"/opt/airflow/dags/ETL_Step_2_S3_PostgreSQL.py","lineno":15,"logger":"py.warnings"}
{"timestamp":"2026-03-02T02:18:34.557258Z","level":"info","event":"Filling up the DagBag from /opt/airflow/dags/ETL_Step_2_S3_PostgreSQL.py","logger":"airflow.models.dagbag.DagBag","filename":"dagbag.py","lineno":593}
{"timestamp":"2026-03-02T02:18:35.317516Z","level":"info","event":"Found credentials in shared credentials file: ~/.aws/credentials","logger":"botocore.credentials","filename":"credentials.py","lineno":1364}
{"timestamp":"2026-03-02T02:18:35.477320Z","level":"warning","event":"The `airflow.decorators.task` attribute is deprecated. Please use `'airflow.sdk.task'`.","category":"DeprecatedImportWarning","filename":"/opt/airflow/dags/ETL_Step_2_S3_PostgreSQL.py","lineno":13,"logger":"py.warnings"}
{"timestamp":"2026-03-02T02:18:35.477459Z","level":"warning","event":"The `airflow.operators.python.get_current_context` attribute is deprecated. Please use `'airflow.sdk.get_current_context'`.","category":"DeprecatedImportWarning","filename":"/opt/airflow/dags/ETL_Step_2_S3_PostgreSQL.py","lineno":15,"logger":"py.warnings"}
{"timestamp":"2026-03-02T02:18:36.540881Z","level":"info","event":"Filling up the DagBag from /opt/airflow/dags/ETL_Step_2_S3_PostgreSQL.py","logger":"airflow.models.dagbag.DagBag","filename":"dagbag.py","lineno":593}
{"timestamp":"2026-03-02T02:18:37.193636Z","level":"info","event":"Found credentials in shared credentials file: ~/.aws/credentials","logger":"botocore.credentials","filename":"credentials.py","lineno":1364}
{"timestamp":"2026-03-02T02:18:37.440003Z","level":"warning","event":"The `airflow.decorators.task` attribute is deprecated. Please use `'airflow.sdk.task'`.","category":"DeprecatedImportWarning","filename":"/opt/airflow/dags/ETL_Step_2_S3_PostgreSQL.py","lineno":13,"logger":"py.warnings"}
{"timestamp":"2026-03-02T02:18:37.440147Z","level":"warning","event":"The `airflow.operators.python.get_current_context` attribute is deprecated. Please use `'airflow.sdk.get_current_context'`.","category":"DeprecatedImportWarning","filename":"/opt/airflow/dags/ETL_Step_2_S3_PostgreSQL.py","lineno":15,"logger":"py.warnings"}
{"timestamp":"2026-03-02T02:19:07.586262Z","level":"info","event":"Filling up the DagBag from /opt/airflow/dags/ETL_Step_2_S3_PostgreSQL.py","logger":"airflow.models.dagbag.DagBag","filename":"dagbag.py","lineno":593}
{"timestamp":"2026-03-02T02:19:08.377432Z","level":"info","event":"Found credentials in shared credentials file: ~/.aws/credentials","logger":"botocore.credentials","filename":"credentials.py","lineno":1364}
{"timestamp":"2026-03-02T02:19:08.529371Z","level":"warning","event":"The `airflow.decorators.task` attribute is deprecated. Please use `'airflow.sdk.task'`.","category":"DeprecatedImportWarning","filename":"/opt/airflow/dags/ETL_Step_2_S3_PostgreSQL.py","lineno":13,"logger":"py.warnings"}
{"timestamp":"2026-03-02T02:19:08.529510Z","level":"warning","event":"The `airflow.operators.python.get_current_context` attribute is deprecated. Please use `'airflow.sdk.get_current_context'`.","category":"DeprecatedImportWarning","filename":"/opt/airflow/dags/ETL_Step_2_S3_PostgreSQL.py","lineno":15,"logger":"py.warnings"}
{"timestamp":"2026-03-02T02:19:38.753581Z","level":"info","event":"Filling up the DagBag from /opt/airflow/dags/ETL_Step_2_S3_PostgreSQL.py","logger":"airflow.models.dagbag.DagBag","filename":"dagbag.py","lineno":593}
{"timestamp":"2026-03-02T02:19:39.389788Z","level":"info","event":"Found credentials in shared credentials file: ~/.aws/credentials","logger":"botocore.credentials","filename":"credentials.py","lineno":1364}
{"timestamp":"2026-03-02T02:19:39.552538Z","level":"warning","event":"The `airflow.decorators.task` attribute is deprecated. Please use `'airflow.sdk.task'`.","category":"DeprecatedImportWarning","filename":"/opt/airflow/dags/ETL_Step_2_S3_PostgreSQL.py","lineno":13,"logger":"py.warnings"}
{"timestamp":"2026-03-02T02:19:39.552680Z","level":"warning","event":"The `airflow.operators.python.get_current_context` attribute is deprecated. Please use `'airflow.sdk.get_current_context'`.","category":"DeprecatedImportWarning","filename":"/opt/airflow/dags/ETL_Step_2_S3_PostgreSQL.py","lineno":15,"logger":"py.warnings"}
{"timestamp":"2026-03-02T02:20:09.775650Z","level":"info","event":"Filling up the DagBag from /opt/airflow/dags/ETL_Step_2_S3_PostgreSQL.py","logger":"airflow.models.dagbag.DagBag","filename":"dagbag.py","lineno":593}
{"timestamp":"2026-03-02T02:20:10.411493Z","level":"info","event":"Found credentials in shared credentials file: ~/.aws/credentials","logger":"botocore.credentials","filename":"credentials.py","lineno":1364}
{"timestamp":"2026-03-02T02:20:10.538937Z","level":"warning","event":"The `airflow.decorators.task` attribute is deprecated. Please use `'airflow.sdk.task'`.","category":"DeprecatedImportWarning","filename":"/opt/airflow/dags/ETL_Step_2_S3_PostgreSQL.py","lineno":13,"logger":"py.warnings"}
{"timestamp":"2026-03-02T02:20:10.539195Z","level":"warning","event":"The `airflow.operators.python.get_current_context` attribute is deprecated. Please use `'airflow.sdk.get_current_context'`.","category":"DeprecatedImportWarning","filename":"/opt/airflow/dags/ETL_Step_2_S3_PostgreSQL.py","lineno":15,"logger":"py.warnings"}
{"timestamp":"2026-03-02T02:20:40.638878Z","level":"info","event":"Filling up the DagBag from /opt/airflow/dags/ETL_Step_2_S3_PostgreSQL.py","logger":"airflow.models.dagbag.DagBag","filename":"dagbag.py","lineno":593}
{"timestamp":"2026-03-02T02:20:41.294833Z","level":"info","event":"Found credentials in shared credentials file: ~/.aws/credentials","logger":"botocore.credentials","filename":"credentials.py","lineno":1364}
{"timestamp":"2026-03-02T02:20:41.415443Z","level":"warning","event":"The `airflow.decorators.task` attribute is deprecated. Please use `'airflow.sdk.task'`.","category":"DeprecatedImportWarning","filename":"/opt/airflow/dags/ETL_Step_2_S3_PostgreSQL.py","lineno":13,"logger":"py.warnings"}
{"timestamp":"2026-03-02T02:20:41.415558Z","level":"warning","event":"The `airflow.operators.python.get_current_context` attribute is deprecated. Please use `'airflow.sdk.get_current_context'`.","category":"DeprecatedImportWarning","filename":"/opt/airflow/dags/ETL_Step_2_S3_PostgreSQL.py","lineno":15,"logger":"py.warnings"}
{"timestamp":"2026-03-02T02:21:11.590533Z","level":"info","event":"Filling up the DagBag from /opt/airflow/dags/ETL_Step_2_S3_PostgreSQL.py","logger":"airflow.models.dagbag.DagBag","filename":"dagbag.py","lineno":593}
{"timestamp":"2026-03-02T02:21:12.226240Z","level":"info","event":"Found credentials in shared credentials file: ~/.aws/credentials","logger":"botocore.credentials","filename":"credentials.py","lineno":1364}
{"timestamp":"2026-03-02T02:21:12.376154Z","level":"warning","event":"The `airflow.decorators.task` attribute is deprecated. Please use `'airflow.sdk.task'`.","category":"DeprecatedImportWarning","filename":"/opt/airflow/dags/ETL_Step_2_S3_PostgreSQL.py","lineno":13,"logger":"py.warnings"}
{"timestamp":"2026-03-02T02:21:12.376280Z","level":"warning","event":"The `airflow.operators.python.get_current_context` attribute is deprecated. Please use `'airflow.sdk.get_current_context'`.","category":"DeprecatedImportWarning","filename":"/opt/airflow/dags/ETL_Step_2_S3_PostgreSQL.py","lineno":15,"logger":"py.warnings"}
{"timestamp":"2026-03-02T02:21:42.536048Z","level":"info","event":"Filling up the DagBag from /opt/airflow/dags/ETL_Step_2_S3_PostgreSQL.py","logger":"airflow.models.dagbag.DagBag","filename":"dagbag.py","lineno":593}
{"timestamp":"2026-03-02T02:21:43.186595Z","level":"info","event":"Found credentials in shared credentials file: ~/.aws/credentials","logger":"botocore.credentials","filename":"credentials.py","lineno":1364}
{"timestamp":"2026-03-02T02:21:43.319338Z","level":"warning","event":"The `airflow.decorators.task` attribute is deprecated. Please use `'airflow.sdk.task'`.","category":"DeprecatedImportWarning","filename":"/opt/airflow/dags/ETL_Step_2_S3_PostgreSQL.py","lineno":13,"logger":"py.warnings"}
{"timestamp":"2026-03-02T02:21:43.319479Z","level":"warning","event":"The `airflow.operators.python.get_current_context` attribute is deprecated. Please use `'airflow.sdk.get_current_context'`.","category":"DeprecatedImportWarning","filename":"/opt/airflow/dags/ETL_Step_2_S3_PostgreSQL.py","lineno":15,"logger":"py.warnings"}
{"timestamp":"2026-03-02T02:22:13.510761Z","level":"info","event":"Filling up the DagBag from /opt/airflow/dags/ETL_Step_2_S3_PostgreSQL.py","logger":"airflow.models.dagbag.DagBag","filename":"dagbag.py","lineno":593}
{"timestamp":"2026-03-02T02:22:14.136278Z","level":"info","event":"Found credentials in shared credentials file: ~/.aws/credentials","logger":"botocore.credentials","filename":"credentials.py","lineno":1364}
{"timestamp":"2026-03-02T02:22:14.277810Z","level":"warning","event":"The `airflow.decorators.task` attribute is deprecated. Please use `'airflow.sdk.task'`.","category":"DeprecatedImportWarning","filename":"/opt/airflow/dags/ETL_Step_2_S3_PostgreSQL.py","lineno":13,"logger":"py.warnings"}
{"timestamp":"2026-03-02T02:22:14.277956Z","level":"warning","event":"The `airflow.operators.python.get_current_context` attribute is deprecated. Please use `'airflow.sdk.get_current_context'`.","category":"DeprecatedImportWarning","filename":"/opt/airflow/dags/ETL_Step_2_S3_PostgreSQL.py","lineno":15,"logger":"py.warnings"}
{"timestamp":"2026-03-02T02:22:44.426841Z","level":"info","event":"Filling up the DagBag from /opt/airflow/dags/ETL_Step_2_S3_PostgreSQL.py","logger":"airflow.models.dagbag.DagBag","filename":"dagbag.py","lineno":593}
{"timestamp":"2026-03-02T02:22:45.013998Z","level":"info","event":"Found credentials in shared credentials file: ~/.aws/credentials","logger":"botocore.credentials","filename":"credentials.py","lineno":1364}
{"timestamp":"2026-03-02T02:22:45.148594Z","level":"warning","event":"The `airflow.decorators.task` attribute is deprecated. Please use `'airflow.sdk.task'`.","category":"DeprecatedImportWarning","filename":"/opt/airflow/dags/ETL_Step_2_S3_PostgreSQL.py","lineno":13,"logger":"py.warnings"}
{"timestamp":"2026-03-02T02:22:45.148737Z","level":"warning","event":"The `airflow.operators.python.get_current_context` attribute is deprecated. Please use `'airflow.sdk.get_current_context'`.","category":"DeprecatedImportWarning","filename":"/opt/airflow/dags/ETL_Step_2_S3_PostgreSQL.py","lineno":15,"logger":"py.warnings"}
{"timestamp":"2026-03-02T02:23:15.254678Z","level":"info","event":"Filling up the DagBag from /opt/airflow/dags/ETL_Step_2_S3_PostgreSQL.py","logger":"airflow.models.dagbag.DagBag","filename":"dagbag.py","lineno":593}
{"timestamp":"2026-03-02T02:23:15.887037Z","level":"info","event":"Found credentials in shared credentials file: ~/.aws/credentials","logger":"botocore.credentials","filename":"credentials.py","lineno":1364}
{"timestamp":"2026-03-02T02:23:16.018694Z","level":"warning","event":"The `airflow.decorators.task` attribute is deprecated. Please use `'airflow.sdk.task'`.","category":"DeprecatedImportWarning","filename":"/opt/airflow/dags/ETL_Step_2_S3_PostgreSQL.py","lineno":13,"logger":"py.warnings"}
{"timestamp":"2026-03-02T02:23:16.018820Z","level":"warning","event":"The `airflow.operators.python.get_current_context` attribute is deprecated. Please use `'airflow.sdk.get_current_context'`.","category":"DeprecatedImportWarning","filename":"/opt/airflow/dags/ETL_Step_2_S3_PostgreSQL.py","lineno":15,"logger":"py.warnings"}
{"timestamp":"2026-03-02T02:23:46.159114Z","level":"info","event":"Filling up the DagBag from /opt/airflow/dags/ETL_Step_2_S3_PostgreSQL.py","logger":"airflow.models.dagbag.DagBag","filename":"dagbag.py","lineno":593}
{"timestamp":"2026-03-02T02:23:46.771607Z","level":"info","event":"Found credentials in shared credentials file: ~/.aws/credentials","logger":"botocore.credentials","filename":"credentials.py","lineno":1364}
{"timestamp":"2026-03-02T02:23:46.889910Z","level":"warning","event":"The `airflow.decorators.task` attribute is deprecated. Please use `'airflow.sdk.task'`.","category":"DeprecatedImportWarning","filename":"/opt/airflow/dags/ETL_Step_2_S3_PostgreSQL.py","lineno":13,"logger":"py.warnings"}
{"timestamp":"2026-03-02T02:23:46.890028Z","level":"warning","event":"The `airflow.operators.python.get_current_context` attribute is deprecated. Please use `'airflow.sdk.get_current_context'`.","category":"DeprecatedImportWarning","filename":"/opt/airflow/dags/ETL_Step_2_S3_PostgreSQL.py","lineno":15,"logger":"py.warnings"}
{"timestamp":"2026-03-02T02:24:17.024956Z","level":"info","event":"Filling up the DagBag from /opt/airflow/dags/ETL_Step_2_S3_PostgreSQL.py","logger":"airflow.models.dagbag.DagBag","filename":"dagbag.py","lineno":593}
{"timestamp":"2026-03-02T02:24:17.652930Z","level":"info","event":"Found credentials in shared credentials file: ~/.aws/credentials","logger":"botocore.credentials","filename":"credentials.py","lineno":1364}
{"timestamp":"2026-03-02T02:24:17.774305Z","level":"warning","event":"The `airflow.decorators.task` attribute is deprecated. Please use `'airflow.sdk.task'`.","category":"DeprecatedImportWarning","filename":"/opt/airflow/dags/ETL_Step_2_S3_PostgreSQL.py","lineno":13,"logger":"py.warnings"}
{"timestamp":"2026-03-02T02:24:17.774461Z","level":"warning","event":"The `airflow.operators.python.get_current_context` attribute is deprecated. Please use `'airflow.sdk.get_current_context'`.","category":"DeprecatedImportWarning","filename":"/opt/airflow/dags/ETL_Step_2_S3_PostgreSQL.py","lineno":15,"logger":"py.warnings"}
{"timestamp":"2026-03-02T02:24:47.865881Z","level":"info","event":"Filling up the DagBag from /opt/airflow/dags/ETL_Step_2_S3_PostgreSQL.py","logger":"airflow.models.dagbag.DagBag","filename":"dagbag.py","lineno":593}
{"timestamp":"2026-03-02T02:24:48.493701Z","level":"info","event":"Found credentials in shared credentials file: ~/.aws/credentials","logger":"botocore.credentials","filename":"credentials.py","lineno":1364}
{"timestamp":"2026-03-02T02:24:48.628275Z","level":"warning","event":"The `airflow.decorators.task` attribute is deprecated. Please use `'airflow.sdk.task'`.","category":"DeprecatedImportWarning","filename":"/opt/airflow/dags/ETL_Step_2_S3_PostgreSQL.py","lineno":13,"logger":"py.warnings"}
{"timestamp":"2026-03-02T02:24:48.628471Z","level":"warning","event":"The `airflow.operators.python.get_current_context` attribute is deprecated. Please use `'airflow.sdk.get_current_context'`.","category":"DeprecatedImportWarning","filename":"/opt/airflow/dags/ETL_Step_2_S3_PostgreSQL.py","lineno":15,"logger":"py.warnings"}
{"timestamp":"2026-03-02T02:25:18.749026Z","level":"info","event":"Filling up the DagBag from /opt/airflow/dags/ETL_Step_2_S3_PostgreSQL.py","logger":"airflow.models.dagbag.DagBag","filename":"dagbag.py","lineno":593}
{"timestamp":"2026-03-02T02:25:19.394124Z","level":"info","event":"Found credentials in shared credentials file: ~/.aws/credentials","logger":"botocore.credentials","filename":"credentials.py","lineno":1364}
{"timestamp":"2026-03-02T02:25:19.510189Z","level":"warning","event":"The `airflow.decorators.task` attribute is deprecated. Please use `'airflow.sdk.task'`.","category":"DeprecatedImportWarning","filename":"/opt/airflow/dags/ETL_Step_2_S3_PostgreSQL.py","lineno":13,"logger":"py.warnings"}
{"timestamp":"2026-03-02T02:25:19.510314Z","level":"warning","event":"The `airflow.operators.python.get_current_context` attribute is deprecated. Please use `'airflow.sdk.get_current_context'`.","category":"DeprecatedImportWarning","filename":"/opt/airflow/dags/ETL_Step_2_S3_PostgreSQL.py","lineno":15,"logger":"py.warnings"}
{"timestamp":"2026-03-02T02:25:49.670828Z","level":"info","event":"Filling up the DagBag from /opt/airflow/dags/ETL_Step_2_S3_PostgreSQL.py","logger":"airflow.models.dagbag.DagBag","filename":"dagbag.py","lineno":593}
{"timestamp":"2026-03-02T02:25:50.313761Z","level":"info","event":"Found credentials in shared credentials file: ~/.aws/credentials","logger":"botocore.credentials","filename":"credentials.py","lineno":1364}
{"timestamp":"2026-03-02T02:25:50.440168Z","level":"warning","event":"The `airflow.decorators.task` attribute is deprecated. Please use `'airflow.sdk.task'`.","category":"DeprecatedImportWarning","filename":"/opt/airflow/dags/ETL_Step_2_S3_PostgreSQL.py","lineno":13,"logger":"py.warnings"}
{"timestamp":"2026-03-02T02:25:50.440295Z","level":"warning","event":"The `airflow.operators.python.get_current_context` attribute is deprecated. Please use `'airflow.sdk.get_current_context'`.","category":"DeprecatedImportWarning","filename":"/opt/airflow/dags/ETL_Step_2_S3_PostgreSQL.py","lineno":15,"logger":"py.warnings"}
{"timestamp":"2026-03-02T02:26:20.546380Z","level":"info","event":"Filling up the DagBag from /opt/airflow/dags/ETL_Step_2_S3_PostgreSQL.py","logger":"airflow.models.dagbag.DagBag","filename":"dagbag.py","lineno":593}
{"timestamp":"2026-03-02T02:26:21.194670Z","level":"info","event":"Found credentials in shared credentials file: ~/.aws/credentials","logger":"botocore.credentials","filename":"credentials.py","lineno":1364}
{"timestamp":"2026-03-02T02:26:21.327056Z","level":"warning","event":"The `airflow.decorators.task` attribute is deprecated. Please use `'airflow.sdk.task'`.","category":"DeprecatedImportWarning","filename":"/opt/airflow/dags/ETL_Step_2_S3_PostgreSQL.py","lineno":13,"logger":"py.warnings"}
{"timestamp":"2026-03-02T02:26:21.327217Z","level":"warning","event":"The `airflow.operators.python.get_current_context` attribute is deprecated. Please use `'airflow.sdk.get_current_context'`.","category":"DeprecatedImportWarning","filename":"/opt/airflow/dags/ETL_Step_2_S3_PostgreSQL.py","lineno":15,"logger":"py.warnings"}
{"timestamp":"2026-03-02T02:26:51.493669Z","level":"info","event":"Filling up the DagBag from /opt/airflow/dags/ETL_Step_2_S3_PostgreSQL.py","logger":"airflow.models.dagbag.DagBag","filename":"dagbag.py","lineno":593}
{"timestamp":"2026-03-02T02:26:52.078201Z","level":"info","event":"Found credentials in shared credentials file: ~/.aws/credentials","logger":"botocore.credentials","filename":"credentials.py","lineno":1364}
{"timestamp":"2026-03-02T02:26:52.198074Z","level":"warning","event":"The `airflow.decorators.task` attribute is deprecated. Please use `'airflow.sdk.task'`.","category":"DeprecatedImportWarning","filename":"/opt/airflow/dags/ETL_Step_2_S3_PostgreSQL.py","lineno":13,"logger":"py.warnings"}
{"timestamp":"2026-03-02T02:26:52.198196Z","level":"warning","event":"The `airflow.operators.python.get_current_context` attribute is deprecated. Please use `'airflow.sdk.get_current_context'`.","category":"DeprecatedImportWarning","filename":"/opt/airflow/dags/ETL_Step_2_S3_PostgreSQL.py","lineno":15,"logger":"py.warnings"}
{"timestamp":"2026-03-02T02:27:22.324288Z","level":"info","event":"Filling up the DagBag from /opt/airflow/dags/ETL_Step_2_S3_PostgreSQL.py","logger":"airflow.models.dagbag.DagBag","filename":"dagbag.py","lineno":593}
{"timestamp":"2026-03-02T02:27:22.995255Z","level":"info","event":"Found credentials in shared credentials file: ~/.aws/credentials","logger":"botocore.credentials","filename":"credentials.py","lineno":1364}
{"timestamp":"2026-03-02T02:27:23.119646Z","level":"warning","event":"The `airflow.decorators.task` attribute is deprecated. Please use `'airflow.sdk.task'`.","category":"DeprecatedImportWarning","filename":"/opt/airflow/dags/ETL_Step_2_S3_PostgreSQL.py","lineno":13,"logger":"py.warnings"}
{"timestamp":"2026-03-02T02:27:23.119771Z","level":"warning","event":"The `airflow.operators.python.get_current_context` attribute is deprecated. Please use `'airflow.sdk.get_current_context'`.","category":"DeprecatedImportWarning","filename":"/opt/airflow/dags/ETL_Step_2_S3_PostgreSQL.py","lineno":15,"logger":"py.warnings"}
{"timestamp":"2026-03-02T02:27:53.195730Z","level":"info","event":"Filling up the DagBag from /opt/airflow/dags/ETL_Step_2_S3_PostgreSQL.py","logger":"airflow.models.dagbag.DagBag","filename":"dagbag.py","lineno":593}
{"timestamp":"2026-03-02T02:27:53.767881Z","level":"info","event":"Found credentials in shared credentials file: ~/.aws/credentials","logger":"botocore.credentials","filename":"credentials.py","lineno":1364}
{"timestamp":"2026-03-02T02:27:53.890057Z","level":"warning","event":"The `airflow.decorators.task` attribute is deprecated. Please use `'airflow.sdk.task'`.","category":"DeprecatedImportWarning","filename":"/opt/airflow/dags/ETL_Step_2_S3_PostgreSQL.py","lineno":13,"logger":"py.warnings"}
{"timestamp":"2026-03-02T02:27:53.890184Z","level":"warning","event":"The `airflow.operators.python.get_current_context` attribute is deprecated. Please use `'airflow.sdk.get_current_context'`.","category":"DeprecatedImportWarning","filename":"/opt/airflow/dags/ETL_Step_2_S3_PostgreSQL.py","lineno":15,"logger":"py.warnings"}
{"timestamp":"2026-03-02T02:28:24.001274Z","level":"info","event":"Filling up the DagBag from /opt/airflow/dags/ETL_Step_2_S3_PostgreSQL.py","logger":"airflow.models.dagbag.DagBag","filename":"dagbag.py","lineno":593}
{"timestamp":"2026-03-02T02:28:24.717767Z","level":"info","event":"Found credentials in shared credentials file: ~/.aws/credentials","logger":"botocore.credentials","filename":"credentials.py","lineno":1364}
{"timestamp":"2026-03-02T02:28:24.867629Z","level":"warning","event":"The `airflow.decorators.task` attribute is deprecated. Please use `'airflow.sdk.task'`.","category":"DeprecatedImportWarning","filename":"/opt/airflow/dags/ETL_Step_2_S3_PostgreSQL.py","lineno":13,"logger":"py.warnings"}
{"timestamp":"2026-03-02T02:28:24.867774Z","level":"warning","event":"The `airflow.operators.python.get_current_context` attribute is deprecated. Please use `'airflow.sdk.get_current_context'`.","category":"DeprecatedImportWarning","filename":"/opt/airflow/dags/ETL_Step_2_S3_PostgreSQL.py","lineno":15,"logger":"py.warnings"}
{"timestamp":"2026-03-02T02:28:54.972492Z","level":"info","event":"Filling up the DagBag from /opt/airflow/dags/ETL_Step_2_S3_PostgreSQL.py","logger":"airflow.models.dagbag.DagBag","filename":"dagbag.py","lineno":593}
{"timestamp":"2026-03-02T02:28:55.629003Z","level":"info","event":"Found credentials in shared credentials file: ~/.aws/credentials","logger":"botocore.credentials","filename":"credentials.py","lineno":1364}
{"timestamp":"2026-03-02T02:28:55.758946Z","level":"warning","event":"The `airflow.decorators.task` attribute is deprecated. Please use `'airflow.sdk.task'`.","category":"DeprecatedImportWarning","filename":"/opt/airflow/dags/ETL_Step_2_S3_PostgreSQL.py","lineno":13,"logger":"py.warnings"}
{"timestamp":"2026-03-02T02:28:55.759087Z","level":"warning","event":"The `airflow.operators.python.get_current_context` attribute is deprecated. Please use `'airflow.sdk.get_current_context'`.","category":"DeprecatedImportWarning","filename":"/opt/airflow/dags/ETL_Step_2_S3_PostgreSQL.py","lineno":15,"logger":"py.warnings"}
{"timestamp":"2026-03-02T02:29:25.833316Z","level":"info","event":"Filling up the DagBag from /opt/airflow/dags/ETL_Step_2_S3_PostgreSQL.py","logger":"airflow.models.dagbag.DagBag","filename":"dagbag.py","lineno":593}
{"timestamp":"2026-03-02T02:29:26.463136Z","level":"info","event":"Found credentials in shared credentials file: ~/.aws/credentials","logger":"botocore.credentials","filename":"credentials.py","lineno":1364}
{"timestamp":"2026-03-02T02:29:26.584606Z","level":"warning","event":"The `airflow.decorators.task` attribute is deprecated. Please use `'airflow.sdk.task'`.","category":"DeprecatedImportWarning","filename":"/opt/airflow/dags/ETL_Step_2_S3_PostgreSQL.py","lineno":13,"logger":"py.warnings"}
{"timestamp":"2026-03-02T02:29:26.584736Z","level":"warning","event":"The `airflow.operators.python.get_current_context` attribute is deprecated. Please use `'airflow.sdk.get_current_context'`.","category":"DeprecatedImportWarning","filename":"/opt/airflow/dags/ETL_Step_2_S3_PostgreSQL.py","lineno":15,"logger":"py.warnings"}
{"timestamp":"2026-03-02T02:29:56.643683Z","level":"info","event":"Filling up the DagBag from /opt/airflow/dags/ETL_Step_2_S3_PostgreSQL.py","logger":"airflow.models.dagbag.DagBag","filename":"dagbag.py","lineno":593}
{"timestamp":"2026-03-02T02:29:57.260155Z","level":"info","event":"Found credentials in shared credentials file: ~/.aws/credentials","logger":"botocore.credentials","filename":"credentials.py","lineno":1364}
{"timestamp":"2026-03-02T02:29:57.381324Z","level":"warning","event":"The `airflow.decorators.task` attribute is deprecated. Please use `'airflow.sdk.task'`.","category":"DeprecatedImportWarning","filename":"/opt/airflow/dags/ETL_Step_2_S3_PostgreSQL.py","lineno":13,"logger":"py.warnings"}
{"timestamp":"2026-03-02T02:29:57.381459Z","level":"warning","event":"The `airflow.operators.python.get_current_context` attribute is deprecated. Please use `'airflow.sdk.get_current_context'`.","category":"DeprecatedImportWarning","filename":"/opt/airflow/dags/ETL_Step_2_S3_PostgreSQL.py","lineno":15,"logger":"py.warnings"}
{"timestamp":"2026-03-02T02:30:27.538316Z","level":"info","event":"Filling up the DagBag from /opt/airflow/dags/ETL_Step_2_S3_PostgreSQL.py","logger":"airflow.models.dagbag.DagBag","filename":"dagbag.py","lineno":593}
{"timestamp":"2026-03-02T02:30:28.126952Z","level":"info","event":"Found credentials in shared credentials file: ~/.aws/credentials","logger":"botocore.credentials","filename":"credentials.py","lineno":1364}
{"timestamp":"2026-03-02T02:30:28.250480Z","level":"warning","event":"The `airflow.decorators.task` attribute is deprecated. Please use `'airflow.sdk.task'`.","category":"DeprecatedImportWarning","filename":"/opt/airflow/dags/ETL_Step_2_S3_PostgreSQL.py","lineno":13,"logger":"py.warnings"}
{"timestamp":"2026-03-02T02:30:28.250602Z","level":"warning","event":"The `airflow.operators.python.get_current_context` attribute is deprecated. Please use `'airflow.sdk.get_current_context'`.","category":"DeprecatedImportWarning","filename":"/opt/airflow/dags/ETL_Step_2_S3_PostgreSQL.py","lineno":15,"logger":"py.warnings"}
{"timestamp":"2026-03-02T02:30:58.386213Z","level":"info","event":"Filling up the DagBag from /opt/airflow/dags/ETL_Step_2_S3_PostgreSQL.py","logger":"airflow.models.dagbag.DagBag","filename":"dagbag.py","lineno":593}
{"timestamp":"2026-03-02T02:30:59.225414Z","level":"info","event":"Found credentials in shared credentials file: ~/.aws/credentials","logger":"botocore.credentials","filename":"credentials.py","lineno":1364}
{"timestamp":"2026-03-02T02:30:59.413758Z","level":"warning","event":"The `airflow.decorators.task` attribute is deprecated. Please use `'airflow.sdk.task'`.","category":"DeprecatedImportWarning","filename":"/opt/airflow/dags/ETL_Step_2_S3_PostgreSQL.py","lineno":13,"logger":"py.warnings"}
{"timestamp":"2026-03-02T02:30:59.413914Z","level":"warning","event":"The `airflow.operators.python.get_current_context` attribute is deprecated. Please use `'airflow.sdk.get_current_context'`.","category":"DeprecatedImportWarning","filename":"/opt/airflow/dags/ETL_Step_2_S3_PostgreSQL.py","lineno":15,"logger":"py.warnings"}
{"timestamp":"2026-03-02T02:31:30.264889Z","level":"info","event":"Filling up the DagBag from /opt/airflow/dags/ETL_Step_2_S3_PostgreSQL.py","logger":"airflow.models.dagbag.DagBag","filename":"dagbag.py","lineno":593}
{"timestamp":"2026-03-02T02:31:30.891592Z","level":"info","event":"Found credentials in shared credentials file: ~/.aws/credentials","logger":"botocore.credentials","filename":"credentials.py","lineno":1364}
{"timestamp":"2026-03-02T02:31:31.011938Z","level":"warning","event":"The `airflow.decorators.task` attribute is deprecated. Please use `'airflow.sdk.task'`.","category":"DeprecatedImportWarning","filename":"/opt/airflow/dags/ETL_Step_2_S3_PostgreSQL.py","lineno":13,"logger":"py.warnings"}
{"timestamp":"2026-03-02T02:31:31.012060Z","level":"warning","event":"The `airflow.operators.python.get_current_context` attribute is deprecated. Please use `'airflow.sdk.get_current_context'`.","category":"DeprecatedImportWarning","filename":"/opt/airflow/dags/ETL_Step_2_S3_PostgreSQL.py","lineno":15,"logger":"py.warnings"}
{"timestamp":"2026-03-02T02:32:01.121364Z","level":"info","event":"Filling up the DagBag from /opt/airflow/dags/ETL_Step_2_S3_PostgreSQL.py","logger":"airflow.models.dagbag.DagBag","filename":"dagbag.py","lineno":593}
{"timestamp":"2026-03-02T02:32:01.808478Z","level":"info","event":"Found credentials in shared credentials file: ~/.aws/credentials","logger":"botocore.credentials","filename":"credentials.py","lineno":1364}
{"timestamp":"2026-03-02T02:32:01.960595Z","level":"warning","event":"The `airflow.decorators.task` attribute is deprecated. Please use `'airflow.sdk.task'`.","category":"DeprecatedImportWarning","filename":"/opt/airflow/dags/ETL_Step_2_S3_PostgreSQL.py","lineno":13,"logger":"py.warnings"}
{"timestamp":"2026-03-02T02:32:01.960740Z","level":"warning","event":"The `airflow.operators.python.get_current_context` attribute is deprecated. Please use `'airflow.sdk.get_current_context'`.","category":"DeprecatedImportWarning","filename":"/opt/airflow/dags/ETL_Step_2_S3_PostgreSQL.py","lineno":15,"logger":"py.warnings"}
{"timestamp":"2026-03-02T02:32:32.250361Z","level":"info","event":"Filling up the DagBag from /opt/airflow/dags/ETL_Step_2_S3_PostgreSQL.py","logger":"airflow.models.dagbag.DagBag","filename":"dagbag.py","lineno":593}
{"timestamp":"2026-03-02T02:32:32.938249Z","level":"info","event":"Found credentials in shared credentials file: ~/.aws/credentials","logger":"botocore.credentials","filename":"credentials.py","lineno":1364}
{"timestamp":"2026-03-02T02:32:33.079734Z","level":"warning","event":"The `airflow.decorators.task` attribute is deprecated. Please use `'airflow.sdk.task'`.","category":"DeprecatedImportWarning","filename":"/opt/airflow/dags/ETL_Step_2_S3_PostgreSQL.py","lineno":13,"logger":"py.warnings"}
{"timestamp":"2026-03-02T02:32:33.079869Z","level":"warning","event":"The `airflow.operators.python.get_current_context` attribute is deprecated. Please use `'airflow.sdk.get_current_context'`.","category":"DeprecatedImportWarning","filename":"/opt/airflow/dags/ETL_Step_2_S3_PostgreSQL.py","lineno":15,"logger":"py.warnings"}
{"timestamp":"2026-03-02T02:33:03.230005Z","level":"info","event":"Filling up the DagBag from /opt/airflow/dags/ETL_Step_2_S3_PostgreSQL.py","logger":"airflow.models.dagbag.DagBag","filename":"dagbag.py","lineno":593}
{"timestamp":"2026-03-02T02:33:03.855526Z","level":"info","event":"Found credentials in shared credentials file: ~/.aws/credentials","logger":"botocore.credentials","filename":"credentials.py","lineno":1364}
{"timestamp":"2026-03-02T02:33:03.987540Z","level":"warning","event":"The `airflow.decorators.task` attribute is deprecated. Please use `'airflow.sdk.task'`.","category":"DeprecatedImportWarning","filename":"/opt/airflow/dags/ETL_Step_2_S3_PostgreSQL.py","lineno":13,"logger":"py.warnings"}
{"timestamp":"2026-03-02T02:33:03.987676Z","level":"warning","event":"The `airflow.operators.python.get_current_context` attribute is deprecated. Please use `'airflow.sdk.get_current_context'`.","category":"DeprecatedImportWarning","filename":"/opt/airflow/dags/ETL_Step_2_S3_PostgreSQL.py","lineno":15,"logger":"py.warnings"}
{"timestamp":"2026-03-02T02:33:34.064892Z","level":"info","event":"Filling up the DagBag from /opt/airflow/dags/ETL_Step_2_S3_PostgreSQL.py","logger":"airflow.models.dagbag.DagBag","filename":"dagbag.py","lineno":593}
{"timestamp":"2026-03-02T02:33:34.700964Z","level":"info","event":"Found credentials in shared credentials file: ~/.aws/credentials","logger":"botocore.credentials","filename":"credentials.py","lineno":1364}
{"timestamp":"2026-03-02T02:33:34.843902Z","level":"warning","event":"The `airflow.decorators.task` attribute is deprecated. Please use `'airflow.sdk.task'`.","category":"DeprecatedImportWarning","filename":"/opt/airflow/dags/ETL_Step_2_S3_PostgreSQL.py","lineno":13,"logger":"py.warnings"}
{"timestamp":"2026-03-02T02:33:34.844013Z","level":"warning","event":"The `airflow.operators.python.get_current_context` attribute is deprecated. Please use `'airflow.sdk.get_current_context'`.","category":"DeprecatedImportWarning","filename":"/opt/airflow/dags/ETL_Step_2_S3_PostgreSQL.py","lineno":15,"logger":"py.warnings"}
{"timestamp":"2026-03-02T02:34:04.930848Z","level":"info","event":"Filling up the DagBag from /opt/airflow/dags/ETL_Step_2_S3_PostgreSQL.py","logger":"airflow.models.dagbag.DagBag","filename":"dagbag.py","lineno":593}
{"timestamp":"2026-03-02T02:34:05.552879Z","level":"info","event":"Found credentials in shared credentials file: ~/.aws/credentials","logger":"botocore.credentials","filename":"credentials.py","lineno":1364}
{"timestamp":"2026-03-02T02:34:05.674689Z","level":"warning","event":"The `airflow.decorators.task` attribute is deprecated. Please use `'airflow.sdk.task'`.","category":"DeprecatedImportWarning","filename":"/opt/airflow/dags/ETL_Step_2_S3_PostgreSQL.py","lineno":13,"logger":"py.warnings"}
{"timestamp":"2026-03-02T02:34:05.674840Z","level":"warning","event":"The `airflow.operators.python.get_current_context` attribute is deprecated. Please use `'airflow.sdk.get_current_context'`.","category":"DeprecatedImportWarning","filename":"/opt/airflow/dags/ETL_Step_2_S3_PostgreSQL.py","lineno":15,"logger":"py.warnings"}
{"timestamp":"2026-03-02T02:34:35.749701Z","level":"info","event":"Filling up the DagBag from /opt/airflow/dags/ETL_Step_2_S3_PostgreSQL.py","logger":"airflow.models.dagbag.DagBag","filename":"dagbag.py","lineno":593}
{"timestamp":"2026-03-02T02:34:36.390503Z","level":"info","event":"Found credentials in shared credentials file: ~/.aws/credentials","logger":"botocore.credentials","filename":"credentials.py","lineno":1364}
{"timestamp":"2026-03-02T02:34:36.521509Z","level":"warning","event":"The `airflow.decorators.task` attribute is deprecated. Please use `'airflow.sdk.task'`.","category":"DeprecatedImportWarning","filename":"/opt/airflow/dags/ETL_Step_2_S3_PostgreSQL.py","lineno":13,"logger":"py.warnings"}
{"timestamp":"2026-03-02T02:34:36.521643Z","level":"warning","event":"The `airflow.operators.python.get_current_context` attribute is deprecated. Please use `'airflow.sdk.get_current_context'`.","category":"DeprecatedImportWarning","filename":"/opt/airflow/dags/ETL_Step_2_S3_PostgreSQL.py","lineno":15,"logger":"py.warnings"}
{"timestamp":"2026-03-02T02:35:06.721779Z","level":"info","event":"Filling up the DagBag from /opt/airflow/dags/ETL_Step_2_S3_PostgreSQL.py","logger":"airflow.models.dagbag.DagBag","filename":"dagbag.py","lineno":593}
{"timestamp":"2026-03-02T02:35:07.359693Z","level":"info","event":"Found credentials in shared credentials file: ~/.aws/credentials","logger":"botocore.credentials","filename":"credentials.py","lineno":1364}
{"timestamp":"2026-03-02T02:35:07.482438Z","level":"warning","event":"The `airflow.decorators.task` attribute is deprecated. Please use `'airflow.sdk.task'`.","category":"DeprecatedImportWarning","filename":"/opt/airflow/dags/ETL_Step_2_S3_PostgreSQL.py","lineno":13,"logger":"py.warnings"}
{"timestamp":"2026-03-02T02:35:07.482561Z","level":"warning","event":"The `airflow.operators.python.get_current_context` attribute is deprecated. Please use `'airflow.sdk.get_current_context'`.","category":"DeprecatedImportWarning","filename":"/opt/airflow/dags/ETL_Step_2_S3_PostgreSQL.py","lineno":15,"logger":"py.warnings"}
{"timestamp":"2026-03-02T02:35:37.582380Z","level":"info","event":"Filling up the DagBag from /opt/airflow/dags/ETL_Step_2_S3_PostgreSQL.py","logger":"airflow.models.dagbag.DagBag","filename":"dagbag.py","lineno":593}
{"timestamp":"2026-03-02T02:35:38.269938Z","level":"info","event":"Found credentials in shared credentials file: ~/.aws/credentials","logger":"botocore.credentials","filename":"credentials.py","lineno":1364}
{"timestamp":"2026-03-02T02:35:38.398246Z","level":"warning","event":"The `airflow.decorators.task` attribute is deprecated. Please use `'airflow.sdk.task'`.","category":"DeprecatedImportWarning","filename":"/opt/airflow/dags/ETL_Step_2_S3_PostgreSQL.py","lineno":13,"logger":"py.warnings"}
{"timestamp":"2026-03-02T02:35:38.398391Z","level":"warning","event":"The `airflow.operators.python.get_current_context` attribute is deprecated. Please use `'airflow.sdk.get_current_context'`.","category":"DeprecatedImportWarning","filename":"/opt/airflow/dags/ETL_Step_2_S3_PostgreSQL.py","lineno":15,"logger":"py.warnings"}
{"timestamp":"2026-03-02T02:36:08.481400Z","level":"info","event":"Filling up the DagBag from /opt/airflow/dags/ETL_Step_2_S3_PostgreSQL.py","logger":"airflow.models.dagbag.DagBag","filename":"dagbag.py","lineno":593}
{"timestamp":"2026-03-02T02:36:09.121998Z","level":"info","event":"Found credentials in shared credentials file: ~/.aws/credentials","logger":"botocore.credentials","filename":"credentials.py","lineno":1364}
{"timestamp":"2026-03-02T02:36:09.245640Z","level":"warning","event":"The `airflow.decorators.task` attribute is deprecated. Please use `'airflow.sdk.task'`.","category":"DeprecatedImportWarning","filename":"/opt/airflow/dags/ETL_Step_2_S3_PostgreSQL.py","lineno":13,"logger":"py.warnings"}
{"timestamp":"2026-03-02T02:36:09.245765Z","level":"warning","event":"The `airflow.operators.python.get_current_context` attribute is deprecated. Please use `'airflow.sdk.get_current_context'`.","category":"DeprecatedImportWarning","filename":"/opt/airflow/dags/ETL_Step_2_S3_PostgreSQL.py","lineno":15,"logger":"py.warnings"}
{"timestamp":"2026-03-02T02:36:39.493780Z","level":"info","event":"Filling up the DagBag from /opt/airflow/dags/ETL_Step_2_S3_PostgreSQL.py","logger":"airflow.models.dagbag.DagBag","filename":"dagbag.py","lineno":593}
{"timestamp":"2026-03-02T02:36:40.186919Z","level":"info","event":"Found credentials in shared credentials file: ~/.aws/credentials","logger":"botocore.credentials","filename":"credentials.py","lineno":1364}
{"timestamp":"2026-03-02T02:36:40.321864Z","level":"warning","event":"The `airflow.decorators.task` attribute is deprecated. Please use `'airflow.sdk.task'`.","category":"DeprecatedImportWarning","filename":"/opt/airflow/dags/ETL_Step_2_S3_PostgreSQL.py","lineno":13,"logger":"py.warnings"}
{"timestamp":"2026-03-02T02:36:40.322001Z","level":"warning","event":"The `airflow.operators.python.get_current_context` attribute is deprecated. Please use `'airflow.sdk.get_current_context'`.","category":"DeprecatedImportWarning","filename":"/opt/airflow/dags/ETL_Step_2_S3_PostgreSQL.py","lineno":15,"logger":"py.warnings"}
{"timestamp":"2026-03-02T02:37:10.494733Z","level":"info","event":"Filling up the DagBag from /opt/airflow/dags/ETL_Step_2_S3_PostgreSQL.py","logger":"airflow.models.dagbag.DagBag","filename":"dagbag.py","lineno":593}
{"timestamp":"2026-03-02T02:37:11.132161Z","level":"info","event":"Found credentials in shared credentials file: ~/.aws/credentials","logger":"botocore.credentials","filename":"credentials.py","lineno":1364}
{"timestamp":"2026-03-02T02:37:11.247804Z","level":"warning","event":"The `airflow.decorators.task` attribute is deprecated. Please use `'airflow.sdk.task'`.","category":"DeprecatedImportWarning","filename":"/opt/airflow/dags/ETL_Step_2_S3_PostgreSQL.py","lineno":13,"logger":"py.warnings"}
{"timestamp":"2026-03-02T02:37:11.247926Z","level":"warning","event":"The `airflow.operators.python.get_current_context` attribute is deprecated. Please use `'airflow.sdk.get_current_context'`.","category":"DeprecatedImportWarning","filename":"/opt/airflow/dags/ETL_Step_2_S3_PostgreSQL.py","lineno":15,"logger":"py.warnings"}
{"timestamp":"2026-03-02T02:37:41.372102Z","level":"info","event":"Filling up the DagBag from /opt/airflow/dags/ETL_Step_2_S3_PostgreSQL.py","logger":"airflow.models.dagbag.DagBag","filename":"dagbag.py","lineno":593}
{"timestamp":"2026-03-02T02:37:42.076738Z","level":"info","event":"Found credentials in shared credentials file: ~/.aws/credentials","logger":"botocore.credentials","filename":"credentials.py","lineno":1364}
{"timestamp":"2026-03-02T02:37:42.214485Z","level":"warning","event":"The `airflow.decorators.task` attribute is deprecated. Please use `'airflow.sdk.task'`.","category":"DeprecatedImportWarning","filename":"/opt/airflow/dags/ETL_Step_2_S3_PostgreSQL.py","lineno":13,"logger":"py.warnings"}
{"timestamp":"2026-03-02T02:37:42.214617Z","level":"warning","event":"The `airflow.operators.python.get_current_context` attribute is deprecated. Please use `'airflow.sdk.get_current_context'`.","category":"DeprecatedImportWarning","filename":"/opt/airflow/dags/ETL_Step_2_S3_PostgreSQL.py","lineno":15,"logger":"py.warnings"}
{"timestamp":"2026-03-02T02:38:12.384482Z","level":"info","event":"Filling up the DagBag from /opt/airflow/dags/ETL_Step_2_S3_PostgreSQL.py","logger":"airflow.models.dagbag.DagBag","filename":"dagbag.py","lineno":593}
{"timestamp":"2026-03-02T02:38:13.079236Z","level":"info","event":"Found credentials in shared credentials file: ~/.aws/credentials","logger":"botocore.credentials","filename":"credentials.py","lineno":1364}
{"timestamp":"2026-03-02T02:38:13.255720Z","level":"warning","event":"The `airflow.decorators.task` attribute is deprecated. Please use `'airflow.sdk.task'`.","category":"DeprecatedImportWarning","filename":"/opt/airflow/dags/ETL_Step_2_S3_PostgreSQL.py","lineno":13,"logger":"py.warnings"}
{"timestamp":"2026-03-02T02:38:13.255853Z","level":"warning","event":"The `airflow.operators.python.get_current_context` attribute is deprecated. Please use `'airflow.sdk.get_current_context'`.","category":"DeprecatedImportWarning","filename":"/opt/airflow/dags/ETL_Step_2_S3_PostgreSQL.py","lineno":15,"logger":"py.warnings"}
