{"timestamp":"2026-03-02T02:02:05.432840Z","level":"info","event":"Filling up the DagBag from /opt/airflow/dags/ETL_Step_1_DynamoDB_S3.py","logger":"airflow.models.dagbag.DagBag","filename":"dagbag.py","lineno":593}
{"timestamp":"2026-03-02T02:02:07.694777Z","level":"info","event":"Found credentials in shared credentials file: ~/.aws/credentials","logger":"botocore.credentials","filename":"credentials.py","lineno":1364}
{"timestamp":"2026-03-02T02:02:08.046667Z","level":"warning","event":"The `airflow.decorators.task` attribute is deprecated. Please use `'airflow.sdk.task'`.","category":"DeprecatedImportWarning","filename":"/opt/airflow/dags/ETL_Step_1_DynamoDB_S3.py","lineno":10,"logger":"py.warnings"}
{"timestamp":"2026-03-02T02:02:08.046803Z","level":"warning","event":"The `airflow.operators.python.get_current_context` attribute is deprecated. Please use `'airflow.sdk.get_current_context'`.","category":"DeprecatedImportWarning","filename":"/opt/airflow/dags/ETL_Step_1_DynamoDB_S3.py","lineno":12,"logger":"py.warnings"}
{"timestamp":"2026-03-02T02:02:38.446822Z","level":"info","event":"Filling up the DagBag from /opt/airflow/dags/ETL_Step_1_DynamoDB_S3.py","logger":"airflow.models.dagbag.DagBag","filename":"dagbag.py","lineno":593}
{"timestamp":"2026-03-02T02:02:39.027433Z","level":"info","event":"Found credentials in shared credentials file: ~/.aws/credentials","logger":"botocore.credentials","filename":"credentials.py","lineno":1364}
{"timestamp":"2026-03-02T02:02:39.152309Z","level":"warning","event":"The `airflow.decorators.task` attribute is deprecated. Please use `'airflow.sdk.task'`.","category":"DeprecatedImportWarning","filename":"/opt/airflow/dags/ETL_Step_1_DynamoDB_S3.py","lineno":10,"logger":"py.warnings"}
{"timestamp":"2026-03-02T02:02:39.152441Z","level":"warning","event":"The `airflow.operators.python.get_current_context` attribute is deprecated. Please use `'airflow.sdk.get_current_context'`.","category":"DeprecatedImportWarning","filename":"/opt/airflow/dags/ETL_Step_1_DynamoDB_S3.py","lineno":12,"logger":"py.warnings"}
{"timestamp":"2026-03-02T02:03:09.329069Z","level":"info","event":"Filling up the DagBag from /opt/airflow/dags/ETL_Step_1_DynamoDB_S3.py","logger":"airflow.models.dagbag.DagBag","filename":"dagbag.py","lineno":593}
{"timestamp":"2026-03-02T02:03:10.099025Z","level":"info","event":"Found credentials in shared credentials file: ~/.aws/credentials","logger":"botocore.credentials","filename":"credentials.py","lineno":1364}
{"timestamp":"2026-03-02T02:03:10.229783Z","level":"warning","event":"The `airflow.decorators.task` attribute is deprecated. Please use `'airflow.sdk.task'`.","category":"DeprecatedImportWarning","filename":"/opt/airflow/dags/ETL_Step_1_DynamoDB_S3.py","lineno":10,"logger":"py.warnings"}
{"timestamp":"2026-03-02T02:03:10.229919Z","level":"warning","event":"The `airflow.operators.python.get_current_context` attribute is deprecated. Please use `'airflow.sdk.get_current_context'`.","category":"DeprecatedImportWarning","filename":"/opt/airflow/dags/ETL_Step_1_DynamoDB_S3.py","lineno":12,"logger":"py.warnings"}
{"timestamp":"2026-03-02T02:03:40.747410Z","level":"info","event":"Filling up the DagBag from /opt/airflow/dags/ETL_Step_1_DynamoDB_S3.py","logger":"airflow.models.dagbag.DagBag","filename":"dagbag.py","lineno":593}
{"timestamp":"2026-03-02T02:03:41.374671Z","level":"info","event":"Found credentials in shared credentials file: ~/.aws/credentials","logger":"botocore.credentials","filename":"credentials.py","lineno":1364}
{"timestamp":"2026-03-02T02:03:41.508551Z","level":"warning","event":"The `airflow.decorators.task` attribute is deprecated. Please use `'airflow.sdk.task'`.","category":"DeprecatedImportWarning","filename":"/opt/airflow/dags/ETL_Step_1_DynamoDB_S3.py","lineno":10,"logger":"py.warnings"}
{"timestamp":"2026-03-02T02:03:41.508678Z","level":"warning","event":"The `airflow.operators.python.get_current_context` attribute is deprecated. Please use `'airflow.sdk.get_current_context'`.","category":"DeprecatedImportWarning","filename":"/opt/airflow/dags/ETL_Step_1_DynamoDB_S3.py","lineno":12,"logger":"py.warnings"}
{"timestamp":"2026-03-02T02:04:11.756318Z","level":"info","event":"Filling up the DagBag from /opt/airflow/dags/ETL_Step_1_DynamoDB_S3.py","logger":"airflow.models.dagbag.DagBag","filename":"dagbag.py","lineno":593}
{"timestamp":"2026-03-02T02:04:12.387730Z","level":"info","event":"Found credentials in shared credentials file: ~/.aws/credentials","logger":"botocore.credentials","filename":"credentials.py","lineno":1364}
{"timestamp":"2026-03-02T02:04:12.508222Z","level":"warning","event":"The `airflow.decorators.task` attribute is deprecated. Please use `'airflow.sdk.task'`.","category":"DeprecatedImportWarning","filename":"/opt/airflow/dags/ETL_Step_1_DynamoDB_S3.py","lineno":10,"logger":"py.warnings"}
{"timestamp":"2026-03-02T02:04:12.508351Z","level":"warning","event":"The `airflow.operators.python.get_current_context` attribute is deprecated. Please use `'airflow.sdk.get_current_context'`.","category":"DeprecatedImportWarning","filename":"/opt/airflow/dags/ETL_Step_1_DynamoDB_S3.py","lineno":12,"logger":"py.warnings"}
{"timestamp":"2026-03-02T02:04:42.696435Z","level":"info","event":"Filling up the DagBag from /opt/airflow/dags/ETL_Step_1_DynamoDB_S3.py","logger":"airflow.models.dagbag.DagBag","filename":"dagbag.py","lineno":593}
{"timestamp":"2026-03-02T02:04:43.393130Z","level":"info","event":"Found credentials in shared credentials file: ~/.aws/credentials","logger":"botocore.credentials","filename":"credentials.py","lineno":1364}
{"timestamp":"2026-03-02T02:04:43.540259Z","level":"warning","event":"The `airflow.decorators.task` attribute is deprecated. Please use `'airflow.sdk.task'`.","category":"DeprecatedImportWarning","filename":"/opt/airflow/dags/ETL_Step_1_DynamoDB_S3.py","lineno":10,"logger":"py.warnings"}
{"timestamp":"2026-03-02T02:04:43.540406Z","level":"warning","event":"The `airflow.operators.python.get_current_context` attribute is deprecated. Please use `'airflow.sdk.get_current_context'`.","category":"DeprecatedImportWarning","filename":"/opt/airflow/dags/ETL_Step_1_DynamoDB_S3.py","lineno":12,"logger":"py.warnings"}
{"timestamp":"2026-03-02T02:05:13.766549Z","level":"info","event":"Filling up the DagBag from /opt/airflow/dags/ETL_Step_1_DynamoDB_S3.py","logger":"airflow.models.dagbag.DagBag","filename":"dagbag.py","lineno":593}
{"timestamp":"2026-03-02T02:05:14.544409Z","level":"info","event":"Found credentials in shared credentials file: ~/.aws/credentials","logger":"botocore.credentials","filename":"credentials.py","lineno":1364}
{"timestamp":"2026-03-02T02:05:14.663786Z","level":"warning","event":"The `airflow.decorators.task` attribute is deprecated. Please use `'airflow.sdk.task'`.","category":"DeprecatedImportWarning","filename":"/opt/airflow/dags/ETL_Step_1_DynamoDB_S3.py","lineno":10,"logger":"py.warnings"}
{"timestamp":"2026-03-02T02:05:14.663914Z","level":"warning","event":"The `airflow.operators.python.get_current_context` attribute is deprecated. Please use `'airflow.sdk.get_current_context'`.","category":"DeprecatedImportWarning","filename":"/opt/airflow/dags/ETL_Step_1_DynamoDB_S3.py","lineno":12,"logger":"py.warnings"}
{"timestamp":"2026-03-02T02:05:44.913934Z","level":"info","event":"Filling up the DagBag from /opt/airflow/dags/ETL_Step_1_DynamoDB_S3.py","logger":"airflow.models.dagbag.DagBag","filename":"dagbag.py","lineno":593}
{"timestamp":"2026-03-02T02:05:45.585211Z","level":"info","event":"Found credentials in shared credentials file: ~/.aws/credentials","logger":"botocore.credentials","filename":"credentials.py","lineno":1364}
{"timestamp":"2026-03-02T02:05:45.708168Z","level":"warning","event":"The `airflow.decorators.task` attribute is deprecated. Please use `'airflow.sdk.task'`.","category":"DeprecatedImportWarning","filename":"/opt/airflow/dags/ETL_Step_1_DynamoDB_S3.py","lineno":10,"logger":"py.warnings"}
{"timestamp":"2026-03-02T02:05:45.708306Z","level":"warning","event":"The `airflow.operators.python.get_current_context` attribute is deprecated. Please use `'airflow.sdk.get_current_context'`.","category":"DeprecatedImportWarning","filename":"/opt/airflow/dags/ETL_Step_1_DynamoDB_S3.py","lineno":12,"logger":"py.warnings"}
{"timestamp":"2026-03-02T02:06:15.845720Z","level":"info","event":"Filling up the DagBag from /opt/airflow/dags/ETL_Step_1_DynamoDB_S3.py","logger":"airflow.models.dagbag.DagBag","filename":"dagbag.py","lineno":593}
{"timestamp":"2026-03-02T02:06:16.502729Z","level":"info","event":"Found credentials in shared credentials file: ~/.aws/credentials","logger":"botocore.credentials","filename":"credentials.py","lineno":1364}
{"timestamp":"2026-03-02T02:06:16.620140Z","level":"warning","event":"The `airflow.decorators.task` attribute is deprecated. Please use `'airflow.sdk.task'`.","category":"DeprecatedImportWarning","filename":"/opt/airflow/dags/ETL_Step_1_DynamoDB_S3.py","lineno":10,"logger":"py.warnings"}
{"timestamp":"2026-03-02T02:06:16.620282Z","level":"warning","event":"The `airflow.operators.python.get_current_context` attribute is deprecated. Please use `'airflow.sdk.get_current_context'`.","category":"DeprecatedImportWarning","filename":"/opt/airflow/dags/ETL_Step_1_DynamoDB_S3.py","lineno":12,"logger":"py.warnings"}
{"timestamp":"2026-03-02T02:06:46.934692Z","level":"info","event":"Filling up the DagBag from /opt/airflow/dags/ETL_Step_1_DynamoDB_S3.py","logger":"airflow.models.dagbag.DagBag","filename":"dagbag.py","lineno":593}
{"timestamp":"2026-03-02T02:06:47.786054Z","level":"info","event":"Found credentials in shared credentials file: ~/.aws/credentials","logger":"botocore.credentials","filename":"credentials.py","lineno":1364}
{"timestamp":"2026-03-02T02:06:47.907512Z","level":"warning","event":"The `airflow.decorators.task` attribute is deprecated. Please use `'airflow.sdk.task'`.","category":"DeprecatedImportWarning","filename":"/opt/airflow/dags/ETL_Step_1_DynamoDB_S3.py","lineno":10,"logger":"py.warnings"}
{"timestamp":"2026-03-02T02:06:47.907651Z","level":"warning","event":"The `airflow.operators.python.get_current_context` attribute is deprecated. Please use `'airflow.sdk.get_current_context'`.","category":"DeprecatedImportWarning","filename":"/opt/airflow/dags/ETL_Step_1_DynamoDB_S3.py","lineno":12,"logger":"py.warnings"}
{"timestamp":"2026-03-02T02:07:17.964073Z","level":"info","event":"Filling up the DagBag from /opt/airflow/dags/ETL_Step_1_DynamoDB_S3.py","logger":"airflow.models.dagbag.DagBag","filename":"dagbag.py","lineno":593}
{"timestamp":"2026-03-02T02:07:18.718903Z","level":"info","event":"Found credentials in shared credentials file: ~/.aws/credentials","logger":"botocore.credentials","filename":"credentials.py","lineno":1364}
{"timestamp":"2026-03-02T02:07:18.847699Z","level":"warning","event":"The `airflow.decorators.task` attribute is deprecated. Please use `'airflow.sdk.task'`.","category":"DeprecatedImportWarning","filename":"/opt/airflow/dags/ETL_Step_1_DynamoDB_S3.py","lineno":10,"logger":"py.warnings"}
{"timestamp":"2026-03-02T02:07:18.847846Z","level":"warning","event":"The `airflow.operators.python.get_current_context` attribute is deprecated. Please use `'airflow.sdk.get_current_context'`.","category":"DeprecatedImportWarning","filename":"/opt/airflow/dags/ETL_Step_1_DynamoDB_S3.py","lineno":12,"logger":"py.warnings"}
{"timestamp":"2026-03-02T02:07:49.077729Z","level":"info","event":"Filling up the DagBag from /opt/airflow/dags/ETL_Step_1_DynamoDB_S3.py","logger":"airflow.models.dagbag.DagBag","filename":"dagbag.py","lineno":593}
{"timestamp":"2026-03-02T02:07:49.735147Z","level":"info","event":"Found credentials in shared credentials file: ~/.aws/credentials","logger":"botocore.credentials","filename":"credentials.py","lineno":1364}
{"timestamp":"2026-03-02T02:07:49.851278Z","level":"warning","event":"The `airflow.decorators.task` attribute is deprecated. Please use `'airflow.sdk.task'`.","category":"DeprecatedImportWarning","filename":"/opt/airflow/dags/ETL_Step_1_DynamoDB_S3.py","lineno":10,"logger":"py.warnings"}
{"timestamp":"2026-03-02T02:07:49.851401Z","level":"warning","event":"The `airflow.operators.python.get_current_context` attribute is deprecated. Please use `'airflow.sdk.get_current_context'`.","category":"DeprecatedImportWarning","filename":"/opt/airflow/dags/ETL_Step_1_DynamoDB_S3.py","lineno":12,"logger":"py.warnings"}
{"timestamp":"2026-03-02T02:08:20.076416Z","level":"info","event":"Filling up the DagBag from /opt/airflow/dags/ETL_Step_1_DynamoDB_S3.py","logger":"airflow.models.dagbag.DagBag","filename":"dagbag.py","lineno":593}
{"timestamp":"2026-03-02T02:08:20.779355Z","level":"info","event":"Found credentials in shared credentials file: ~/.aws/credentials","logger":"botocore.credentials","filename":"credentials.py","lineno":1364}
{"timestamp":"2026-03-02T02:08:20.915570Z","level":"warning","event":"The `airflow.decorators.task` attribute is deprecated. Please use `'airflow.sdk.task'`.","category":"DeprecatedImportWarning","filename":"/opt/airflow/dags/ETL_Step_1_DynamoDB_S3.py","lineno":10,"logger":"py.warnings"}
{"timestamp":"2026-03-02T02:08:20.915700Z","level":"warning","event":"The `airflow.operators.python.get_current_context` attribute is deprecated. Please use `'airflow.sdk.get_current_context'`.","category":"DeprecatedImportWarning","filename":"/opt/airflow/dags/ETL_Step_1_DynamoDB_S3.py","lineno":12,"logger":"py.warnings"}
{"timestamp":"2026-03-02T02:08:51.748506Z","level":"info","event":"Filling up the DagBag from /opt/airflow/dags/ETL_Step_1_DynamoDB_S3.py","logger":"airflow.models.dagbag.DagBag","filename":"dagbag.py","lineno":593}
{"timestamp":"2026-03-02T02:08:52.412764Z","level":"info","event":"Found credentials in shared credentials file: ~/.aws/credentials","logger":"botocore.credentials","filename":"credentials.py","lineno":1364}
{"timestamp":"2026-03-02T02:08:52.533678Z","level":"warning","event":"The `airflow.decorators.task` attribute is deprecated. Please use `'airflow.sdk.task'`.","category":"DeprecatedImportWarning","filename":"/opt/airflow/dags/ETL_Step_1_DynamoDB_S3.py","lineno":10,"logger":"py.warnings"}
{"timestamp":"2026-03-02T02:08:52.533815Z","level":"warning","event":"The `airflow.operators.python.get_current_context` attribute is deprecated. Please use `'airflow.sdk.get_current_context'`.","category":"DeprecatedImportWarning","filename":"/opt/airflow/dags/ETL_Step_1_DynamoDB_S3.py","lineno":12,"logger":"py.warnings"}
{"timestamp":"2026-03-02T02:09:22.765623Z","level":"info","event":"Filling up the DagBag from /opt/airflow/dags/ETL_Step_1_DynamoDB_S3.py","logger":"airflow.models.dagbag.DagBag","filename":"dagbag.py","lineno":593}
{"timestamp":"2026-03-02T02:09:23.496932Z","level":"info","event":"Found credentials in shared credentials file: ~/.aws/credentials","logger":"botocore.credentials","filename":"credentials.py","lineno":1364}
{"timestamp":"2026-03-02T02:09:23.625392Z","level":"warning","event":"The `airflow.decorators.task` attribute is deprecated. Please use `'airflow.sdk.task'`.","category":"DeprecatedImportWarning","filename":"/opt/airflow/dags/ETL_Step_1_DynamoDB_S3.py","lineno":10,"logger":"py.warnings"}
{"timestamp":"2026-03-02T02:09:23.625527Z","level":"warning","event":"The `airflow.operators.python.get_current_context` attribute is deprecated. Please use `'airflow.sdk.get_current_context'`.","category":"DeprecatedImportWarning","filename":"/opt/airflow/dags/ETL_Step_1_DynamoDB_S3.py","lineno":12,"logger":"py.warnings"}
{"timestamp":"2026-03-02T02:09:53.786261Z","level":"info","event":"Filling up the DagBag from /opt/airflow/dags/ETL_Step_1_DynamoDB_S3.py","logger":"airflow.models.dagbag.DagBag","filename":"dagbag.py","lineno":593}
{"timestamp":"2026-03-02T02:09:54.522181Z","level":"info","event":"Found credentials in shared credentials file: ~/.aws/credentials","logger":"botocore.credentials","filename":"credentials.py","lineno":1364}
{"timestamp":"2026-03-02T02:09:54.654959Z","level":"warning","event":"The `airflow.decorators.task` attribute is deprecated. Please use `'airflow.sdk.task'`.","category":"DeprecatedImportWarning","filename":"/opt/airflow/dags/ETL_Step_1_DynamoDB_S3.py","lineno":10,"logger":"py.warnings"}
{"timestamp":"2026-03-02T02:09:54.655111Z","level":"warning","event":"The `airflow.operators.python.get_current_context` attribute is deprecated. Please use `'airflow.sdk.get_current_context'`.","category":"DeprecatedImportWarning","filename":"/opt/airflow/dags/ETL_Step_1_DynamoDB_S3.py","lineno":12,"logger":"py.warnings"}
{"timestamp":"2026-03-02T02:10:24.831085Z","level":"info","event":"Filling up the DagBag from /opt/airflow/dags/ETL_Step_1_DynamoDB_S3.py","logger":"airflow.models.dagbag.DagBag","filename":"dagbag.py","lineno":593}
{"timestamp":"2026-03-02T02:10:25.478658Z","level":"info","event":"Found credentials in shared credentials file: ~/.aws/credentials","logger":"botocore.credentials","filename":"credentials.py","lineno":1364}
{"timestamp":"2026-03-02T02:10:25.599989Z","level":"warning","event":"The `airflow.decorators.task` attribute is deprecated. Please use `'airflow.sdk.task'`.","category":"DeprecatedImportWarning","filename":"/opt/airflow/dags/ETL_Step_1_DynamoDB_S3.py","lineno":10,"logger":"py.warnings"}
{"timestamp":"2026-03-02T02:10:25.600142Z","level":"warning","event":"The `airflow.operators.python.get_current_context` attribute is deprecated. Please use `'airflow.sdk.get_current_context'`.","category":"DeprecatedImportWarning","filename":"/opt/airflow/dags/ETL_Step_1_DynamoDB_S3.py","lineno":12,"logger":"py.warnings"}
{"timestamp":"2026-03-02T02:10:55.834967Z","level":"info","event":"Filling up the DagBag from /opt/airflow/dags/ETL_Step_1_DynamoDB_S3.py","logger":"airflow.models.dagbag.DagBag","filename":"dagbag.py","lineno":593}
{"timestamp":"2026-03-02T02:10:56.549778Z","level":"info","event":"Found credentials in shared credentials file: ~/.aws/credentials","logger":"botocore.credentials","filename":"credentials.py","lineno":1364}
{"timestamp":"2026-03-02T02:10:56.668732Z","level":"warning","event":"The `airflow.decorators.task` attribute is deprecated. Please use `'airflow.sdk.task'`.","category":"DeprecatedImportWarning","filename":"/opt/airflow/dags/ETL_Step_1_DynamoDB_S3.py","lineno":10,"logger":"py.warnings"}
{"timestamp":"2026-03-02T02:10:56.668887Z","level":"warning","event":"The `airflow.operators.python.get_current_context` attribute is deprecated. Please use `'airflow.sdk.get_current_context'`.","category":"DeprecatedImportWarning","filename":"/opt/airflow/dags/ETL_Step_1_DynamoDB_S3.py","lineno":12,"logger":"py.warnings"}
{"timestamp":"2026-03-02T02:11:26.880444Z","level":"info","event":"Filling up the DagBag from /opt/airflow/dags/ETL_Step_1_DynamoDB_S3.py","logger":"airflow.models.dagbag.DagBag","filename":"dagbag.py","lineno":593}
{"timestamp":"2026-03-02T02:11:27.623071Z","level":"info","event":"Found credentials in shared credentials file: ~/.aws/credentials","logger":"botocore.credentials","filename":"credentials.py","lineno":1364}
{"timestamp":"2026-03-02T02:11:27.746700Z","level":"warning","event":"The `airflow.decorators.task` attribute is deprecated. Please use `'airflow.sdk.task'`.","category":"DeprecatedImportWarning","filename":"/opt/airflow/dags/ETL_Step_1_DynamoDB_S3.py","lineno":10,"logger":"py.warnings"}
{"timestamp":"2026-03-02T02:11:27.746836Z","level":"warning","event":"The `airflow.operators.python.get_current_context` attribute is deprecated. Please use `'airflow.sdk.get_current_context'`.","category":"DeprecatedImportWarning","filename":"/opt/airflow/dags/ETL_Step_1_DynamoDB_S3.py","lineno":12,"logger":"py.warnings"}
{"timestamp":"2026-03-02T02:11:58.044462Z","level":"info","event":"Filling up the DagBag from /opt/airflow/dags/ETL_Step_1_DynamoDB_S3.py","logger":"airflow.models.dagbag.DagBag","filename":"dagbag.py","lineno":593}
{"timestamp":"2026-03-02T02:11:58.705179Z","level":"info","event":"Found credentials in shared credentials file: ~/.aws/credentials","logger":"botocore.credentials","filename":"credentials.py","lineno":1364}
{"timestamp":"2026-03-02T02:11:58.823741Z","level":"warning","event":"The `airflow.decorators.task` attribute is deprecated. Please use `'airflow.sdk.task'`.","category":"DeprecatedImportWarning","filename":"/opt/airflow/dags/ETL_Step_1_DynamoDB_S3.py","lineno":10,"logger":"py.warnings"}
{"timestamp":"2026-03-02T02:11:58.823879Z","level":"warning","event":"The `airflow.operators.python.get_current_context` attribute is deprecated. Please use `'airflow.sdk.get_current_context'`.","category":"DeprecatedImportWarning","filename":"/opt/airflow/dags/ETL_Step_1_DynamoDB_S3.py","lineno":12,"logger":"py.warnings"}
{"timestamp":"2026-03-02T02:12:29.264213Z","level":"info","event":"Filling up the DagBag from /opt/airflow/dags/ETL_Step_1_DynamoDB_S3.py","logger":"airflow.models.dagbag.DagBag","filename":"dagbag.py","lineno":593}
{"timestamp":"2026-03-02T02:12:29.900466Z","level":"info","event":"Found credentials in shared credentials file: ~/.aws/credentials","logger":"botocore.credentials","filename":"credentials.py","lineno":1364}
{"timestamp":"2026-03-02T02:12:30.011854Z","level":"warning","event":"The `airflow.decorators.task` attribute is deprecated. Please use `'airflow.sdk.task'`.","category":"DeprecatedImportWarning","filename":"/opt/airflow/dags/ETL_Step_1_DynamoDB_S3.py","lineno":10,"logger":"py.warnings"}
{"timestamp":"2026-03-02T02:12:30.012004Z","level":"warning","event":"The `airflow.operators.python.get_current_context` attribute is deprecated. Please use `'airflow.sdk.get_current_context'`.","category":"DeprecatedImportWarning","filename":"/opt/airflow/dags/ETL_Step_1_DynamoDB_S3.py","lineno":12,"logger":"py.warnings"}
{"timestamp":"2026-03-02T02:13:00.990002Z","level":"info","event":"Filling up the DagBag from /opt/airflow/dags/ETL_Step_1_DynamoDB_S3.py","logger":"airflow.models.dagbag.DagBag","filename":"dagbag.py","lineno":593}
{"timestamp":"2026-03-02T02:13:01.664968Z","level":"info","event":"Found credentials in shared credentials file: ~/.aws/credentials","logger":"botocore.credentials","filename":"credentials.py","lineno":1364}
{"timestamp":"2026-03-02T02:13:01.786400Z","level":"warning","event":"The `airflow.decorators.task` attribute is deprecated. Please use `'airflow.sdk.task'`.","category":"DeprecatedImportWarning","filename":"/opt/airflow/dags/ETL_Step_1_DynamoDB_S3.py","lineno":10,"logger":"py.warnings"}
{"timestamp":"2026-03-02T02:13:01.786548Z","level":"warning","event":"The `airflow.operators.python.get_current_context` attribute is deprecated. Please use `'airflow.sdk.get_current_context'`.","category":"DeprecatedImportWarning","filename":"/opt/airflow/dags/ETL_Step_1_DynamoDB_S3.py","lineno":12,"logger":"py.warnings"}
{"timestamp":"2026-03-02T02:13:31.864534Z","level":"info","event":"Filling up the DagBag from /opt/airflow/dags/ETL_Step_1_DynamoDB_S3.py","logger":"airflow.models.dagbag.DagBag","filename":"dagbag.py","lineno":593}
{"timestamp":"2026-03-02T02:13:32.531373Z","level":"info","event":"Found credentials in shared credentials file: ~/.aws/credentials","logger":"botocore.credentials","filename":"credentials.py","lineno":1364}
{"timestamp":"2026-03-02T02:13:32.644503Z","level":"warning","event":"The `airflow.decorators.task` attribute is deprecated. Please use `'airflow.sdk.task'`.","category":"DeprecatedImportWarning","filename":"/opt/airflow/dags/ETL_Step_1_DynamoDB_S3.py","lineno":10,"logger":"py.warnings"}
{"timestamp":"2026-03-02T02:13:32.644631Z","level":"warning","event":"The `airflow.operators.python.get_current_context` attribute is deprecated. Please use `'airflow.sdk.get_current_context'`.","category":"DeprecatedImportWarning","filename":"/opt/airflow/dags/ETL_Step_1_DynamoDB_S3.py","lineno":12,"logger":"py.warnings"}
{"timestamp":"2026-03-02T02:14:02.780109Z","level":"info","event":"Filling up the DagBag from /opt/airflow/dags/ETL_Step_1_DynamoDB_S3.py","logger":"airflow.models.dagbag.DagBag","filename":"dagbag.py","lineno":593}
{"timestamp":"2026-03-02T02:14:03.457466Z","level":"info","event":"Found credentials in shared credentials file: ~/.aws/credentials","logger":"botocore.credentials","filename":"credentials.py","lineno":1364}
{"timestamp":"2026-03-02T02:14:03.590407Z","level":"warning","event":"The `airflow.decorators.task` attribute is deprecated. Please use `'airflow.sdk.task'`.","category":"DeprecatedImportWarning","filename":"/opt/airflow/dags/ETL_Step_1_DynamoDB_S3.py","lineno":10,"logger":"py.warnings"}
{"timestamp":"2026-03-02T02:14:03.590622Z","level":"warning","event":"The `airflow.operators.python.get_current_context` attribute is deprecated. Please use `'airflow.sdk.get_current_context'`.","category":"DeprecatedImportWarning","filename":"/opt/airflow/dags/ETL_Step_1_DynamoDB_S3.py","lineno":12,"logger":"py.warnings"}
{"timestamp":"2026-03-02T02:14:33.670790Z","level":"info","event":"Filling up the DagBag from /opt/airflow/dags/ETL_Step_1_DynamoDB_S3.py","logger":"airflow.models.dagbag.DagBag","filename":"dagbag.py","lineno":593}
{"timestamp":"2026-03-02T02:14:34.452468Z","level":"info","event":"Found credentials in shared credentials file: ~/.aws/credentials","logger":"botocore.credentials","filename":"credentials.py","lineno":1364}
{"timestamp":"2026-03-02T02:14:34.581466Z","level":"warning","event":"The `airflow.decorators.task` attribute is deprecated. Please use `'airflow.sdk.task'`.","category":"DeprecatedImportWarning","filename":"/opt/airflow/dags/ETL_Step_1_DynamoDB_S3.py","lineno":10,"logger":"py.warnings"}
{"timestamp":"2026-03-02T02:14:34.581694Z","level":"warning","event":"The `airflow.operators.python.get_current_context` attribute is deprecated. Please use `'airflow.sdk.get_current_context'`.","category":"DeprecatedImportWarning","filename":"/opt/airflow/dags/ETL_Step_1_DynamoDB_S3.py","lineno":12,"logger":"py.warnings"}
{"timestamp":"2026-03-02T02:15:04.753024Z","level":"info","event":"Filling up the DagBag from /opt/airflow/dags/ETL_Step_1_DynamoDB_S3.py","logger":"airflow.models.dagbag.DagBag","filename":"dagbag.py","lineno":593}
{"timestamp":"2026-03-02T02:15:05.394611Z","level":"info","event":"Found credentials in shared credentials file: ~/.aws/credentials","logger":"botocore.credentials","filename":"credentials.py","lineno":1364}
{"timestamp":"2026-03-02T02:15:05.517675Z","level":"warning","event":"The `airflow.decorators.task` attribute is deprecated. Please use `'airflow.sdk.task'`.","category":"DeprecatedImportWarning","filename":"/opt/airflow/dags/ETL_Step_1_DynamoDB_S3.py","lineno":10,"logger":"py.warnings"}
{"timestamp":"2026-03-02T02:15:05.517904Z","level":"warning","event":"The `airflow.operators.python.get_current_context` attribute is deprecated. Please use `'airflow.sdk.get_current_context'`.","category":"DeprecatedImportWarning","filename":"/opt/airflow/dags/ETL_Step_1_DynamoDB_S3.py","lineno":12,"logger":"py.warnings"}
{"timestamp":"2026-03-02T02:15:35.740851Z","level":"info","event":"Filling up the DagBag from /opt/airflow/dags/ETL_Step_1_DynamoDB_S3.py","logger":"airflow.models.dagbag.DagBag","filename":"dagbag.py","lineno":593}
{"timestamp":"2026-03-02T02:15:36.352363Z","level":"info","event":"Found credentials in shared credentials file: ~/.aws/credentials","logger":"botocore.credentials","filename":"credentials.py","lineno":1364}
{"timestamp":"2026-03-02T02:15:36.468159Z","level":"warning","event":"The `airflow.decorators.task` attribute is deprecated. Please use `'airflow.sdk.task'`.","category":"DeprecatedImportWarning","filename":"/opt/airflow/dags/ETL_Step_1_DynamoDB_S3.py","lineno":10,"logger":"py.warnings"}
{"timestamp":"2026-03-02T02:15:36.468285Z","level":"warning","event":"The `airflow.operators.python.get_current_context` attribute is deprecated. Please use `'airflow.sdk.get_current_context'`.","category":"DeprecatedImportWarning","filename":"/opt/airflow/dags/ETL_Step_1_DynamoDB_S3.py","lineno":12,"logger":"py.warnings"}
{"timestamp":"2026-03-02T02:16:07.401151Z","level":"info","event":"Filling up the DagBag from /opt/airflow/dags/ETL_Step_1_DynamoDB_S3.py","logger":"airflow.models.dagbag.DagBag","filename":"dagbag.py","lineno":593}
{"timestamp":"2026-03-02T02:16:08.102881Z","level":"info","event":"Found credentials in shared credentials file: ~/.aws/credentials","logger":"botocore.credentials","filename":"credentials.py","lineno":1364}
{"timestamp":"2026-03-02T02:16:08.239288Z","level":"warning","event":"The `airflow.decorators.task` attribute is deprecated. Please use `'airflow.sdk.task'`.","category":"DeprecatedImportWarning","filename":"/opt/airflow/dags/ETL_Step_1_DynamoDB_S3.py","lineno":10,"logger":"py.warnings"}
{"timestamp":"2026-03-02T02:16:08.239458Z","level":"warning","event":"The `airflow.operators.python.get_current_context` attribute is deprecated. Please use `'airflow.sdk.get_current_context'`.","category":"DeprecatedImportWarning","filename":"/opt/airflow/dags/ETL_Step_1_DynamoDB_S3.py","lineno":12,"logger":"py.warnings"}
{"timestamp":"2026-03-02T02:16:38.636096Z","level":"info","event":"Filling up the DagBag from /opt/airflow/dags/ETL_Step_1_DynamoDB_S3.py","logger":"airflow.models.dagbag.DagBag","filename":"dagbag.py","lineno":593}
{"timestamp":"2026-03-02T02:16:39.371659Z","level":"info","event":"Found credentials in shared credentials file: ~/.aws/credentials","logger":"botocore.credentials","filename":"credentials.py","lineno":1364}
{"timestamp":"2026-03-02T02:16:39.489615Z","level":"warning","event":"The `airflow.decorators.task` attribute is deprecated. Please use `'airflow.sdk.task'`.","category":"DeprecatedImportWarning","filename":"/opt/airflow/dags/ETL_Step_1_DynamoDB_S3.py","lineno":10,"logger":"py.warnings"}
{"timestamp":"2026-03-02T02:16:39.489709Z","level":"warning","event":"The `airflow.operators.python.get_current_context` attribute is deprecated. Please use `'airflow.sdk.get_current_context'`.","category":"DeprecatedImportWarning","filename":"/opt/airflow/dags/ETL_Step_1_DynamoDB_S3.py","lineno":12,"logger":"py.warnings"}
{"timestamp":"2026-03-02T02:17:09.589340Z","level":"info","event":"Filling up the DagBag from /opt/airflow/dags/ETL_Step_1_DynamoDB_S3.py","logger":"airflow.models.dagbag.DagBag","filename":"dagbag.py","lineno":593}
{"timestamp":"2026-03-02T02:17:10.320241Z","level":"info","event":"Found credentials in shared credentials file: ~/.aws/credentials","logger":"botocore.credentials","filename":"credentials.py","lineno":1364}
{"timestamp":"2026-03-02T02:17:10.432713Z","level":"warning","event":"The `airflow.decorators.task` attribute is deprecated. Please use `'airflow.sdk.task'`.","category":"DeprecatedImportWarning","filename":"/opt/airflow/dags/ETL_Step_1_DynamoDB_S3.py","lineno":10,"logger":"py.warnings"}
{"timestamp":"2026-03-02T02:17:10.432850Z","level":"warning","event":"The `airflow.operators.python.get_current_context` attribute is deprecated. Please use `'airflow.sdk.get_current_context'`.","category":"DeprecatedImportWarning","filename":"/opt/airflow/dags/ETL_Step_1_DynamoDB_S3.py","lineno":12,"logger":"py.warnings"}
{"timestamp":"2026-03-02T02:17:40.589343Z","level":"info","event":"Filling up the DagBag from /opt/airflow/dags/ETL_Step_1_DynamoDB_S3.py","logger":"airflow.models.dagbag.DagBag","filename":"dagbag.py","lineno":593}
{"timestamp":"2026-03-02T02:17:41.206855Z","level":"info","event":"Found credentials in shared credentials file: ~/.aws/credentials","logger":"botocore.credentials","filename":"credentials.py","lineno":1364}
{"timestamp":"2026-03-02T02:17:41.318401Z","level":"warning","event":"The `airflow.decorators.task` attribute is deprecated. Please use `'airflow.sdk.task'`.","category":"DeprecatedImportWarning","filename":"/opt/airflow/dags/ETL_Step_1_DynamoDB_S3.py","lineno":10,"logger":"py.warnings"}
{"timestamp":"2026-03-02T02:17:41.318526Z","level":"warning","event":"The `airflow.operators.python.get_current_context` attribute is deprecated. Please use `'airflow.sdk.get_current_context'`.","category":"DeprecatedImportWarning","filename":"/opt/airflow/dags/ETL_Step_1_DynamoDB_S3.py","lineno":12,"logger":"py.warnings"}
{"timestamp":"2026-03-02T02:18:11.539310Z","level":"info","event":"Filling up the DagBag from /opt/airflow/dags/ETL_Step_1_DynamoDB_S3.py","logger":"airflow.models.dagbag.DagBag","filename":"dagbag.py","lineno":593}
{"timestamp":"2026-03-02T02:18:12.209084Z","level":"info","event":"Found credentials in shared credentials file: ~/.aws/credentials","logger":"botocore.credentials","filename":"credentials.py","lineno":1364}
{"timestamp":"2026-03-02T02:18:12.318212Z","level":"warning","event":"The `airflow.decorators.task` attribute is deprecated. Please use `'airflow.sdk.task'`.","category":"DeprecatedImportWarning","filename":"/opt/airflow/dags/ETL_Step_1_DynamoDB_S3.py","lineno":10,"logger":"py.warnings"}
{"timestamp":"2026-03-02T02:18:12.318339Z","level":"warning","event":"The `airflow.operators.python.get_current_context` attribute is deprecated. Please use `'airflow.sdk.get_current_context'`.","category":"DeprecatedImportWarning","filename":"/opt/airflow/dags/ETL_Step_1_DynamoDB_S3.py","lineno":12,"logger":"py.warnings"}
{"timestamp":"2026-03-02T02:18:42.552923Z","level":"info","event":"Filling up the DagBag from /opt/airflow/dags/ETL_Step_1_DynamoDB_S3.py","logger":"airflow.models.dagbag.DagBag","filename":"dagbag.py","lineno":593}
{"timestamp":"2026-03-02T02:18:43.184608Z","level":"info","event":"Found credentials in shared credentials file: ~/.aws/credentials","logger":"botocore.credentials","filename":"credentials.py","lineno":1364}
{"timestamp":"2026-03-02T02:18:43.309480Z","level":"warning","event":"The `airflow.decorators.task` attribute is deprecated. Please use `'airflow.sdk.task'`.","category":"DeprecatedImportWarning","filename":"/opt/airflow/dags/ETL_Step_1_DynamoDB_S3.py","lineno":10,"logger":"py.warnings"}
{"timestamp":"2026-03-02T02:18:43.309606Z","level":"warning","event":"The `airflow.operators.python.get_current_context` attribute is deprecated. Please use `'airflow.sdk.get_current_context'`.","category":"DeprecatedImportWarning","filename":"/opt/airflow/dags/ETL_Step_1_DynamoDB_S3.py","lineno":12,"logger":"py.warnings"}
{"timestamp":"2026-03-02T02:19:13.644953Z","level":"info","event":"Filling up the DagBag from /opt/airflow/dags/ETL_Step_1_DynamoDB_S3.py","logger":"airflow.models.dagbag.DagBag","filename":"dagbag.py","lineno":593}
{"timestamp":"2026-03-02T02:19:14.365507Z","level":"info","event":"Found credentials in shared credentials file: ~/.aws/credentials","logger":"botocore.credentials","filename":"credentials.py","lineno":1364}
{"timestamp":"2026-03-02T02:19:14.491824Z","level":"warning","event":"The `airflow.decorators.task` attribute is deprecated. Please use `'airflow.sdk.task'`.","category":"DeprecatedImportWarning","filename":"/opt/airflow/dags/ETL_Step_1_DynamoDB_S3.py","lineno":10,"logger":"py.warnings"}
{"timestamp":"2026-03-02T02:19:14.491978Z","level":"warning","event":"The `airflow.operators.python.get_current_context` attribute is deprecated. Please use `'airflow.sdk.get_current_context'`.","category":"DeprecatedImportWarning","filename":"/opt/airflow/dags/ETL_Step_1_DynamoDB_S3.py","lineno":12,"logger":"py.warnings"}
{"timestamp":"2026-03-02T02:19:44.680725Z","level":"info","event":"Filling up the DagBag from /opt/airflow/dags/ETL_Step_1_DynamoDB_S3.py","logger":"airflow.models.dagbag.DagBag","filename":"dagbag.py","lineno":593}
{"timestamp":"2026-03-02T02:19:45.377801Z","level":"info","event":"Found credentials in shared credentials file: ~/.aws/credentials","logger":"botocore.credentials","filename":"credentials.py","lineno":1364}
{"timestamp":"2026-03-02T02:19:45.491498Z","level":"warning","event":"The `airflow.decorators.task` attribute is deprecated. Please use `'airflow.sdk.task'`.","category":"DeprecatedImportWarning","filename":"/opt/airflow/dags/ETL_Step_1_DynamoDB_S3.py","lineno":10,"logger":"py.warnings"}
{"timestamp":"2026-03-02T02:19:45.491632Z","level":"warning","event":"The `airflow.operators.python.get_current_context` attribute is deprecated. Please use `'airflow.sdk.get_current_context'`.","category":"DeprecatedImportWarning","filename":"/opt/airflow/dags/ETL_Step_1_DynamoDB_S3.py","lineno":12,"logger":"py.warnings"}
{"timestamp":"2026-03-02T02:20:15.639034Z","level":"info","event":"Filling up the DagBag from /opt/airflow/dags/ETL_Step_1_DynamoDB_S3.py","logger":"airflow.models.dagbag.DagBag","filename":"dagbag.py","lineno":593}
{"timestamp":"2026-03-02T02:20:16.231017Z","level":"info","event":"Found credentials in shared credentials file: ~/.aws/credentials","logger":"botocore.credentials","filename":"credentials.py","lineno":1364}
{"timestamp":"2026-03-02T02:20:16.348659Z","level":"warning","event":"The `airflow.decorators.task` attribute is deprecated. Please use `'airflow.sdk.task'`.","category":"DeprecatedImportWarning","filename":"/opt/airflow/dags/ETL_Step_1_DynamoDB_S3.py","lineno":10,"logger":"py.warnings"}
{"timestamp":"2026-03-02T02:20:16.348782Z","level":"warning","event":"The `airflow.operators.python.get_current_context` attribute is deprecated. Please use `'airflow.sdk.get_current_context'`.","category":"DeprecatedImportWarning","filename":"/opt/airflow/dags/ETL_Step_1_DynamoDB_S3.py","lineno":12,"logger":"py.warnings"}
{"timestamp":"2026-03-02T02:20:46.501999Z","level":"info","event":"Filling up the DagBag from /opt/airflow/dags/ETL_Step_1_DynamoDB_S3.py","logger":"airflow.models.dagbag.DagBag","filename":"dagbag.py","lineno":593}
{"timestamp":"2026-03-02T02:20:47.201451Z","level":"info","event":"Found credentials in shared credentials file: ~/.aws/credentials","logger":"botocore.credentials","filename":"credentials.py","lineno":1364}
{"timestamp":"2026-03-02T02:20:47.327466Z","level":"warning","event":"The `airflow.decorators.task` attribute is deprecated. Please use `'airflow.sdk.task'`.","category":"DeprecatedImportWarning","filename":"/opt/airflow/dags/ETL_Step_1_DynamoDB_S3.py","lineno":10,"logger":"py.warnings"}
{"timestamp":"2026-03-02T02:20:47.327640Z","level":"warning","event":"The `airflow.operators.python.get_current_context` attribute is deprecated. Please use `'airflow.sdk.get_current_context'`.","category":"DeprecatedImportWarning","filename":"/opt/airflow/dags/ETL_Step_1_DynamoDB_S3.py","lineno":12,"logger":"py.warnings"}
{"timestamp":"2026-03-02T02:21:17.475034Z","level":"info","event":"Filling up the DagBag from /opt/airflow/dags/ETL_Step_1_DynamoDB_S3.py","logger":"airflow.models.dagbag.DagBag","filename":"dagbag.py","lineno":593}
{"timestamp":"2026-03-02T02:21:18.156217Z","level":"info","event":"Found credentials in shared credentials file: ~/.aws/credentials","logger":"botocore.credentials","filename":"credentials.py","lineno":1364}
{"timestamp":"2026-03-02T02:21:18.284844Z","level":"warning","event":"The `airflow.decorators.task` attribute is deprecated. Please use `'airflow.sdk.task'`.","category":"DeprecatedImportWarning","filename":"/opt/airflow/dags/ETL_Step_1_DynamoDB_S3.py","lineno":10,"logger":"py.warnings"}
{"timestamp":"2026-03-02T02:21:18.284992Z","level":"warning","event":"The `airflow.operators.python.get_current_context` attribute is deprecated. Please use `'airflow.sdk.get_current_context'`.","category":"DeprecatedImportWarning","filename":"/opt/airflow/dags/ETL_Step_1_DynamoDB_S3.py","lineno":12,"logger":"py.warnings"}
{"timestamp":"2026-03-02T02:21:48.414855Z","level":"info","event":"Filling up the DagBag from /opt/airflow/dags/ETL_Step_1_DynamoDB_S3.py","logger":"airflow.models.dagbag.DagBag","filename":"dagbag.py","lineno":593}
{"timestamp":"2026-03-02T02:21:49.047913Z","level":"info","event":"Found credentials in shared credentials file: ~/.aws/credentials","logger":"botocore.credentials","filename":"credentials.py","lineno":1364}
{"timestamp":"2026-03-02T02:21:49.171961Z","level":"warning","event":"The `airflow.decorators.task` attribute is deprecated. Please use `'airflow.sdk.task'`.","category":"DeprecatedImportWarning","filename":"/opt/airflow/dags/ETL_Step_1_DynamoDB_S3.py","lineno":10,"logger":"py.warnings"}
{"timestamp":"2026-03-02T02:21:49.172195Z","level":"warning","event":"The `airflow.operators.python.get_current_context` attribute is deprecated. Please use `'airflow.sdk.get_current_context'`.","category":"DeprecatedImportWarning","filename":"/opt/airflow/dags/ETL_Step_1_DynamoDB_S3.py","lineno":12,"logger":"py.warnings"}
{"timestamp":"2026-03-02T02:22:19.389956Z","level":"info","event":"Filling up the DagBag from /opt/airflow/dags/ETL_Step_1_DynamoDB_S3.py","logger":"airflow.models.dagbag.DagBag","filename":"dagbag.py","lineno":593}
{"timestamp":"2026-03-02T02:22:20.046366Z","level":"info","event":"Found credentials in shared credentials file: ~/.aws/credentials","logger":"botocore.credentials","filename":"credentials.py","lineno":1364}
{"timestamp":"2026-03-02T02:22:20.155643Z","level":"warning","event":"The `airflow.decorators.task` attribute is deprecated. Please use `'airflow.sdk.task'`.","category":"DeprecatedImportWarning","filename":"/opt/airflow/dags/ETL_Step_1_DynamoDB_S3.py","lineno":10,"logger":"py.warnings"}
{"timestamp":"2026-03-02T02:22:20.155767Z","level":"warning","event":"The `airflow.operators.python.get_current_context` attribute is deprecated. Please use `'airflow.sdk.get_current_context'`.","category":"DeprecatedImportWarning","filename":"/opt/airflow/dags/ETL_Step_1_DynamoDB_S3.py","lineno":12,"logger":"py.warnings"}
{"timestamp":"2026-03-02T02:22:50.246848Z","level":"info","event":"Filling up the DagBag from /opt/airflow/dags/ETL_Step_1_DynamoDB_S3.py","logger":"airflow.models.dagbag.DagBag","filename":"dagbag.py","lineno":593}
{"timestamp":"2026-03-02T02:22:50.870952Z","level":"info","event":"Found credentials in shared credentials file: ~/.aws/credentials","logger":"botocore.credentials","filename":"credentials.py","lineno":1364}
{"timestamp":"2026-03-02T02:22:50.979243Z","level":"warning","event":"The `airflow.decorators.task` attribute is deprecated. Please use `'airflow.sdk.task'`.","category":"DeprecatedImportWarning","filename":"/opt/airflow/dags/ETL_Step_1_DynamoDB_S3.py","lineno":10,"logger":"py.warnings"}
{"timestamp":"2026-03-02T02:22:50.979408Z","level":"warning","event":"The `airflow.operators.python.get_current_context` attribute is deprecated. Please use `'airflow.sdk.get_current_context'`.","category":"DeprecatedImportWarning","filename":"/opt/airflow/dags/ETL_Step_1_DynamoDB_S3.py","lineno":12,"logger":"py.warnings"}
{"timestamp":"2026-03-02T02:23:21.119505Z","level":"info","event":"Filling up the DagBag from /opt/airflow/dags/ETL_Step_1_DynamoDB_S3.py","logger":"airflow.models.dagbag.DagBag","filename":"dagbag.py","lineno":593}
{"timestamp":"2026-03-02T02:23:21.780176Z","level":"info","event":"Found credentials in shared credentials file: ~/.aws/credentials","logger":"botocore.credentials","filename":"credentials.py","lineno":1364}
{"timestamp":"2026-03-02T02:23:21.895563Z","level":"warning","event":"The `airflow.decorators.task` attribute is deprecated. Please use `'airflow.sdk.task'`.","category":"DeprecatedImportWarning","filename":"/opt/airflow/dags/ETL_Step_1_DynamoDB_S3.py","lineno":10,"logger":"py.warnings"}
{"timestamp":"2026-03-02T02:23:21.895698Z","level":"warning","event":"The `airflow.operators.python.get_current_context` attribute is deprecated. Please use `'airflow.sdk.get_current_context'`.","category":"DeprecatedImportWarning","filename":"/opt/airflow/dags/ETL_Step_1_DynamoDB_S3.py","lineno":12,"logger":"py.warnings"}
{"timestamp":"2026-03-02T02:23:51.976574Z","level":"info","event":"Filling up the DagBag from /opt/airflow/dags/ETL_Step_1_DynamoDB_S3.py","logger":"airflow.models.dagbag.DagBag","filename":"dagbag.py","lineno":593}
{"timestamp":"2026-03-02T02:23:52.644683Z","level":"info","event":"Found credentials in shared credentials file: ~/.aws/credentials","logger":"botocore.credentials","filename":"credentials.py","lineno":1364}
{"timestamp":"2026-03-02T02:23:52.760796Z","level":"warning","event":"The `airflow.decorators.task` attribute is deprecated. Please use `'airflow.sdk.task'`.","category":"DeprecatedImportWarning","filename":"/opt/airflow/dags/ETL_Step_1_DynamoDB_S3.py","lineno":10,"logger":"py.warnings"}
{"timestamp":"2026-03-02T02:23:52.760925Z","level":"warning","event":"The `airflow.operators.python.get_current_context` attribute is deprecated. Please use `'airflow.sdk.get_current_context'`.","category":"DeprecatedImportWarning","filename":"/opt/airflow/dags/ETL_Step_1_DynamoDB_S3.py","lineno":12,"logger":"py.warnings"}
{"timestamp":"2026-03-02T02:24:22.867116Z","level":"info","event":"Filling up the DagBag from /opt/airflow/dags/ETL_Step_1_DynamoDB_S3.py","logger":"airflow.models.dagbag.DagBag","filename":"dagbag.py","lineno":593}
{"timestamp":"2026-03-02T02:24:23.502247Z","level":"info","event":"Found credentials in shared credentials file: ~/.aws/credentials","logger":"botocore.credentials","filename":"credentials.py","lineno":1364}
{"timestamp":"2026-03-02T02:24:23.604624Z","level":"warning","event":"The `airflow.decorators.task` attribute is deprecated. Please use `'airflow.sdk.task'`.","category":"DeprecatedImportWarning","filename":"/opt/airflow/dags/ETL_Step_1_DynamoDB_S3.py","lineno":10,"logger":"py.warnings"}
{"timestamp":"2026-03-02T02:24:23.604751Z","level":"warning","event":"The `airflow.operators.python.get_current_context` attribute is deprecated. Please use `'airflow.sdk.get_current_context'`.","category":"DeprecatedImportWarning","filename":"/opt/airflow/dags/ETL_Step_1_DynamoDB_S3.py","lineno":12,"logger":"py.warnings"}
{"timestamp":"2026-03-02T02:24:53.744331Z","level":"info","event":"Filling up the DagBag from /opt/airflow/dags/ETL_Step_1_DynamoDB_S3.py","logger":"airflow.models.dagbag.DagBag","filename":"dagbag.py","lineno":593}
{"timestamp":"2026-03-02T02:24:54.359879Z","level":"info","event":"Found credentials in shared credentials file: ~/.aws/credentials","logger":"botocore.credentials","filename":"credentials.py","lineno":1364}
{"timestamp":"2026-03-02T02:24:54.501192Z","level":"warning","event":"The `airflow.decorators.task` attribute is deprecated. Please use `'airflow.sdk.task'`.","category":"DeprecatedImportWarning","filename":"/opt/airflow/dags/ETL_Step_1_DynamoDB_S3.py","lineno":10,"logger":"py.warnings"}
{"timestamp":"2026-03-02T02:24:54.501337Z","level":"warning","event":"The `airflow.operators.python.get_current_context` attribute is deprecated. Please use `'airflow.sdk.get_current_context'`.","category":"DeprecatedImportWarning","filename":"/opt/airflow/dags/ETL_Step_1_DynamoDB_S3.py","lineno":12,"logger":"py.warnings"}
{"timestamp":"2026-03-02T02:25:24.609538Z","level":"info","event":"Filling up the DagBag from /opt/airflow/dags/ETL_Step_1_DynamoDB_S3.py","logger":"airflow.models.dagbag.DagBag","filename":"dagbag.py","lineno":593}
{"timestamp":"2026-03-02T02:25:25.289093Z","level":"info","event":"Found credentials in shared credentials file: ~/.aws/credentials","logger":"botocore.credentials","filename":"credentials.py","lineno":1364}
{"timestamp":"2026-03-02T02:25:25.395483Z","level":"warning","event":"The `airflow.decorators.task` attribute is deprecated. Please use `'airflow.sdk.task'`.","category":"DeprecatedImportWarning","filename":"/opt/airflow/dags/ETL_Step_1_DynamoDB_S3.py","lineno":10,"logger":"py.warnings"}
{"timestamp":"2026-03-02T02:25:25.395608Z","level":"warning","event":"The `airflow.operators.python.get_current_context` attribute is deprecated. Please use `'airflow.sdk.get_current_context'`.","category":"DeprecatedImportWarning","filename":"/opt/airflow/dags/ETL_Step_1_DynamoDB_S3.py","lineno":12,"logger":"py.warnings"}
{"timestamp":"2026-03-02T02:25:55.537210Z","level":"info","event":"Filling up the DagBag from /opt/airflow/dags/ETL_Step_1_DynamoDB_S3.py","logger":"airflow.models.dagbag.DagBag","filename":"dagbag.py","lineno":593}
{"timestamp":"2026-03-02T02:25:56.166080Z","level":"info","event":"Found credentials in shared credentials file: ~/.aws/credentials","logger":"botocore.credentials","filename":"credentials.py","lineno":1364}
{"timestamp":"2026-03-02T02:25:56.271287Z","level":"warning","event":"The `airflow.decorators.task` attribute is deprecated. Please use `'airflow.sdk.task'`.","category":"DeprecatedImportWarning","filename":"/opt/airflow/dags/ETL_Step_1_DynamoDB_S3.py","lineno":10,"logger":"py.warnings"}
{"timestamp":"2026-03-02T02:25:56.271414Z","level":"warning","event":"The `airflow.operators.python.get_current_context` attribute is deprecated. Please use `'airflow.sdk.get_current_context'`.","category":"DeprecatedImportWarning","filename":"/opt/airflow/dags/ETL_Step_1_DynamoDB_S3.py","lineno":12,"logger":"py.warnings"}
{"timestamp":"2026-03-02T02:26:26.420685Z","level":"info","event":"Filling up the DagBag from /opt/airflow/dags/ETL_Step_1_DynamoDB_S3.py","logger":"airflow.models.dagbag.DagBag","filename":"dagbag.py","lineno":593}
{"timestamp":"2026-03-02T02:26:27.102696Z","level":"info","event":"Found credentials in shared credentials file: ~/.aws/credentials","logger":"botocore.credentials","filename":"credentials.py","lineno":1364}
{"timestamp":"2026-03-02T02:26:27.230003Z","level":"warning","event":"The `airflow.decorators.task` attribute is deprecated. Please use `'airflow.sdk.task'`.","category":"DeprecatedImportWarning","filename":"/opt/airflow/dags/ETL_Step_1_DynamoDB_S3.py","lineno":10,"logger":"py.warnings"}
{"timestamp":"2026-03-02T02:26:27.230147Z","level":"warning","event":"The `airflow.operators.python.get_current_context` attribute is deprecated. Please use `'airflow.sdk.get_current_context'`.","category":"DeprecatedImportWarning","filename":"/opt/airflow/dags/ETL_Step_1_DynamoDB_S3.py","lineno":12,"logger":"py.warnings"}
{"timestamp":"2026-03-02T02:26:57.299974Z","level":"info","event":"Filling up the DagBag from /opt/airflow/dags/ETL_Step_1_DynamoDB_S3.py","logger":"airflow.models.dagbag.DagBag","filename":"dagbag.py","lineno":593}
{"timestamp":"2026-03-02T02:26:57.945677Z","level":"info","event":"Found credentials in shared credentials file: ~/.aws/credentials","logger":"botocore.credentials","filename":"credentials.py","lineno":1364}
{"timestamp":"2026-03-02T02:26:58.061001Z","level":"warning","event":"The `airflow.decorators.task` attribute is deprecated. Please use `'airflow.sdk.task'`.","category":"DeprecatedImportWarning","filename":"/opt/airflow/dags/ETL_Step_1_DynamoDB_S3.py","lineno":10,"logger":"py.warnings"}
{"timestamp":"2026-03-02T02:26:58.061132Z","level":"warning","event":"The `airflow.operators.python.get_current_context` attribute is deprecated. Please use `'airflow.sdk.get_current_context'`.","category":"DeprecatedImportWarning","filename":"/opt/airflow/dags/ETL_Step_1_DynamoDB_S3.py","lineno":12,"logger":"py.warnings"}
{"timestamp":"2026-03-02T02:27:28.211348Z","level":"info","event":"Filling up the DagBag from /opt/airflow/dags/ETL_Step_1_DynamoDB_S3.py","logger":"airflow.models.dagbag.DagBag","filename":"dagbag.py","lineno":593}
{"timestamp":"2026-03-02T02:27:28.824348Z","level":"info","event":"Found credentials in shared credentials file: ~/.aws/credentials","logger":"botocore.credentials","filename":"credentials.py","lineno":1364}
{"timestamp":"2026-03-02T02:27:28.930680Z","level":"warning","event":"The `airflow.decorators.task` attribute is deprecated. Please use `'airflow.sdk.task'`.","category":"DeprecatedImportWarning","filename":"/opt/airflow/dags/ETL_Step_1_DynamoDB_S3.py","lineno":10,"logger":"py.warnings"}
{"timestamp":"2026-03-02T02:27:28.930811Z","level":"warning","event":"The `airflow.operators.python.get_current_context` attribute is deprecated. Please use `'airflow.sdk.get_current_context'`.","category":"DeprecatedImportWarning","filename":"/opt/airflow/dags/ETL_Step_1_DynamoDB_S3.py","lineno":12,"logger":"py.warnings"}
{"timestamp":"2026-03-02T02:27:59.008712Z","level":"info","event":"Filling up the DagBag from /opt/airflow/dags/ETL_Step_1_DynamoDB_S3.py","logger":"airflow.models.dagbag.DagBag","filename":"dagbag.py","lineno":593}
{"timestamp":"2026-03-02T02:27:59.649616Z","level":"info","event":"Found credentials in shared credentials file: ~/.aws/credentials","logger":"botocore.credentials","filename":"credentials.py","lineno":1364}
{"timestamp":"2026-03-02T02:27:59.756426Z","level":"warning","event":"The `airflow.decorators.task` attribute is deprecated. Please use `'airflow.sdk.task'`.","category":"DeprecatedImportWarning","filename":"/opt/airflow/dags/ETL_Step_1_DynamoDB_S3.py","lineno":10,"logger":"py.warnings"}
{"timestamp":"2026-03-02T02:27:59.756554Z","level":"warning","event":"The `airflow.operators.python.get_current_context` attribute is deprecated. Please use `'airflow.sdk.get_current_context'`.","category":"DeprecatedImportWarning","filename":"/opt/airflow/dags/ETL_Step_1_DynamoDB_S3.py","lineno":12,"logger":"py.warnings"}
{"timestamp":"2026-03-02T02:28:29.983879Z","level":"info","event":"Filling up the DagBag from /opt/airflow/dags/ETL_Step_1_DynamoDB_S3.py","logger":"airflow.models.dagbag.DagBag","filename":"dagbag.py","lineno":593}
{"timestamp":"2026-03-02T02:28:30.604035Z","level":"info","event":"Found credentials in shared credentials file: ~/.aws/credentials","logger":"botocore.credentials","filename":"credentials.py","lineno":1364}
{"timestamp":"2026-03-02T02:28:30.715632Z","level":"warning","event":"The `airflow.decorators.task` attribute is deprecated. Please use `'airflow.sdk.task'`.","category":"DeprecatedImportWarning","filename":"/opt/airflow/dags/ETL_Step_1_DynamoDB_S3.py","lineno":10,"logger":"py.warnings"}
{"timestamp":"2026-03-02T02:28:30.715762Z","level":"warning","event":"The `airflow.operators.python.get_current_context` attribute is deprecated. Please use `'airflow.sdk.get_current_context'`.","category":"DeprecatedImportWarning","filename":"/opt/airflow/dags/ETL_Step_1_DynamoDB_S3.py","lineno":12,"logger":"py.warnings"}
{"timestamp":"2026-03-02T02:29:00.849097Z","level":"info","event":"Filling up the DagBag from /opt/airflow/dags/ETL_Step_1_DynamoDB_S3.py","logger":"airflow.models.dagbag.DagBag","filename":"dagbag.py","lineno":593}
{"timestamp":"2026-03-02T02:29:01.468515Z","level":"info","event":"Found credentials in shared credentials file: ~/.aws/credentials","logger":"botocore.credentials","filename":"credentials.py","lineno":1364}
{"timestamp":"2026-03-02T02:29:01.579644Z","level":"warning","event":"The `airflow.decorators.task` attribute is deprecated. Please use `'airflow.sdk.task'`.","category":"DeprecatedImportWarning","filename":"/opt/airflow/dags/ETL_Step_1_DynamoDB_S3.py","lineno":10,"logger":"py.warnings"}
{"timestamp":"2026-03-02T02:29:01.579772Z","level":"warning","event":"The `airflow.operators.python.get_current_context` attribute is deprecated. Please use `'airflow.sdk.get_current_context'`.","category":"DeprecatedImportWarning","filename":"/opt/airflow/dags/ETL_Step_1_DynamoDB_S3.py","lineno":12,"logger":"py.warnings"}
{"timestamp":"2026-03-02T02:29:31.676510Z","level":"info","event":"Filling up the DagBag from /opt/airflow/dags/ETL_Step_1_DynamoDB_S3.py","logger":"airflow.models.dagbag.DagBag","filename":"dagbag.py","lineno":593}
{"timestamp":"2026-03-02T02:29:32.292067Z","level":"info","event":"Found credentials in shared credentials file: ~/.aws/credentials","logger":"botocore.credentials","filename":"credentials.py","lineno":1364}
{"timestamp":"2026-03-02T02:29:32.391117Z","level":"warning","event":"The `airflow.decorators.task` attribute is deprecated. Please use `'airflow.sdk.task'`.","category":"DeprecatedImportWarning","filename":"/opt/airflow/dags/ETL_Step_1_DynamoDB_S3.py","lineno":10,"logger":"py.warnings"}
{"timestamp":"2026-03-02T02:29:32.391238Z","level":"warning","event":"The `airflow.operators.python.get_current_context` attribute is deprecated. Please use `'airflow.sdk.get_current_context'`.","category":"DeprecatedImportWarning","filename":"/opt/airflow/dags/ETL_Step_1_DynamoDB_S3.py","lineno":12,"logger":"py.warnings"}
{"timestamp":"2026-03-02T02:30:02.479394Z","level":"info","event":"Filling up the DagBag from /opt/airflow/dags/ETL_Step_1_DynamoDB_S3.py","logger":"airflow.models.dagbag.DagBag","filename":"dagbag.py","lineno":593}
{"timestamp":"2026-03-02T02:30:03.153138Z","level":"info","event":"Found credentials in shared credentials file: ~/.aws/credentials","logger":"botocore.credentials","filename":"credentials.py","lineno":1364}
{"timestamp":"2026-03-02T02:30:03.276905Z","level":"warning","event":"The `airflow.decorators.task` attribute is deprecated. Please use `'airflow.sdk.task'`.","category":"DeprecatedImportWarning","filename":"/opt/airflow/dags/ETL_Step_1_DynamoDB_S3.py","lineno":10,"logger":"py.warnings"}
{"timestamp":"2026-03-02T02:30:03.277044Z","level":"warning","event":"The `airflow.operators.python.get_current_context` attribute is deprecated. Please use `'airflow.sdk.get_current_context'`.","category":"DeprecatedImportWarning","filename":"/opt/airflow/dags/ETL_Step_1_DynamoDB_S3.py","lineno":12,"logger":"py.warnings"}
{"timestamp":"2026-03-02T02:30:33.344926Z","level":"info","event":"Filling up the DagBag from /opt/airflow/dags/ETL_Step_1_DynamoDB_S3.py","logger":"airflow.models.dagbag.DagBag","filename":"dagbag.py","lineno":593}
{"timestamp":"2026-03-02T02:30:33.961190Z","level":"info","event":"Found credentials in shared credentials file: ~/.aws/credentials","logger":"botocore.credentials","filename":"credentials.py","lineno":1364}
{"timestamp":"2026-03-02T02:30:34.065886Z","level":"warning","event":"The `airflow.decorators.task` attribute is deprecated. Please use `'airflow.sdk.task'`.","category":"DeprecatedImportWarning","filename":"/opt/airflow/dags/ETL_Step_1_DynamoDB_S3.py","lineno":10,"logger":"py.warnings"}
{"timestamp":"2026-03-02T02:30:34.066084Z","level":"warning","event":"The `airflow.operators.python.get_current_context` attribute is deprecated. Please use `'airflow.sdk.get_current_context'`.","category":"DeprecatedImportWarning","filename":"/opt/airflow/dags/ETL_Step_1_DynamoDB_S3.py","lineno":12,"logger":"py.warnings"}
{"timestamp":"2026-03-02T02:31:04.756600Z","level":"info","event":"Filling up the DagBag from /opt/airflow/dags/ETL_Step_1_DynamoDB_S3.py","logger":"airflow.models.dagbag.DagBag","filename":"dagbag.py","lineno":593}
{"timestamp":"2026-03-02T02:31:05.696684Z","level":"info","event":"Found credentials in shared credentials file: ~/.aws/credentials","logger":"botocore.credentials","filename":"credentials.py","lineno":1364}
{"timestamp":"2026-03-02T02:31:05.926987Z","level":"warning","event":"The `airflow.decorators.task` attribute is deprecated. Please use `'airflow.sdk.task'`.","category":"DeprecatedImportWarning","filename":"/opt/airflow/dags/ETL_Step_1_DynamoDB_S3.py","lineno":10,"logger":"py.warnings"}
{"timestamp":"2026-03-02T02:31:05.927121Z","level":"warning","event":"The `airflow.operators.python.get_current_context` attribute is deprecated. Please use `'airflow.sdk.get_current_context'`.","category":"DeprecatedImportWarning","filename":"/opt/airflow/dags/ETL_Step_1_DynamoDB_S3.py","lineno":12,"logger":"py.warnings"}
{"timestamp":"2026-03-02T02:31:36.105743Z","level":"info","event":"Filling up the DagBag from /opt/airflow/dags/ETL_Step_1_DynamoDB_S3.py","logger":"airflow.models.dagbag.DagBag","filename":"dagbag.py","lineno":593}
{"timestamp":"2026-03-02T02:31:36.762950Z","level":"info","event":"Found credentials in shared credentials file: ~/.aws/credentials","logger":"botocore.credentials","filename":"credentials.py","lineno":1364}
{"timestamp":"2026-03-02T02:31:36.879967Z","level":"warning","event":"The `airflow.decorators.task` attribute is deprecated. Please use `'airflow.sdk.task'`.","category":"DeprecatedImportWarning","filename":"/opt/airflow/dags/ETL_Step_1_DynamoDB_S3.py","lineno":10,"logger":"py.warnings"}
{"timestamp":"2026-03-02T02:31:36.880106Z","level":"warning","event":"The `airflow.operators.python.get_current_context` attribute is deprecated. Please use `'airflow.sdk.get_current_context'`.","category":"DeprecatedImportWarning","filename":"/opt/airflow/dags/ETL_Step_1_DynamoDB_S3.py","lineno":12,"logger":"py.warnings"}
{"timestamp":"2026-03-02T02:32:07.048850Z","level":"info","event":"Filling up the DagBag from /opt/airflow/dags/ETL_Step_1_DynamoDB_S3.py","logger":"airflow.models.dagbag.DagBag","filename":"dagbag.py","lineno":593}
{"timestamp":"2026-03-02T02:32:07.767994Z","level":"info","event":"Found credentials in shared credentials file: ~/.aws/credentials","logger":"botocore.credentials","filename":"credentials.py","lineno":1364}
{"timestamp":"2026-03-02T02:32:07.913984Z","level":"warning","event":"The `airflow.decorators.task` attribute is deprecated. Please use `'airflow.sdk.task'`.","category":"DeprecatedImportWarning","filename":"/opt/airflow/dags/ETL_Step_1_DynamoDB_S3.py","lineno":10,"logger":"py.warnings"}
{"timestamp":"2026-03-02T02:32:07.914132Z","level":"warning","event":"The `airflow.operators.python.get_current_context` attribute is deprecated. Please use `'airflow.sdk.get_current_context'`.","category":"DeprecatedImportWarning","filename":"/opt/airflow/dags/ETL_Step_1_DynamoDB_S3.py","lineno":12,"logger":"py.warnings"}
{"timestamp":"2026-03-02T02:32:38.171301Z","level":"info","event":"Filling up the DagBag from /opt/airflow/dags/ETL_Step_1_DynamoDB_S3.py","logger":"airflow.models.dagbag.DagBag","filename":"dagbag.py","lineno":593}
{"timestamp":"2026-03-02T02:32:38.843680Z","level":"info","event":"Found credentials in shared credentials file: ~/.aws/credentials","logger":"botocore.credentials","filename":"credentials.py","lineno":1364}
{"timestamp":"2026-03-02T02:32:38.968940Z","level":"warning","event":"The `airflow.decorators.task` attribute is deprecated. Please use `'airflow.sdk.task'`.","category":"DeprecatedImportWarning","filename":"/opt/airflow/dags/ETL_Step_1_DynamoDB_S3.py","lineno":10,"logger":"py.warnings"}
{"timestamp":"2026-03-02T02:32:38.969083Z","level":"warning","event":"The `airflow.operators.python.get_current_context` attribute is deprecated. Please use `'airflow.sdk.get_current_context'`.","category":"DeprecatedImportWarning","filename":"/opt/airflow/dags/ETL_Step_1_DynamoDB_S3.py","lineno":12,"logger":"py.warnings"}
{"timestamp":"2026-03-02T02:33:09.080408Z","level":"info","event":"Filling up the DagBag from /opt/airflow/dags/ETL_Step_1_DynamoDB_S3.py","logger":"airflow.models.dagbag.DagBag","filename":"dagbag.py","lineno":593}
{"timestamp":"2026-03-02T02:33:09.712050Z","level":"info","event":"Found credentials in shared credentials file: ~/.aws/credentials","logger":"botocore.credentials","filename":"credentials.py","lineno":1364}
{"timestamp":"2026-03-02T02:33:09.817887Z","level":"warning","event":"The `airflow.decorators.task` attribute is deprecated. Please use `'airflow.sdk.task'`.","category":"DeprecatedImportWarning","filename":"/opt/airflow/dags/ETL_Step_1_DynamoDB_S3.py","lineno":10,"logger":"py.warnings"}
{"timestamp":"2026-03-02T02:33:09.818241Z","level":"warning","event":"The `airflow.operators.python.get_current_context` attribute is deprecated. Please use `'airflow.sdk.get_current_context'`.","category":"DeprecatedImportWarning","filename":"/opt/airflow/dags/ETL_Step_1_DynamoDB_S3.py","lineno":12,"logger":"py.warnings"}
{"timestamp":"2026-03-02T02:33:39.938736Z","level":"info","event":"Filling up the DagBag from /opt/airflow/dags/ETL_Step_1_DynamoDB_S3.py","logger":"airflow.models.dagbag.DagBag","filename":"dagbag.py","lineno":593}
{"timestamp":"2026-03-02T02:33:40.540841Z","level":"info","event":"Found credentials in shared credentials file: ~/.aws/credentials","logger":"botocore.credentials","filename":"credentials.py","lineno":1364}
{"timestamp":"2026-03-02T02:33:40.641617Z","level":"warning","event":"The `airflow.decorators.task` attribute is deprecated. Please use `'airflow.sdk.task'`.","category":"DeprecatedImportWarning","filename":"/opt/airflow/dags/ETL_Step_1_DynamoDB_S3.py","lineno":10,"logger":"py.warnings"}
{"timestamp":"2026-03-02T02:33:40.641741Z","level":"warning","event":"The `airflow.operators.python.get_current_context` attribute is deprecated. Please use `'airflow.sdk.get_current_context'`.","category":"DeprecatedImportWarning","filename":"/opt/airflow/dags/ETL_Step_1_DynamoDB_S3.py","lineno":12,"logger":"py.warnings"}
{"timestamp":"2026-03-02T02:34:10.767155Z","level":"info","event":"Filling up the DagBag from /opt/airflow/dags/ETL_Step_1_DynamoDB_S3.py","logger":"airflow.models.dagbag.DagBag","filename":"dagbag.py","lineno":593}
{"timestamp":"2026-03-02T02:34:11.352445Z","level":"info","event":"Found credentials in shared credentials file: ~/.aws/credentials","logger":"botocore.credentials","filename":"credentials.py","lineno":1364}
{"timestamp":"2026-03-02T02:34:11.456670Z","level":"warning","event":"The `airflow.decorators.task` attribute is deprecated. Please use `'airflow.sdk.task'`.","category":"DeprecatedImportWarning","filename":"/opt/airflow/dags/ETL_Step_1_DynamoDB_S3.py","lineno":10,"logger":"py.warnings"}
{"timestamp":"2026-03-02T02:34:11.456792Z","level":"warning","event":"The `airflow.operators.python.get_current_context` attribute is deprecated. Please use `'airflow.sdk.get_current_context'`.","category":"DeprecatedImportWarning","filename":"/opt/airflow/dags/ETL_Step_1_DynamoDB_S3.py","lineno":12,"logger":"py.warnings"}
{"timestamp":"2026-03-02T02:34:41.620983Z","level":"info","event":"Filling up the DagBag from /opt/airflow/dags/ETL_Step_1_DynamoDB_S3.py","logger":"airflow.models.dagbag.DagBag","filename":"dagbag.py","lineno":593}
{"timestamp":"2026-03-02T02:34:42.314559Z","level":"info","event":"Found credentials in shared credentials file: ~/.aws/credentials","logger":"botocore.credentials","filename":"credentials.py","lineno":1364}
{"timestamp":"2026-03-02T02:34:42.448755Z","level":"warning","event":"The `airflow.decorators.task` attribute is deprecated. Please use `'airflow.sdk.task'`.","category":"DeprecatedImportWarning","filename":"/opt/airflow/dags/ETL_Step_1_DynamoDB_S3.py","lineno":10,"logger":"py.warnings"}
{"timestamp":"2026-03-02T02:34:42.448890Z","level":"warning","event":"The `airflow.operators.python.get_current_context` attribute is deprecated. Please use `'airflow.sdk.get_current_context'`.","category":"DeprecatedImportWarning","filename":"/opt/airflow/dags/ETL_Step_1_DynamoDB_S3.py","lineno":12,"logger":"py.warnings"}
{"timestamp":"2026-03-02T02:35:12.566336Z","level":"info","event":"Filling up the DagBag from /opt/airflow/dags/ETL_Step_1_DynamoDB_S3.py","logger":"airflow.models.dagbag.DagBag","filename":"dagbag.py","lineno":593}
{"timestamp":"2026-03-02T02:35:13.199426Z","level":"info","event":"Found credentials in shared credentials file: ~/.aws/credentials","logger":"botocore.credentials","filename":"credentials.py","lineno":1364}
{"timestamp":"2026-03-02T02:35:13.314166Z","level":"warning","event":"The `airflow.decorators.task` attribute is deprecated. Please use `'airflow.sdk.task'`.","category":"DeprecatedImportWarning","filename":"/opt/airflow/dags/ETL_Step_1_DynamoDB_S3.py","lineno":10,"logger":"py.warnings"}
{"timestamp":"2026-03-02T02:35:13.314288Z","level":"warning","event":"The `airflow.operators.python.get_current_context` attribute is deprecated. Please use `'airflow.sdk.get_current_context'`.","category":"DeprecatedImportWarning","filename":"/opt/airflow/dags/ETL_Step_1_DynamoDB_S3.py","lineno":12,"logger":"py.warnings"}
{"timestamp":"2026-03-02T02:35:43.488940Z","level":"info","event":"Filling up the DagBag from /opt/airflow/dags/ETL_Step_1_DynamoDB_S3.py","logger":"airflow.models.dagbag.DagBag","filename":"dagbag.py","lineno":593}
{"timestamp":"2026-03-02T02:35:44.115237Z","level":"info","event":"Found credentials in shared credentials file: ~/.aws/credentials","logger":"botocore.credentials","filename":"credentials.py","lineno":1364}
{"timestamp":"2026-03-02T02:35:44.223350Z","level":"warning","event":"The `airflow.decorators.task` attribute is deprecated. Please use `'airflow.sdk.task'`.","category":"DeprecatedImportWarning","filename":"/opt/airflow/dags/ETL_Step_1_DynamoDB_S3.py","lineno":10,"logger":"py.warnings"}
{"timestamp":"2026-03-02T02:35:44.223480Z","level":"warning","event":"The `airflow.operators.python.get_current_context` attribute is deprecated. Please use `'airflow.sdk.get_current_context'`.","category":"DeprecatedImportWarning","filename":"/opt/airflow/dags/ETL_Step_1_DynamoDB_S3.py","lineno":12,"logger":"py.warnings"}
{"timestamp":"2026-03-02T02:36:14.343230Z","level":"info","event":"Filling up the DagBag from /opt/airflow/dags/ETL_Step_1_DynamoDB_S3.py","logger":"airflow.models.dagbag.DagBag","filename":"dagbag.py","lineno":593}
{"timestamp":"2026-03-02T02:36:15.058204Z","level":"info","event":"Found credentials in shared credentials file: ~/.aws/credentials","logger":"botocore.credentials","filename":"credentials.py","lineno":1364}
{"timestamp":"2026-03-02T02:36:15.206697Z","level":"warning","event":"The `airflow.decorators.task` attribute is deprecated. Please use `'airflow.sdk.task'`.","category":"DeprecatedImportWarning","filename":"/opt/airflow/dags/ETL_Step_1_DynamoDB_S3.py","lineno":10,"logger":"py.warnings"}
{"timestamp":"2026-03-02T02:36:15.206849Z","level":"warning","event":"The `airflow.operators.python.get_current_context` attribute is deprecated. Please use `'airflow.sdk.get_current_context'`.","category":"DeprecatedImportWarning","filename":"/opt/airflow/dags/ETL_Step_1_DynamoDB_S3.py","lineno":12,"logger":"py.warnings"}
{"timestamp":"2026-03-02T02:36:45.428160Z","level":"info","event":"Filling up the DagBag from /opt/airflow/dags/ETL_Step_1_DynamoDB_S3.py","logger":"airflow.models.dagbag.DagBag","filename":"dagbag.py","lineno":593}
{"timestamp":"2026-03-02T02:36:46.085207Z","level":"info","event":"Found credentials in shared credentials file: ~/.aws/credentials","logger":"botocore.credentials","filename":"credentials.py","lineno":1364}
{"timestamp":"2026-03-02T02:36:46.216520Z","level":"warning","event":"The `airflow.decorators.task` attribute is deprecated. Please use `'airflow.sdk.task'`.","category":"DeprecatedImportWarning","filename":"/opt/airflow/dags/ETL_Step_1_DynamoDB_S3.py","lineno":10,"logger":"py.warnings"}
{"timestamp":"2026-03-02T02:36:46.216659Z","level":"warning","event":"The `airflow.operators.python.get_current_context` attribute is deprecated. Please use `'airflow.sdk.get_current_context'`.","category":"DeprecatedImportWarning","filename":"/opt/airflow/dags/ETL_Step_1_DynamoDB_S3.py","lineno":12,"logger":"py.warnings"}
{"timestamp":"2026-03-02T02:37:16.330253Z","level":"info","event":"Filling up the DagBag from /opt/airflow/dags/ETL_Step_1_DynamoDB_S3.py","logger":"airflow.models.dagbag.DagBag","filename":"dagbag.py","lineno":593}
{"timestamp":"2026-03-02T02:37:17.005814Z","level":"info","event":"Found credentials in shared credentials file: ~/.aws/credentials","logger":"botocore.credentials","filename":"credentials.py","lineno":1364}
{"timestamp":"2026-03-02T02:37:17.122096Z","level":"warning","event":"The `airflow.decorators.task` attribute is deprecated. Please use `'airflow.sdk.task'`.","category":"DeprecatedImportWarning","filename":"/opt/airflow/dags/ETL_Step_1_DynamoDB_S3.py","lineno":10,"logger":"py.warnings"}
{"timestamp":"2026-03-02T02:37:17.122228Z","level":"warning","event":"The `airflow.operators.python.get_current_context` attribute is deprecated. Please use `'airflow.sdk.get_current_context'`.","category":"DeprecatedImportWarning","filename":"/opt/airflow/dags/ETL_Step_1_DynamoDB_S3.py","lineno":12,"logger":"py.warnings"}
{"timestamp":"2026-03-02T02:37:47.314192Z","level":"info","event":"Filling up the DagBag from /opt/airflow/dags/ETL_Step_1_DynamoDB_S3.py","logger":"airflow.models.dagbag.DagBag","filename":"dagbag.py","lineno":593}
{"timestamp":"2026-03-02T02:37:47.966896Z","level":"info","event":"Found credentials in shared credentials file: ~/.aws/credentials","logger":"botocore.credentials","filename":"credentials.py","lineno":1364}
{"timestamp":"2026-03-02T02:37:48.095793Z","level":"warning","event":"The `airflow.decorators.task` attribute is deprecated. Please use `'airflow.sdk.task'`.","category":"DeprecatedImportWarning","filename":"/opt/airflow/dags/ETL_Step_1_DynamoDB_S3.py","lineno":10,"logger":"py.warnings"}
{"timestamp":"2026-03-02T02:37:48.095937Z","level":"warning","event":"The `airflow.operators.python.get_current_context` attribute is deprecated. Please use `'airflow.sdk.get_current_context'`.","category":"DeprecatedImportWarning","filename":"/opt/airflow/dags/ETL_Step_1_DynamoDB_S3.py","lineno":12,"logger":"py.warnings"}
{"timestamp":"2026-03-02T02:38:18.369139Z","level":"info","event":"Filling up the DagBag from /opt/airflow/dags/ETL_Step_1_DynamoDB_S3.py","logger":"airflow.models.dagbag.DagBag","filename":"dagbag.py","lineno":593}
{"timestamp":"2026-03-02T02:38:19.011810Z","level":"info","event":"Found credentials in shared credentials file: ~/.aws/credentials","logger":"botocore.credentials","filename":"credentials.py","lineno":1364}
{"timestamp":"2026-03-02T02:38:19.137457Z","level":"warning","event":"The `airflow.decorators.task` attribute is deprecated. Please use `'airflow.sdk.task'`.","category":"DeprecatedImportWarning","filename":"/opt/airflow/dags/ETL_Step_1_DynamoDB_S3.py","lineno":10,"logger":"py.warnings"}
{"timestamp":"2026-03-02T02:38:19.137591Z","level":"warning","event":"The `airflow.operators.python.get_current_context` attribute is deprecated. Please use `'airflow.sdk.get_current_context'`.","category":"DeprecatedImportWarning","filename":"/opt/airflow/dags/ETL_Step_1_DynamoDB_S3.py","lineno":12,"logger":"py.warnings"}
